2020-05-11 12:03:26.784 [main] DEBUG com.zt.ztgeoservice.ZtgeoserviceApplication - Running with Spring Boot v2.2.6.RELEASE, Spring v5.2.5.RELEASE
2020-05-11 12:08:51.871 [main] DEBUG com.zt.ztgeoservice.ZtgeoserviceApplication - Running with Spring Boot v2.2.6.RELEASE, Spring v5.2.5.RELEASE
2020-05-11 12:09:19.700 [main] DEBUG com.zt.ztgeoservice.ZtgeoserviceApplication - Running with Spring Boot v2.2.6.RELEASE, Spring v5.2.5.RELEASE
2020-05-11 12:14:21.190 [main] DEBUG com.zt.ztgeoservice.ZtgeoserviceApplication - Running with Spring Boot v2.2.6.RELEASE, Spring v5.2.5.RELEASE
2020-05-11 13:35:58.309 [main] DEBUG com.zt.ztgeoservice.ZtgeoserviceApplication - Running with Spring Boot v2.2.6.RELEASE, Spring v5.2.5.RELEASE
2020-05-11 13:44:04.191 [main] DEBUG com.zt.ztgeoservice.ZtgeoserviceApplication - Running with Spring Boot v2.2.6.RELEASE, Spring v5.2.5.RELEASE
2020-05-11 13:52:43.473 [main] DEBUG com.zt.ztgeoservice.ZtgeoserviceApplication - Running with Spring Boot v2.2.6.RELEASE, Spring v5.2.5.RELEASE
2020-05-11 13:53:08.342 [main] DEBUG com.zt.ztgeoservice.ZtgeoserviceApplication - Running with Spring Boot v2.2.6.RELEASE, Spring v5.2.5.RELEASE
2020-05-11 13:53:35.558 [http-nio-8080-exec-1] DEBUG com.zt.ztgeoservice.count.dao.CountDao.countCar - ==>  Preparing: SELECT count(*) as mycount,myhour FROM ( SELECT time,date_part('hour', time) as myhour FROM zts_parkingrecord WHERE ? <= time AND time < ? ) as hour_table GROUP BY myhour ORDER BY myhour ASC 
2020-05-11 13:53:35.569 [http-nio-8080-exec-1] DEBUG com.zt.ztgeoservice.count.dao.CountDao.countCar - ==> Parameters: null, null
2020-05-11 13:54:49.101 [main] DEBUG com.zt.ztgeoservice.ZtgeoserviceApplication - Running with Spring Boot v2.2.6.RELEASE, Spring v5.2.5.RELEASE
2020-05-11 13:55:11.721 [main] DEBUG com.zt.ztgeoservice.ZtgeoserviceApplication - Running with Spring Boot v2.2.6.RELEASE, Spring v5.2.5.RELEASE
2020-05-11 13:58:59.203 [main] DEBUG com.zt.ztgeoservice.ZtgeoserviceApplication - Running with Spring Boot v2.2.6.RELEASE, Spring v5.2.5.RELEASE
2020-05-11 14:02:05.184 [main] DEBUG com.zt.ztgeoservice.ZtgeoserviceApplication - Running with Spring Boot v2.2.6.RELEASE, Spring v5.2.5.RELEASE
2020-05-11 14:05:18.354 [main] DEBUG com.zt.ztgeoservice.ZtgeoserviceApplication - Running with Spring Boot v2.2.6.RELEASE, Spring v5.2.5.RELEASE
2020-05-11 14:06:28.643 [main] DEBUG com.zt.ztgeoservice.ZtgeoserviceApplication - Running with Spring Boot v2.2.6.RELEASE, Spring v5.2.5.RELEASE
2020-05-11 14:06:33.683 [http-nio-8080-exec-1] DEBUG com.zt.ztgeoservice.user.dao.UserDao.login - ==>  Preparing: SELECT id, username, password FROM zts_user order by id asc 
2020-05-11 14:06:33.693 [http-nio-8080-exec-1] DEBUG com.zt.ztgeoservice.user.dao.UserDao.login - ==> Parameters: 
2020-05-11 14:06:33.707 [http-nio-8080-exec-1] DEBUG com.zt.ztgeoservice.user.dao.UserDao.login - <==      Total: 0
2020-05-11 14:08:16.045 [main] DEBUG com.zt.ztgeoservice.ZtgeoserviceApplication - Running with Spring Boot v2.2.6.RELEASE, Spring v5.2.5.RELEASE
2020-05-11 14:08:21.358 [http-nio-8080-exec-1] DEBUG com.zt.ztgeoservice.user.dao.UserDao.login - ==>  Preparing: SELECT id, username, password FROM zts_user order by id asc 
2020-05-11 14:08:21.370 [http-nio-8080-exec-1] DEBUG com.zt.ztgeoservice.user.dao.UserDao.login - ==> Parameters: 
2020-05-11 14:08:21.381 [http-nio-8080-exec-1] DEBUG com.zt.ztgeoservice.user.dao.UserDao.login - <==      Total: 0
2020-05-11 14:09:19.496 [main] DEBUG com.zt.ztgeoservice.ZtgeoserviceApplication - Running with Spring Boot v2.2.6.RELEASE, Spring v5.2.5.RELEASE
2020-05-11 14:09:34.160 [http-nio-8080-exec-1] DEBUG com.zt.ztgeoservice.user.dao.UserDao.login - ==>  Preparing: SELECT id, username, password FROM zts_user order by id asc 
2020-05-11 14:09:34.170 [http-nio-8080-exec-1] DEBUG com.zt.ztgeoservice.user.dao.UserDao.login - ==> Parameters: 
2020-05-11 14:09:34.183 [http-nio-8080-exec-1] DEBUG com.zt.ztgeoservice.user.dao.UserDao.login - <==      Total: 0
2020-05-11 14:11:58.457 [main] DEBUG com.zt.ztgeoservice.ZtgeoserviceApplication - Running with Spring Boot v2.2.6.RELEASE, Spring v5.2.5.RELEASE
2020-05-11 14:12:20.699 [http-nio-8080-exec-7] DEBUG com.zt.ztgeoservice.user.dao.UserDao.login - ==>  Preparing: SELECT id, username, password FROM zts_user order by id asc 
2020-05-11 14:12:20.709 [http-nio-8080-exec-7] DEBUG com.zt.ztgeoservice.user.dao.UserDao.login - ==> Parameters: 
2020-05-11 14:12:20.719 [http-nio-8080-exec-7] DEBUG com.zt.ztgeoservice.user.dao.UserDao.login - <==      Total: 0
2020-05-11 14:14:52.292 [main] DEBUG com.zt.ztgeoservice.ZtgeoserviceApplication - Running with Spring Boot v2.2.6.RELEASE, Spring v5.2.5.RELEASE
2020-05-11 14:15:05.714 [http-nio-8080-exec-2] DEBUG com.zt.ztgeoservice.user.dao.UserDao.login - ==>  Preparing: SELECT id, username, password FROM zts_user order by id asc 
2020-05-11 14:15:05.723 [http-nio-8080-exec-2] DEBUG com.zt.ztgeoservice.user.dao.UserDao.login - ==> Parameters: 
2020-05-11 14:15:05.733 [http-nio-8080-exec-2] DEBUG com.zt.ztgeoservice.user.dao.UserDao.login - <==      Total: 0
2020-05-11 14:18:35.589 [main] DEBUG com.zt.ztgeoservice.ZtgeoserviceApplication - Running with Spring Boot v2.2.6.RELEASE, Spring v5.2.5.RELEASE
2020-05-11 14:18:43.179 [http-nio-8080-exec-1] DEBUG com.zt.ztgeoservice.user.dao.UserDao.login - ==>  Preparing: SELECT id, username, password FROM zts_user order by id asc 
2020-05-11 14:18:43.189 [http-nio-8080-exec-1] DEBUG com.zt.ztgeoservice.user.dao.UserDao.login - ==> Parameters: 
2020-05-11 14:18:43.203 [http-nio-8080-exec-1] DEBUG com.zt.ztgeoservice.user.dao.UserDao.login - <==      Total: 0
2020-05-11 14:18:44.977 [http-nio-8080-exec-2] DEBUG com.zt.ztgeoservice.user.dao.UserDao.login - ==>  Preparing: SELECT id, username, password FROM zts_user order by id asc 
2020-05-11 14:18:44.978 [http-nio-8080-exec-2] DEBUG com.zt.ztgeoservice.user.dao.UserDao.login - ==> Parameters: 
2020-05-11 14:18:44.980 [http-nio-8080-exec-2] DEBUG com.zt.ztgeoservice.user.dao.UserDao.login - <==      Total: 0
2020-05-11 14:24:54.245 [main] DEBUG com.zt.ztgeoservice.ZtgeoserviceApplication - Running with Spring Boot v2.2.6.RELEASE, Spring v5.2.5.RELEASE
2020-05-11 14:24:59.287 [http-nio-8080-exec-1] DEBUG com.zt.ztgeoservice.user.dao.UserDao.login - ==>  Preparing: SELECT id, username, password FROM zts_user order by id asc 
2020-05-11 14:24:59.296 [http-nio-8080-exec-1] DEBUG com.zt.ztgeoservice.user.dao.UserDao.login - ==> Parameters: 
2020-05-11 14:24:59.308 [http-nio-8080-exec-1] DEBUG com.zt.ztgeoservice.user.dao.UserDao.login - <==      Total: 0
2020-05-11 14:25:18.774 [main] DEBUG com.zt.ztgeoservice.ZtgeoserviceApplication - Running with Spring Boot v2.2.6.RELEASE, Spring v5.2.5.RELEASE
2020-05-11 14:25:23.735 [http-nio-8080-exec-2] DEBUG com.zt.ztgeoservice.user.dao.UserDao.login - ==>  Preparing: SELECT id, username, password FROM zts_user order by id asc 
2020-05-11 14:25:23.746 [http-nio-8080-exec-2] DEBUG com.zt.ztgeoservice.user.dao.UserDao.login - ==> Parameters: 
2020-05-11 14:25:23.758 [http-nio-8080-exec-2] DEBUG com.zt.ztgeoservice.user.dao.UserDao.login - <==      Total: 0
2020-05-11 14:25:46.753 [main] DEBUG com.zt.ztgeoservice.ZtgeoserviceApplication - Running with Spring Boot v2.2.6.RELEASE, Spring v5.2.5.RELEASE
2020-05-11 14:25:53.205 [http-nio-8080-exec-1] DEBUG com.zt.ztgeoservice.user.dao.UserDao.login - ==>  Preparing: SELECT id, username, password FROM zts_user order by id asc 
2020-05-11 14:25:53.214 [http-nio-8080-exec-1] DEBUG com.zt.ztgeoservice.user.dao.UserDao.login - ==> Parameters: 
2020-05-11 14:25:53.227 [http-nio-8080-exec-1] DEBUG com.zt.ztgeoservice.user.dao.UserDao.login - <==      Total: 0
2020-05-11 14:28:30.147 [http-nio-8080-exec-4] DEBUG com.zt.ztgeoservice.user.dao.UserDao.login - ==>  Preparing: SELECT id, username, password FROM zts_user order by id asc 
2020-05-11 14:28:30.148 [http-nio-8080-exec-4] DEBUG com.zt.ztgeoservice.user.dao.UserDao.login - ==> Parameters: 
2020-05-11 14:28:30.149 [http-nio-8080-exec-4] DEBUG com.zt.ztgeoservice.user.dao.UserDao.login - <==      Total: 0
2020-05-11 14:28:49.748 [main] DEBUG com.zt.ztgeoservice.ZtgeoserviceApplication - Running with Spring Boot v2.2.6.RELEASE, Spring v5.2.5.RELEASE
2020-05-11 14:29:35.076 [main] DEBUG com.zt.ztgeoservice.ZtgeoserviceApplication - Running with Spring Boot v2.2.6.RELEASE, Spring v5.2.5.RELEASE
2020-05-11 14:29:39.814 [http-nio-8080-exec-1] DEBUG com.zt.ztgeoservice.user.dao.UserDao.login - ==>  Preparing: SELECT id, username, password FROM zts_user order by id asc 
2020-05-11 14:29:39.824 [http-nio-8080-exec-1] DEBUG com.zt.ztgeoservice.user.dao.UserDao.login - ==> Parameters: 
2020-05-11 14:29:39.838 [http-nio-8080-exec-1] DEBUG com.zt.ztgeoservice.user.dao.UserDao.login - <==      Total: 0
2020-05-11 14:30:39.442 [main] DEBUG com.zt.ztgeoservice.ZtgeoserviceApplication - Running with Spring Boot v2.2.6.RELEASE, Spring v5.2.5.RELEASE
2020-05-11 14:30:45.308 [http-nio-8080-exec-1] DEBUG com.zt.ztgeoservice.user.dao.UserDao.login - ==>  Preparing: SELECT id, username, password FROM zts_user order by id asc 
2020-05-11 14:30:45.320 [http-nio-8080-exec-1] DEBUG com.zt.ztgeoservice.user.dao.UserDao.login - ==> Parameters: 
2020-05-11 14:30:45.331 [http-nio-8080-exec-1] DEBUG com.zt.ztgeoservice.user.dao.UserDao.login - <==      Total: 0
2020-05-11 14:48:34.266 [http-nio-8080-exec-4] DEBUG c.z.z.equipment.dao.EquiDao.queryEqui_COUNT - ==>  Preparing: SELECT count(0) FROM zts_camera WHERE 1 = 1 
2020-05-11 14:48:34.267 [http-nio-8080-exec-4] DEBUG c.z.z.equipment.dao.EquiDao.queryEqui_COUNT - ==> Parameters: 
2020-05-11 14:48:34.331 [http-nio-8080-exec-4] DEBUG c.z.z.equipment.dao.EquiDao.queryEqui_COUNT - <==      Total: 1
2020-05-11 14:48:34.332 [http-nio-8080-exec-4] DEBUG c.zt.ztgeoservice.equipment.dao.EquiDao.queryEqui - ==>  Preparing: SELECT id, eq_number, eq_name, "eq_creationTime", "eq_updateTime", eq_state, eq_type, eq_h_angle, eq_z_angle, eq_view_angle, geom FROM zts_camera /* LIMIT 5 OFFSET 0*/ WHERE 1=1 order by zts_camera.id asc LIMIT ? 
2020-05-11 14:48:34.333 [http-nio-8080-exec-4] DEBUG c.zt.ztgeoservice.equipment.dao.EquiDao.queryEqui - ==> Parameters: 10(Integer)
2020-05-11 14:48:34.357 [http-nio-8080-exec-4] DEBUG c.zt.ztgeoservice.equipment.dao.EquiDao.queryEqui - <==      Total: 7
2020-05-11 14:53:33.610 [main] DEBUG com.zt.ztgeoservice.ZtgeoserviceApplication - Running with Spring Boot v2.2.6.RELEASE, Spring v5.2.5.RELEASE
2020-05-11 14:53:37.891 [http-nio-8080-exec-1] DEBUG com.zt.ztgeoservice.user.dao.UserDao.login - ==>  Preparing: SELECT id, username, password FROM zts_user order by id asc 
2020-05-11 14:53:37.900 [http-nio-8080-exec-1] DEBUG com.zt.ztgeoservice.user.dao.UserDao.login - ==> Parameters: 
2020-05-11 14:53:37.913 [http-nio-8080-exec-1] DEBUG com.zt.ztgeoservice.user.dao.UserDao.login - <==      Total: 0
2020-05-11 14:55:32.393 [main] DEBUG com.zt.ztgeoservice.ZtgeoserviceApplication - Running with Spring Boot v2.2.6.RELEASE, Spring v5.2.5.RELEASE
2020-05-11 14:55:38.101 [http-nio-8080-exec-1] DEBUG com.zt.ztgeoservice.user.dao.UserDao.login - ==>  Preparing: SELECT id, username, password FROM zts_user order by id asc 
2020-05-11 14:55:38.111 [http-nio-8080-exec-1] DEBUG com.zt.ztgeoservice.user.dao.UserDao.login - ==> Parameters: 
2020-05-11 14:55:38.124 [http-nio-8080-exec-1] DEBUG com.zt.ztgeoservice.user.dao.UserDao.login - <==      Total: 0
2020-05-11 14:58:35.381 [main] DEBUG com.zt.ztgeoservice.ZtgeoserviceApplication - Running with Spring Boot v2.2.6.RELEASE, Spring v5.2.5.RELEASE
2020-05-11 14:58:42.484 [http-nio-8080-exec-1] DEBUG com.zt.ztgeoservice.user.dao.UserDao.login - ==>  Preparing: SELECT id, username, password FROM zts_user order by id asc 
2020-05-11 14:58:42.494 [http-nio-8080-exec-1] DEBUG com.zt.ztgeoservice.user.dao.UserDao.login - ==> Parameters: 
2020-05-11 14:58:42.507 [http-nio-8080-exec-1] DEBUG com.zt.ztgeoservice.user.dao.UserDao.login - <==      Total: 0
2020-05-11 15:00:00.276 [main] DEBUG com.zt.ztgeoservice.ZtgeoserviceApplication - Running with Spring Boot v2.2.6.RELEASE, Spring v5.2.5.RELEASE
2020-05-11 15:00:07.867 [http-nio-8080-exec-1] DEBUG com.zt.ztgeoservice.user.dao.UserDao.login - ==>  Preparing: SELECT id, username, password FROM zts_user order by id asc 
2020-05-11 15:00:07.878 [http-nio-8080-exec-1] DEBUG com.zt.ztgeoservice.user.dao.UserDao.login - ==> Parameters: 
2020-05-11 15:00:07.890 [http-nio-8080-exec-1] DEBUG com.zt.ztgeoservice.user.dao.UserDao.login - <==      Total: 0
2020-05-11 15:00:38.874 [main] DEBUG com.zt.ztgeoservice.ZtgeoserviceApplication - Running with Spring Boot v2.2.6.RELEASE, Spring v5.2.5.RELEASE
2020-05-11 15:00:44.545 [http-nio-8080-exec-1] DEBUG com.zt.ztgeoservice.user.dao.UserDao.login - ==>  Preparing: SELECT id, username, password FROM zts_user order by id asc 
2020-05-11 15:00:44.556 [http-nio-8080-exec-1] DEBUG com.zt.ztgeoservice.user.dao.UserDao.login - ==> Parameters: 
2020-05-11 15:00:44.566 [http-nio-8080-exec-1] DEBUG com.zt.ztgeoservice.user.dao.UserDao.login - <==      Total: 0
2020-05-11 15:03:47.997 [main] DEBUG com.zt.ztgeoservice.ZtgeoserviceApplication - Running with Spring Boot v2.2.6.RELEASE, Spring v5.2.5.RELEASE
2020-05-11 15:09:57.044 [http-nio-8080-exec-8] DEBUG com.zt.ztgeoservice.user.dao.UserDao.login - ==>  Preparing: SELECT id, username, password FROM zts_user order by id asc 
2020-05-11 15:09:57.053 [http-nio-8080-exec-8] DEBUG com.zt.ztgeoservice.user.dao.UserDao.login - ==> Parameters: 
2020-05-11 15:09:57.064 [http-nio-8080-exec-8] DEBUG com.zt.ztgeoservice.user.dao.UserDao.login - <==      Total: 0
2020-05-11 15:10:21.849 [http-nio-8080-exec-2] DEBUG com.zt.ztgeoservice.user.dao.UserDao.login - ==>  Preparing: SELECT id, username, password FROM zts_user order by id asc 
2020-05-11 15:10:21.849 [http-nio-8080-exec-2] DEBUG com.zt.ztgeoservice.user.dao.UserDao.login - ==> Parameters: 
2020-05-11 15:10:21.851 [http-nio-8080-exec-2] DEBUG com.zt.ztgeoservice.user.dao.UserDao.login - <==      Total: 0
2020-05-11 15:10:22.400 [http-nio-8080-exec-1] DEBUG com.zt.ztgeoservice.user.dao.UserDao.login - ==>  Preparing: SELECT id, username, password FROM zts_user order by id asc 
2020-05-11 15:10:22.400 [http-nio-8080-exec-1] DEBUG com.zt.ztgeoservice.user.dao.UserDao.login - ==> Parameters: 
2020-05-11 15:10:22.401 [http-nio-8080-exec-1] DEBUG com.zt.ztgeoservice.user.dao.UserDao.login - <==      Total: 0
2020-05-11 15:10:22.584 [http-nio-8080-exec-3] DEBUG com.zt.ztgeoservice.user.dao.UserDao.login - ==>  Preparing: SELECT id, username, password FROM zts_user order by id asc 
2020-05-11 15:10:22.584 [http-nio-8080-exec-3] DEBUG com.zt.ztgeoservice.user.dao.UserDao.login - ==> Parameters: 
2020-05-11 15:10:22.585 [http-nio-8080-exec-3] DEBUG com.zt.ztgeoservice.user.dao.UserDao.login - <==      Total: 0
2020-05-11 15:10:22.761 [http-nio-8080-exec-4] DEBUG com.zt.ztgeoservice.user.dao.UserDao.login - ==>  Preparing: SELECT id, username, password FROM zts_user order by id asc 
2020-05-11 15:10:22.761 [http-nio-8080-exec-4] DEBUG com.zt.ztgeoservice.user.dao.UserDao.login - ==> Parameters: 
2020-05-11 15:10:22.762 [http-nio-8080-exec-4] DEBUG com.zt.ztgeoservice.user.dao.UserDao.login - <==      Total: 0
2020-05-11 15:10:22.911 [http-nio-8080-exec-5] DEBUG com.zt.ztgeoservice.user.dao.UserDao.login - ==>  Preparing: SELECT id, username, password FROM zts_user order by id asc 
2020-05-11 15:10:22.911 [http-nio-8080-exec-5] DEBUG com.zt.ztgeoservice.user.dao.UserDao.login - ==> Parameters: 
2020-05-11 15:10:22.911 [http-nio-8080-exec-5] DEBUG com.zt.ztgeoservice.user.dao.UserDao.login - <==      Total: 0
2020-05-11 15:16:42.652 [main] DEBUG com.zt.ztgeoservice.ZtgeoserviceApplication - Running with Spring Boot v2.2.6.RELEASE, Spring v5.2.5.RELEASE
2020-05-11 15:16:49.634 [http-nio-8080-exec-1] DEBUG com.zt.ztgeoservice.user.dao.UserDao.login - ==>  Preparing: SELECT id, username, password FROM zts_user order by id asc 
2020-05-11 15:16:49.645 [http-nio-8080-exec-1] DEBUG com.zt.ztgeoservice.user.dao.UserDao.login - ==> Parameters: 
2020-05-11 15:16:49.656 [http-nio-8080-exec-1] DEBUG com.zt.ztgeoservice.user.dao.UserDao.login - <==      Total: 0
2020-05-11 15:18:32.861 [main] DEBUG com.zt.ztgeoservice.ZtgeoserviceApplication - Running with Spring Boot v2.2.6.RELEASE, Spring v5.2.5.RELEASE
2020-05-11 15:18:50.852 [http-nio-8080-exec-2] DEBUG com.zt.ztgeoservice.user.dao.UserDao.login - ==>  Preparing: SELECT id, username, password FROM zts_user order by id asc 
2020-05-11 15:18:50.863 [http-nio-8080-exec-2] DEBUG com.zt.ztgeoservice.user.dao.UserDao.login - ==> Parameters: 
2020-05-11 15:18:50.875 [http-nio-8080-exec-2] DEBUG com.zt.ztgeoservice.user.dao.UserDao.login - <==      Total: 0
2020-05-11 15:19:51.678 [http-nio-8080-exec-7] DEBUG com.zt.ztgeoservice.user.dao.UserDao.login - ==>  Preparing: SELECT id, username, password FROM zts_user order by id asc 
2020-05-11 15:19:51.679 [http-nio-8080-exec-7] DEBUG com.zt.ztgeoservice.user.dao.UserDao.login - ==> Parameters: 
2020-05-11 15:19:51.681 [http-nio-8080-exec-7] DEBUG com.zt.ztgeoservice.user.dao.UserDao.login - <==      Total: 0
2020-05-11 15:44:42.012 [http-nio-8080-exec-1] DEBUG c.z.z.equipment.dao.EquiDao.queryEqui_COUNT - ==>  Preparing: SELECT count(0) FROM zts_camera WHERE 1 = 1 
2020-05-11 15:44:42.012 [http-nio-8080-exec-1] DEBUG c.z.z.equipment.dao.EquiDao.queryEqui_COUNT - ==> Parameters: 
2020-05-11 15:44:42.015 [http-nio-8080-exec-1] DEBUG c.z.z.equipment.dao.EquiDao.queryEqui_COUNT - <==      Total: 1
2020-05-11 15:44:42.017 [http-nio-8080-exec-1] DEBUG c.zt.ztgeoservice.equipment.dao.EquiDao.queryEqui - ==>  Preparing: SELECT id, eq_number, eq_name, "eq_creationTime", "eq_updateTime", eq_state, eq_type, eq_h_angle, eq_z_angle, eq_view_angle, geom FROM zts_camera /* LIMIT 5 OFFSET 0*/ WHERE 1=1 order by zts_camera.id asc LIMIT ? 
2020-05-11 15:44:42.018 [http-nio-8080-exec-1] DEBUG c.zt.ztgeoservice.equipment.dao.EquiDao.queryEqui - ==> Parameters: 10(Integer)
2020-05-11 15:44:42.027 [http-nio-8080-exec-1] DEBUG c.zt.ztgeoservice.equipment.dao.EquiDao.queryEqui - <==      Total: 7
2020-05-11 16:37:19.648 [main] DEBUG com.zt.ztgeoservice.ZtgeoserviceApplication - Running with Spring Boot v2.2.6.RELEASE, Spring v5.2.5.RELEASE
2020-05-11 16:37:59.511 [http-nio-8080-exec-4] DEBUG com.zt.ztgeoservice.user.dao.UserDao.login - ==>  Preparing: SELECT id, username, password FROM zts_user order by id asc 
2020-05-11 16:37:59.759 [http-nio-8080-exec-4] DEBUG com.zt.ztgeoservice.user.dao.UserDao.login - ==> Parameters: 
2020-05-11 16:37:59.943 [http-nio-8080-exec-4] DEBUG com.zt.ztgeoservice.user.dao.UserDao.login - <==      Total: 0
2020-05-11 16:39:36.098 [main] DEBUG com.zt.ztgeoservice.ZtgeoserviceApplication - Running with Spring Boot v2.2.6.RELEASE, Spring v5.2.5.RELEASE
2020-05-11 16:39:58.982 [http-nio-8080-exec-1] DEBUG com.zt.ztgeoservice.user.dao.UserDao.login - ==>  Preparing: SELECT id, username, password FROM zts_user order by id asc 
2020-05-11 16:39:58.994 [http-nio-8080-exec-1] DEBUG com.zt.ztgeoservice.user.dao.UserDao.login - ==> Parameters: 
2020-05-11 16:39:59.008 [http-nio-8080-exec-1] DEBUG com.zt.ztgeoservice.user.dao.UserDao.login - <==      Total: 0
2020-05-11 16:42:25.348 [http-nio-8080-exec-7] DEBUG com.zt.ztgeoservice.user.dao.UserDao.login - ==>  Preparing: SELECT id, username, password FROM zts_user order by id asc 
2020-05-11 16:42:25.349 [http-nio-8080-exec-7] DEBUG com.zt.ztgeoservice.user.dao.UserDao.login - ==> Parameters: 
2020-05-11 16:42:25.350 [http-nio-8080-exec-7] DEBUG com.zt.ztgeoservice.user.dao.UserDao.login - <==      Total: 0
2020-05-11 17:03:17.564 [http-nio-8080-exec-10] DEBUG com.zt.ztgeoservice.user.dao.UserDao.login - ==>  Preparing: SELECT id, username, password FROM zts_user order by id asc 
2020-05-11 17:03:17.564 [http-nio-8080-exec-10] DEBUG com.zt.ztgeoservice.user.dao.UserDao.login - ==> Parameters: 
2020-05-11 17:03:17.565 [http-nio-8080-exec-10] DEBUG com.zt.ztgeoservice.user.dao.UserDao.login - <==      Total: 0
2020-05-11 17:03:33.986 [main] DEBUG com.zt.ztgeoservice.ZtgeoserviceApplication - Running with Spring Boot v2.2.6.RELEASE, Spring v5.2.5.RELEASE
2020-05-11 17:04:03.780 [http-nio-8080-exec-1] DEBUG com.zt.ztgeoservice.user.dao.UserDao.login - ==>  Preparing: SELECT id, username, password FROM zts_user order by id asc 
2020-05-11 17:04:03.790 [http-nio-8080-exec-1] DEBUG com.zt.ztgeoservice.user.dao.UserDao.login - ==> Parameters: 
2020-05-11 17:04:03.803 [http-nio-8080-exec-1] DEBUG com.zt.ztgeoservice.user.dao.UserDao.login - <==      Total: 0
2020-05-11 17:04:19.131 [http-nio-8080-exec-4] DEBUG com.zt.ztgeoservice.user.dao.UserDao.login - ==>  Preparing: SELECT id, username, password FROM zts_user order by id asc 
2020-05-11 17:04:19.131 [http-nio-8080-exec-4] DEBUG com.zt.ztgeoservice.user.dao.UserDao.login - ==> Parameters: 
2020-05-11 17:04:19.133 [http-nio-8080-exec-4] DEBUG com.zt.ztgeoservice.user.dao.UserDao.login - <==      Total: 0
2020-05-11 17:05:38.039 [http-nio-8080-exec-7] DEBUG com.zt.ztgeoservice.user.dao.UserDao.login - ==>  Preparing: SELECT id, username, password FROM zts_user order by id asc 
2020-05-11 17:05:38.040 [http-nio-8080-exec-7] DEBUG com.zt.ztgeoservice.user.dao.UserDao.login - ==> Parameters: 
2020-05-11 17:05:38.043 [http-nio-8080-exec-7] DEBUG com.zt.ztgeoservice.user.dao.UserDao.login - <==      Total: 1
2020-05-11 17:05:38.600 [http-nio-8080-exec-8] DEBUG com.zt.ztgeoservice.user.dao.UserDao.login - ==>  Preparing: SELECT id, username, password FROM zts_user order by id asc 
2020-05-11 17:05:38.601 [http-nio-8080-exec-8] DEBUG com.zt.ztgeoservice.user.dao.UserDao.login - ==> Parameters: 
2020-05-11 17:05:38.601 [http-nio-8080-exec-8] DEBUG com.zt.ztgeoservice.user.dao.UserDao.login - <==      Total: 1
2020-05-11 17:05:38.799 [http-nio-8080-exec-9] DEBUG com.zt.ztgeoservice.user.dao.UserDao.login - ==>  Preparing: SELECT id, username, password FROM zts_user order by id asc 
2020-05-11 17:05:38.800 [http-nio-8080-exec-9] DEBUG com.zt.ztgeoservice.user.dao.UserDao.login - ==> Parameters: 
2020-05-11 17:05:38.801 [http-nio-8080-exec-9] DEBUG com.zt.ztgeoservice.user.dao.UserDao.login - <==      Total: 1
2020-05-11 17:05:38.984 [http-nio-8080-exec-10] DEBUG com.zt.ztgeoservice.user.dao.UserDao.login - ==>  Preparing: SELECT id, username, password FROM zts_user order by id asc 
2020-05-11 17:05:38.984 [http-nio-8080-exec-10] DEBUG com.zt.ztgeoservice.user.dao.UserDao.login - ==> Parameters: 
2020-05-11 17:05:38.985 [http-nio-8080-exec-10] DEBUG com.zt.ztgeoservice.user.dao.UserDao.login - <==      Total: 1
2020-05-11 17:05:57.396 [http-nio-8080-exec-1] DEBUG com.zt.ztgeoservice.user.dao.UserDao.login - ==>  Preparing: SELECT id, username, password FROM zts_user order by id asc 
2020-05-11 17:05:57.396 [http-nio-8080-exec-1] DEBUG com.zt.ztgeoservice.user.dao.UserDao.login - ==> Parameters: 
2020-05-11 17:05:57.397 [http-nio-8080-exec-1] DEBUG com.zt.ztgeoservice.user.dao.UserDao.login - <==      Total: 1
2020-05-11 17:07:20.376 [http-nio-8080-exec-7] DEBUG com.zt.ztgeoservice.user.dao.UserDao.login - ==>  Preparing: SELECT id, username, password FROM zts_user order by id asc 
2020-05-11 17:07:20.384 [http-nio-8080-exec-5] DEBUG com.zt.ztgeoservice.user.dao.UserDao.login - ==>  Preparing: SELECT id, username, password FROM zts_user order by id asc 
2020-05-11 17:07:20.384 [http-nio-8080-exec-5] DEBUG com.zt.ztgeoservice.user.dao.UserDao.login - ==> Parameters: 
2020-05-11 17:07:20.381 [http-nio-8080-exec-7] DEBUG com.zt.ztgeoservice.user.dao.UserDao.login - ==> Parameters: 
2020-05-11 17:07:23.708 [http-nio-8080-exec-5] DEBUG com.zt.ztgeoservice.user.dao.UserDao.login - <==      Total: 1
2020-05-11 17:07:23.711 [http-nio-8080-exec-7] DEBUG com.zt.ztgeoservice.user.dao.UserDao.login - <==      Total: 1
2020-05-11 17:07:36.921 [http-nio-8080-exec-6] DEBUG com.zt.ztgeoservice.user.dao.UserDao.login - ==>  Preparing: SELECT id, username, password FROM zts_user order by id asc 
2020-05-11 17:07:36.922 [http-nio-8080-exec-6] DEBUG com.zt.ztgeoservice.user.dao.UserDao.login - ==> Parameters: 
2020-05-11 17:07:36.926 [http-nio-8080-exec-6] DEBUG com.zt.ztgeoservice.user.dao.UserDao.login - <==      Total: 1
2020-05-11 17:10:15.232 [http-nio-8080-exec-10] DEBUG com.zt.ztgeoservice.user.dao.UserDao.login - ==>  Preparing: SELECT id, username, password FROM zts_user order by id asc 
2020-05-11 17:10:15.233 [http-nio-8080-exec-10] DEBUG com.zt.ztgeoservice.user.dao.UserDao.login - ==> Parameters: 
2020-05-11 17:10:15.236 [http-nio-8080-exec-10] DEBUG com.zt.ztgeoservice.user.dao.UserDao.login - <==      Total: 1
2020-05-11 17:17:19.687 [main] DEBUG com.zt.ztgeoservice.ZtgeoserviceApplication - Running with Spring Boot v2.2.6.RELEASE, Spring v5.2.5.RELEASE
2020-05-11 17:17:38.095 [http-nio-8080-exec-2] DEBUG com.zt.ztgeoservice.user.dao.UserDao.login - ==>  Preparing: SELECT id, username, password FROM zts_user order by id asc 
2020-05-11 17:17:38.106 [http-nio-8080-exec-2] DEBUG com.zt.ztgeoservice.user.dao.UserDao.login - ==> Parameters: 
2020-05-11 17:17:38.120 [http-nio-8080-exec-2] DEBUG com.zt.ztgeoservice.user.dao.UserDao.login - <==      Total: 1
2020-05-11 17:22:20.545 [main] DEBUG com.zt.ztgeoservice.ZtgeoserviceApplication - Running with Spring Boot v2.2.6.RELEASE, Spring v5.2.5.RELEASE
2020-05-11 17:22:48.374 [http-nio-8080-exec-2] DEBUG com.zt.ztgeoservice.user.dao.UserDao.login - ==>  Preparing: SELECT id, username, password FROM zts_user order by id asc 
2020-05-11 17:22:48.384 [http-nio-8080-exec-2] DEBUG com.zt.ztgeoservice.user.dao.UserDao.login - ==> Parameters: 
2020-05-11 17:22:48.399 [http-nio-8080-exec-2] DEBUG com.zt.ztgeoservice.user.dao.UserDao.login - <==      Total: 1
2020-05-11 17:23:03.976 [http-nio-8080-exec-1] DEBUG com.zt.ztgeoservice.user.dao.UserDao.login - ==>  Preparing: SELECT id, username, password FROM zts_user order by id asc 
2020-05-11 17:23:03.977 [http-nio-8080-exec-1] DEBUG com.zt.ztgeoservice.user.dao.UserDao.login - ==> Parameters: 
2020-05-11 17:23:03.979 [http-nio-8080-exec-1] DEBUG com.zt.ztgeoservice.user.dao.UserDao.login - <==      Total: 1
2020-05-11 17:23:05.176 [http-nio-8080-exec-4] DEBUG com.zt.ztgeoservice.user.dao.UserDao.login - ==>  Preparing: SELECT id, username, password FROM zts_user order by id asc 
2020-05-11 17:23:05.176 [http-nio-8080-exec-4] DEBUG com.zt.ztgeoservice.user.dao.UserDao.login - ==> Parameters: 
2020-05-11 17:23:05.177 [http-nio-8080-exec-4] DEBUG com.zt.ztgeoservice.user.dao.UserDao.login - <==      Total: 1
2020-05-11 17:23:48.733 [http-nio-8080-exec-6] DEBUG com.zt.ztgeoservice.user.dao.UserDao.login - ==>  Preparing: SELECT id, username, password FROM zts_user order by id asc 
2020-05-11 17:23:48.733 [http-nio-8080-exec-6] DEBUG com.zt.ztgeoservice.user.dao.UserDao.login - ==> Parameters: 
2020-05-11 17:23:48.734 [http-nio-8080-exec-6] DEBUG com.zt.ztgeoservice.user.dao.UserDao.login - <==      Total: 1
2020-05-11 17:27:18.186 [main] DEBUG com.zt.ztgeoservice.ZtgeoserviceApplication - Running with Spring Boot v2.2.6.RELEASE, Spring v5.2.5.RELEASE
2020-05-11 17:27:25.143 [http-nio-8080-exec-2] DEBUG com.zt.ztgeoservice.user.dao.UserDao.login - ==>  Preparing: SELECT id, username, password FROM zts_user order by id asc 
2020-05-11 17:27:25.154 [http-nio-8080-exec-2] DEBUG com.zt.ztgeoservice.user.dao.UserDao.login - ==> Parameters: 
2020-05-11 17:27:25.167 [http-nio-8080-exec-2] DEBUG com.zt.ztgeoservice.user.dao.UserDao.login - <==      Total: 1
2020-05-11 17:28:32.630 [main] DEBUG com.zt.ztgeoservice.ZtgeoserviceApplication - Running with Spring Boot v2.2.6.RELEASE, Spring v5.2.5.RELEASE
2020-05-11 17:28:39.215 [http-nio-8080-exec-3] DEBUG com.zt.ztgeoservice.user.dao.UserDao.login - ==>  Preparing: SELECT id, username, password FROM zts_user order by id asc 
2020-05-11 17:28:39.224 [http-nio-8080-exec-3] DEBUG com.zt.ztgeoservice.user.dao.UserDao.login - ==> Parameters: 
2020-05-11 17:28:39.240 [http-nio-8080-exec-3] DEBUG com.zt.ztgeoservice.user.dao.UserDao.login - <==      Total: 1
2020-05-11 17:28:58.175 [main] DEBUG com.zt.ztgeoservice.ZtgeoserviceApplication - Running with Spring Boot v2.2.6.RELEASE, Spring v5.2.5.RELEASE
2020-05-11 17:29:03.419 [http-nio-8080-exec-1] DEBUG com.zt.ztgeoservice.user.dao.UserDao.login - ==>  Preparing: SELECT id, username, password FROM zts_user order by id asc 
2020-05-11 17:29:03.431 [http-nio-8080-exec-1] DEBUG com.zt.ztgeoservice.user.dao.UserDao.login - ==> Parameters: 
2020-05-11 17:29:03.448 [http-nio-8080-exec-1] DEBUG com.zt.ztgeoservice.user.dao.UserDao.login - <==      Total: 1
2020-05-11 17:32:43.444 [main] DEBUG com.zt.ztgeoservice.ZtgeoserviceApplication - Running with Spring Boot v2.2.6.RELEASE, Spring v5.2.5.RELEASE
2020-05-11 17:32:53.887 [http-nio-8080-exec-1] DEBUG com.zt.ztgeoservice.user.dao.UserDao.login - ==>  Preparing: SELECT id, username, password FROM zts_user order by id asc 
2020-05-11 17:32:53.898 [http-nio-8080-exec-1] DEBUG com.zt.ztgeoservice.user.dao.UserDao.login - ==> Parameters: 
2020-05-11 17:32:53.912 [http-nio-8080-exec-1] DEBUG com.zt.ztgeoservice.user.dao.UserDao.login - <==      Total: 1
2020-05-11 17:33:15.705 [http-nio-8080-exec-5] DEBUG com.zt.ztgeoservice.user.dao.UserDao.login - ==>  Preparing: SELECT id, username, password FROM zts_user order by id asc 
2020-05-11 17:33:15.706 [http-nio-8080-exec-5] DEBUG com.zt.ztgeoservice.user.dao.UserDao.login - ==> Parameters: 
2020-05-11 17:33:15.708 [http-nio-8080-exec-5] DEBUG com.zt.ztgeoservice.user.dao.UserDao.login - <==      Total: 1
2020-05-11 17:33:38.595 [http-nio-8080-exec-6] DEBUG com.zt.ztgeoservice.user.dao.UserDao.login - ==>  Preparing: SELECT id, username, password FROM zts_user order by id asc 
2020-05-11 17:33:38.595 [http-nio-8080-exec-6] DEBUG com.zt.ztgeoservice.user.dao.UserDao.login - ==> Parameters: 
2020-05-11 17:33:38.597 [http-nio-8080-exec-6] DEBUG com.zt.ztgeoservice.user.dao.UserDao.login - <==      Total: 1
2020-05-11 17:37:12.699 [http-nio-8080-exec-4] DEBUG com.zt.ztgeoservice.user.dao.UserDao.login - ==>  Preparing: SELECT id, username, password FROM zts_user order by id asc 
2020-05-11 17:37:12.700 [http-nio-8080-exec-4] DEBUG com.zt.ztgeoservice.user.dao.UserDao.login - ==> Parameters: 
2020-05-11 17:37:12.701 [http-nio-8080-exec-4] DEBUG com.zt.ztgeoservice.user.dao.UserDao.login - <==      Total: 1
2020-05-11 17:37:21.889 [http-nio-8080-exec-7] DEBUG com.zt.ztgeoservice.user.dao.UserDao.login - ==>  Preparing: SELECT id, username, password FROM zts_user order by id asc 
2020-05-11 17:37:21.889 [http-nio-8080-exec-7] DEBUG com.zt.ztgeoservice.user.dao.UserDao.login - ==> Parameters: 
2020-05-11 17:37:21.890 [http-nio-8080-exec-7] DEBUG com.zt.ztgeoservice.user.dao.UserDao.login - <==      Total: 1
2020-05-11 17:38:12.754 [http-nio-8080-exec-10] DEBUG com.zt.ztgeoservice.user.dao.UserDao.login - ==>  Preparing: SELECT id, username, password FROM zts_user order by id asc 
2020-05-11 17:38:12.754 [http-nio-8080-exec-10] DEBUG com.zt.ztgeoservice.user.dao.UserDao.login - ==> Parameters: 
2020-05-11 17:38:12.756 [http-nio-8080-exec-10] DEBUG com.zt.ztgeoservice.user.dao.UserDao.login - <==      Total: 1
2020-05-11 17:38:26.449 [http-nio-8080-exec-1] DEBUG com.zt.ztgeoservice.user.dao.UserDao.login - ==>  Preparing: SELECT id, username, password FROM zts_user order by id asc 
2020-05-11 17:38:26.450 [http-nio-8080-exec-1] DEBUG com.zt.ztgeoservice.user.dao.UserDao.login - ==> Parameters: 
2020-05-11 17:38:26.451 [http-nio-8080-exec-1] DEBUG com.zt.ztgeoservice.user.dao.UserDao.login - <==      Total: 1
2020-05-11 17:41:45.563 [main] DEBUG com.zt.ztgeoservice.ZtgeoserviceApplication - Running with Spring Boot v2.2.6.RELEASE, Spring v5.2.5.RELEASE
2020-05-11 17:43:26.569 [http-nio-8080-exec-7] DEBUG com.zt.ztgeoservice.user.dao.UserDao.login - ==>  Preparing: SELECT id, username, password FROM zts_user order by id asc 
2020-05-11 17:43:26.580 [http-nio-8080-exec-7] DEBUG com.zt.ztgeoservice.user.dao.UserDao.login - ==> Parameters: 
2020-05-11 17:43:26.594 [http-nio-8080-exec-7] DEBUG com.zt.ztgeoservice.user.dao.UserDao.login - <==      Total: 1
2020-05-11 17:43:45.399 [http-nio-8080-exec-8] DEBUG com.zt.ztgeoservice.user.dao.UserDao.login - ==>  Preparing: SELECT id, username, password FROM zts_user order by id asc 
2020-05-11 17:43:45.400 [http-nio-8080-exec-8] DEBUG com.zt.ztgeoservice.user.dao.UserDao.login - ==> Parameters: 
2020-05-11 17:43:45.402 [http-nio-8080-exec-8] DEBUG com.zt.ztgeoservice.user.dao.UserDao.login - <==      Total: 1
2020-05-11 17:45:55.099 [http-nio-8080-exec-4] DEBUG com.zt.ztgeoservice.user.dao.UserDao.login - ==>  Preparing: SELECT id, username, password FROM zts_user order by id asc 
2020-05-11 17:45:55.100 [http-nio-8080-exec-4] DEBUG com.zt.ztgeoservice.user.dao.UserDao.login - ==> Parameters: 
2020-05-11 17:45:55.102 [http-nio-8080-exec-4] DEBUG com.zt.ztgeoservice.user.dao.UserDao.login - <==      Total: 1
2020-05-11 17:46:23.057 [http-nio-8080-exec-7] DEBUG com.zt.ztgeoservice.user.dao.UserDao.login - ==>  Preparing: SELECT id, username, password FROM zts_user order by id asc 
2020-05-11 17:46:23.058 [http-nio-8080-exec-7] DEBUG com.zt.ztgeoservice.user.dao.UserDao.login - ==> Parameters: 
2020-05-11 17:46:23.059 [http-nio-8080-exec-7] DEBUG com.zt.ztgeoservice.user.dao.UserDao.login - <==      Total: 1
