2020-06-06 12:46:12.344 [http-nio-8081-exec-4] WARN  o.s.w.s.m.support.DefaultHandlerExceptionResolver - Resolved [org.springframework.web.bind.MissingPathVariableException: Missing URI template variable 'ipss' for method parameter of type String[]]
2020-06-06 12:46:28.131 [http-nio-8081-exec-5] WARN  o.s.w.s.m.support.DefaultHandlerExceptionResolver - Resolved [org.springframework.web.bind.MissingPathVariableException: Missing URI template variable 'ipss' for method parameter of type String[]]
2020-06-06 12:46:45.850 [http-nio-8081-exec-7] WARN  o.s.w.s.m.support.DefaultHandlerExceptionResolver - Resolved [org.springframework.web.bind.MissingPathVariableException: Missing URI template variable 'ipss' for method parameter of type String[]]
2020-06-06 12:46:59.250 [http-nio-8081-exec-9] WARN  o.s.w.s.m.support.DefaultHandlerExceptionResolver - Resolved [org.springframework.web.bind.MissingPathVariableException: Missing URI template variable 'ipss' for method parameter of type String[]]
2020-06-06 12:53:20.228 [http-nio-8081-exec-10] WARN  o.s.w.s.m.support.DefaultHandlerExceptionResolver - Resolved [org.springframework.web.bind.MissingServletRequestParameterException: Required Integer parameter 'pageSize' is not present]
2020-06-06 12:56:48.721 [http-nio-8081-exec-1] WARN  o.s.w.s.m.support.DefaultHandlerExceptionResolver - Resolved [org.springframework.web.bind.MissingServletRequestParameterException: Required Integer parameter 'pageSize' is not present]
2020-06-06 13:47:07.232 [http-nio-8081-exec-1] WARN  o.s.w.s.m.support.DefaultHandlerExceptionResolver - Resolved [org.springframework.web.bind.MissingServletRequestParameterException: Required String[] parameter 'ips' is not present]
2020-06-06 14:56:38.157 [main] WARN  o.s.b.w.s.c.AnnotationConfigServletWebServerApplicationContext - Exception encountered during context initialization - cancelling refresh attempt: org.springframework.beans.factory.BeanCreationException: Error creating bean with name 'springApplicationAdminRegistrar' defined in class path resource [org/springframework/boot/autoconfigure/admin/SpringApplicationAdminJmxAutoConfiguration.class]: Invocation of init method failed; nested exception is javax.management.InstanceAlreadyExistsException: org.springframework.boot:type=Admin,name=SpringApplication
2020-06-06 14:57:14.586 [main] WARN  o.s.b.w.s.c.AnnotationConfigServletWebServerApplicationContext - Exception encountered during context initialization - cancelling refresh attempt: org.springframework.beans.factory.BeanCreationException: Error creating bean with name 'springApplicationAdminRegistrar' defined in class path resource [org/springframework/boot/autoconfigure/admin/SpringApplicationAdminJmxAutoConfiguration.class]: Invocation of init method failed; nested exception is javax.management.InstanceAlreadyExistsException: org.springframework.boot:type=Admin,name=SpringApplication
2020-06-06 15:20:15.849 [main] WARN  o.s.b.w.s.c.AnnotationConfigServletWebServerApplicationContext - Exception encountered during context initialization - cancelling refresh attempt: org.springframework.beans.factory.BeanCreationException: Error creating bean with name 'springApplicationAdminRegistrar' defined in class path resource [org/springframework/boot/autoconfigure/admin/SpringApplicationAdminJmxAutoConfiguration.class]: Invocation of init method failed; nested exception is javax.management.InstanceAlreadyExistsException: org.springframework.boot:type=Admin,name=SpringApplication
2020-06-06 15:56:08.150 [main] WARN  o.s.b.w.s.c.AnnotationConfigServletWebServerApplicationContext - Exception encountered during context initialization - cancelling refresh attempt: org.springframework.beans.factory.BeanCreationException: Error creating bean with name 'requestMappingHandlerMapping' defined in class path resource [org/springframework/boot/autoconfigure/web/servlet/WebMvcAutoConfiguration$EnableWebMvcConfiguration.class]: Invocation of init method failed; nested exception is java.lang.IllegalStateException: Ambiguous mapping. Cannot map 'equiController' method 
com.zt.ztgeoservice.equipment.controller.EquiController#threadRtmp(String[])
to {GET /get}: There is already 'equiController' bean method
com.zt.ztgeoservice.equipment.controller.EquiController#getIps(String[]) mapped.
2020-06-06 15:56:53.058 [main] WARN  o.s.b.w.s.c.AnnotationConfigServletWebServerApplicationContext - Exception encountered during context initialization - cancelling refresh attempt: org.springframework.beans.factory.BeanCreationException: Error creating bean with name 'requestMappingHandlerMapping' defined in class path resource [org/springframework/boot/autoconfigure/web/servlet/WebMvcAutoConfiguration$EnableWebMvcConfiguration.class]: Invocation of init method failed; nested exception is java.lang.IllegalStateException: Ambiguous mapping. Cannot map 'equiController' method 
com.zt.ztgeoservice.equipment.controller.EquiController#getIps(String[])
to {GET /get}: There is already 'equiController' bean method
com.zt.ztgeoservice.equipment.controller.EquiController#threadRtmp(String[]) mapped.
2020-06-06 15:57:13.597 [main] WARN  o.s.b.w.s.c.AnnotationConfigServletWebServerApplicationContext - Exception encountered during context initialization - cancelling refresh attempt: org.springframework.beans.factory.BeanCreationException: Error creating bean with name 'requestMappingHandlerMapping' defined in class path resource [org/springframework/boot/autoconfigure/web/servlet/WebMvcAutoConfiguration$EnableWebMvcConfiguration.class]: Invocation of init method failed; nested exception is java.lang.IllegalStateException: Ambiguous mapping. Cannot map 'equiController' method 
com.zt.ztgeoservice.equipment.controller.EquiController#threadRtmp(String[])
to {GET /get}: There is already 'equiController' bean method
com.zt.ztgeoservice.equipment.controller.EquiController#getIps(String[]) mapped.
2020-06-06 15:58:40.189 [http-nio-8081-exec-1] WARN  o.s.w.s.m.support.DefaultHandlerExceptionResolver - Resolved [org.springframework.web.bind.MissingServletRequestParameterException: Required String[] parameter 'ipss' is not present]
2020-06-06 15:58:52.568 [http-nio-8081-exec-3] WARN  o.s.w.s.m.support.DefaultHandlerExceptionResolver - Resolved [org.springframework.web.bind.MissingServletRequestParameterException: Required String[] parameter 'ipss' is not present]
2020-06-06 15:58:53.255 [http-nio-8081-exec-4] WARN  o.s.w.s.m.support.DefaultHandlerExceptionResolver - Resolved [org.springframework.web.bind.MissingServletRequestParameterException: Required String[] parameter 'ipss' is not present]
2020-06-06 15:58:53.446 [http-nio-8081-exec-5] WARN  o.s.w.s.m.support.DefaultHandlerExceptionResolver - Resolved [org.springframework.web.bind.MissingServletRequestParameterException: Required String[] parameter 'ipss' is not present]
2020-06-06 15:58:53.594 [http-nio-8081-exec-6] WARN  o.s.w.s.m.support.DefaultHandlerExceptionResolver - Resolved [org.springframework.web.bind.MissingServletRequestParameterException: Required String[] parameter 'ipss' is not present]
2020-06-06 15:58:53.711 [http-nio-8081-exec-7] WARN  o.s.w.s.m.support.DefaultHandlerExceptionResolver - Resolved [org.springframework.web.bind.MissingServletRequestParameterException: Required String[] parameter 'ipss' is not present]
2020-06-06 15:59:01.793 [http-nio-8081-exec-8] WARN  o.s.w.s.m.support.DefaultHandlerExceptionResolver - Resolved [org.springframework.web.bind.MissingServletRequestParameterException: Required String[] parameter 'ipss' is not present]
2020-06-06 15:59:39.605 [http-nio-8081-exec-1] WARN  o.s.w.s.m.support.DefaultHandlerExceptionResolver - Resolved [org.springframework.web.bind.MissingServletRequestParameterException: Required String[] parameter 'ipss' is not present]
2020-06-06 16:00:10.831 [http-nio-8081-exec-1] WARN  o.s.w.s.m.support.DefaultHandlerExceptionResolver - Resolved [org.springframework.web.bind.MissingServletRequestParameterException: Required String[] parameter 'ipss' is not present]
2020-06-06 16:00:41.595 [http-nio-8081-exec-3] WARN  o.s.w.s.m.support.DefaultHandlerExceptionResolver - Resolved [org.springframework.web.bind.MissingServletRequestParameterException: Required String[] parameter 'ipss' is not present]
2020-06-06 16:00:41.823 [http-nio-8081-exec-4] WARN  o.s.w.s.m.support.DefaultHandlerExceptionResolver - Resolved [org.springframework.web.bind.MissingServletRequestParameterException: Required String[] parameter 'ipss' is not present]
2020-06-06 16:00:41.976 [http-nio-8081-exec-6] WARN  o.s.w.s.m.support.DefaultHandlerExceptionResolver - Resolved [org.springframework.web.bind.MissingServletRequestParameterException: Required String[] parameter 'ipss' is not present]
2020-06-06 16:01:39.417 [http-nio-8081-exec-1] WARN  o.s.w.s.m.support.DefaultHandlerExceptionResolver - Resolved [org.springframework.web.bind.MissingServletRequestParameterException: Required String[] parameter 'ipss' is not present]
2020-06-06 16:01:40.366 [http-nio-8081-exec-2] WARN  o.s.w.s.m.support.DefaultHandlerExceptionResolver - Resolved [org.springframework.web.bind.MissingServletRequestParameterException: Required String[] parameter 'ipss' is not present]
2020-06-06 16:01:40.623 [http-nio-8081-exec-3] WARN  o.s.w.s.m.support.DefaultHandlerExceptionResolver - Resolved [org.springframework.web.bind.MissingServletRequestParameterException: Required String[] parameter 'ipss' is not present]
2020-06-06 16:01:40.792 [http-nio-8081-exec-4] WARN  o.s.w.s.m.support.DefaultHandlerExceptionResolver - Resolved [org.springframework.web.bind.MissingServletRequestParameterException: Required String[] parameter 'ipss' is not present]
2020-06-06 16:01:40.918 [http-nio-8081-exec-5] WARN  o.s.w.s.m.support.DefaultHandlerExceptionResolver - Resolved [org.springframework.web.bind.MissingServletRequestParameterException: Required String[] parameter 'ipss' is not present]
