2020-06-12 10:35:07.433 [main] INFO  com.zt.ztgeoservice.ZtgeoserviceApplication - Starting ZtgeoserviceApplication on DESKTOP-11HLK7N with PID 12032 (F:\work\ztgeoservice\target\classes started by zt01 in F:\work\ztgeoservice)
2020-06-12 10:35:07.433 [main] INFO  com.zt.ztgeoservice.ZtgeoserviceApplication - No active profile set, falling back to default profiles: default
2020-06-12 10:35:08.214 [main] INFO  o.s.d.r.config.RepositoryConfigurationDelegate - Multiple Spring Data modules found, entering strict repository configuration mode!
2020-06-12 10:35:08.214 [main] INFO  o.s.d.r.config.RepositoryConfigurationDelegate - Bootstrapping Spring Data Redis repositories in DEFAULT mode.
2020-06-12 10:35:08.261 [main] INFO  o.s.d.r.config.RepositoryConfigurationDelegate - Finished Spring Data repository scanning in 32ms. Found 0 Redis repository interfaces.
2020-06-12 10:35:08.932 [main] INFO  o.s.boot.web.embedded.tomcat.TomcatWebServer - Tomcat initialized with port(s): 8081 (http)
2020-06-12 10:35:08.948 [main] INFO  org.apache.coyote.http11.Http11NioProtocol - Initializing ProtocolHandler ["http-nio-8081"]
2020-06-12 10:35:08.948 [main] INFO  org.apache.catalina.core.StandardService - Starting service [Tomcat]
2020-06-12 10:35:08.948 [main] INFO  org.apache.catalina.core.StandardEngine - Starting Servlet engine: [Apache Tomcat/9.0.33]
2020-06-12 10:35:09.198 [main] INFO  o.a.c.core.ContainerBase.[Tomcat].[localhost].[/] - Initializing Spring embedded WebApplicationContext
2020-06-12 10:35:09.198 [main] INFO  org.springframework.web.context.ContextLoader - Root WebApplicationContext: initialization completed in 1719 ms
2020-06-12 10:35:10.151 [main] INFO  o.s.scheduling.concurrent.ThreadPoolTaskExecutor - Initializing ExecutorService 'applicationTaskExecutor'
2020-06-12 10:35:10.229 [main] INFO  o.s.b.a.web.servlet.WelcomePageHandlerMapping - Adding welcome page template: index
2020-06-12 10:35:10.573 [main] INFO  org.apache.coyote.http11.Http11NioProtocol - Starting ProtocolHandler ["http-nio-8081"]
2020-06-12 10:35:10.604 [main] INFO  o.s.boot.web.embedded.tomcat.TomcatWebServer - Tomcat started on port(s): 8081 (http) with context path ''
2020-06-12 10:35:10.604 [main] INFO  com.zt.ztgeoservice.ZtgeoserviceApplication - Started ZtgeoserviceApplication in 3.814 seconds (JVM running for 5.974)
2020-06-12 10:35:42.743 [http-nio-8081-exec-3] INFO  o.a.c.core.ContainerBase.[Tomcat].[localhost].[/] - Initializing Spring DispatcherServlet 'dispatcherServlet'
2020-06-12 10:35:42.743 [http-nio-8081-exec-3] INFO  org.springframework.web.servlet.DispatcherServlet - Initializing Servlet 'dispatcherServlet'
2020-06-12 10:35:42.751 [http-nio-8081-exec-3] INFO  org.springframework.web.servlet.DispatcherServlet - Completed initialization in 7 ms
2020-06-12 14:55:45.786 [main] INFO  com.zt.ztgeoservice.ZtgeoserviceApplication - Starting ZtgeoserviceApplication on DESKTOP-11HLK7N with PID 7772 (F:\work\ztgeoservice\target\classes started by zt01 in F:\work\ztgeoservice)
2020-06-12 14:55:45.786 [main] INFO  com.zt.ztgeoservice.ZtgeoserviceApplication - No active profile set, falling back to default profiles: default
2020-06-12 14:55:46.598 [main] INFO  o.s.d.r.config.RepositoryConfigurationDelegate - Multiple Spring Data modules found, entering strict repository configuration mode!
2020-06-12 14:55:46.598 [main] INFO  o.s.d.r.config.RepositoryConfigurationDelegate - Bootstrapping Spring Data Redis repositories in DEFAULT mode.
2020-06-12 14:55:46.645 [main] INFO  o.s.d.r.config.RepositoryConfigurationDelegate - Finished Spring Data repository scanning in 32ms. Found 0 Redis repository interfaces.
2020-06-12 14:55:47.332 [main] INFO  o.s.boot.web.embedded.tomcat.TomcatWebServer - Tomcat initialized with port(s): 8081 (http)
2020-06-12 14:55:47.363 [main] INFO  org.apache.coyote.http11.Http11NioProtocol - Initializing ProtocolHandler ["http-nio-8081"]
2020-06-12 14:55:47.363 [main] INFO  org.apache.catalina.core.StandardService - Starting service [Tomcat]
2020-06-12 14:55:47.363 [main] INFO  org.apache.catalina.core.StandardEngine - Starting Servlet engine: [Apache Tomcat/9.0.33]
2020-06-12 14:55:47.613 [main] INFO  o.a.c.core.ContainerBase.[Tomcat].[localhost].[/] - Initializing Spring embedded WebApplicationContext
2020-06-12 14:55:47.613 [main] INFO  org.springframework.web.context.ContextLoader - Root WebApplicationContext: initialization completed in 1765 ms
2020-06-12 14:55:48.644 [main] INFO  o.s.scheduling.concurrent.ThreadPoolTaskExecutor - Initializing ExecutorService 'applicationTaskExecutor'
2020-06-12 14:55:48.722 [main] INFO  o.s.b.a.web.servlet.WelcomePageHandlerMapping - Adding welcome page template: index
2020-06-12 14:55:49.097 [main] INFO  org.apache.coyote.http11.Http11NioProtocol - Starting ProtocolHandler ["http-nio-8081"]
2020-06-12 14:55:49.144 [main] INFO  o.s.boot.web.embedded.tomcat.TomcatWebServer - Tomcat started on port(s): 8081 (http) with context path ''
2020-06-12 14:55:49.144 [main] INFO  com.zt.ztgeoservice.ZtgeoserviceApplication - Started ZtgeoserviceApplication in 4.052 seconds (JVM running for 6.269)
