2020-05-07 17:04:16.986 [main] INFO  com.zt.ztgeoservice.ZtgeoserviceApplication - Starting ZtgeoserviceApplication on DESKTOP-11HLK7N with PID 13032 (F:\work\ztgeoservice\target\classes started by zt01 in F:\work\ztgeoservice)
2020-05-07 17:04:16.989 [main] INFO  com.zt.ztgeoservice.ZtgeoserviceApplication - No active profile set, falling back to default profiles: default
2020-05-07 17:04:17.774 [main] INFO  o.s.boot.web.embedded.tomcat.TomcatWebServer - Tomcat initialized with port(s): 8080 (http)
2020-05-07 17:04:17.782 [main] INFO  org.apache.coyote.http11.Http11NioProtocol - Initializing ProtocolHandler ["http-nio-8080"]
2020-05-07 17:04:17.783 [main] INFO  org.apache.catalina.core.StandardService - Starting service [Tomcat]
2020-05-07 17:04:17.783 [main] INFO  org.apache.catalina.core.StandardEngine - Starting Servlet engine: [Apache Tomcat/9.0.33]
2020-05-07 17:04:17.878 [main] INFO  o.a.c.core.ContainerBase.[Tomcat].[localhost].[/] - Initializing Spring embedded WebApplicationContext
2020-05-07 17:04:17.878 [main] INFO  org.springframework.web.context.ContextLoader - Root WebApplicationContext: initialization completed in 854 ms
2020-05-07 17:04:18.226 [main] INFO  o.s.scheduling.concurrent.ThreadPoolTaskExecutor - Initializing ExecutorService 'applicationTaskExecutor'
2020-05-07 17:04:18.456 [main] INFO  org.apache.coyote.http11.Http11NioProtocol - Starting ProtocolHandler ["http-nio-8080"]
2020-05-07 17:04:18.475 [main] INFO  o.s.boot.web.embedded.tomcat.TomcatWebServer - Tomcat started on port(s): 8080 (http) with context path ''
2020-05-07 17:04:18.477 [main] INFO  com.zt.ztgeoservice.ZtgeoserviceApplication - Started ZtgeoserviceApplication in 2.237 seconds (JVM running for 3.175)
2020-05-07 17:04:21.153 [http-nio-8080-exec-1] INFO  o.a.c.core.ContainerBase.[Tomcat].[localhost].[/] - Initializing Spring DispatcherServlet 'dispatcherServlet'
2020-05-07 17:04:21.153 [http-nio-8080-exec-1] INFO  org.springframework.web.servlet.DispatcherServlet - Initializing Servlet 'dispatcherServlet'
2020-05-07 17:04:21.159 [http-nio-8080-exec-1] INFO  org.springframework.web.servlet.DispatcherServlet - Completed initialization in 6 ms
2020-05-07 17:04:21.200 [http-nio-8080-exec-1] INFO  com.zaxxer.hikari.HikariDataSource - HikariPool-1 - Starting...
2020-05-07 17:04:21.320 [http-nio-8080-exec-1] INFO  com.zaxxer.hikari.HikariDataSource - HikariPool-1 - Start completed.
2020-05-07 17:11:33.750 [main] INFO  com.zt.ztgeoservice.ZtgeoserviceApplication - Starting ZtgeoserviceApplication on DESKTOP-11HLK7N with PID 13828 (F:\work\ztgeoservice\target\classes started by zt01 in F:\work\ztgeoservice)
2020-05-07 17:11:33.756 [main] INFO  com.zt.ztgeoservice.ZtgeoserviceApplication - No active profile set, falling back to default profiles: default
2020-05-07 17:11:34.694 [main] INFO  o.s.boot.web.embedded.tomcat.TomcatWebServer - Tomcat initialized with port(s): 8080 (http)
2020-05-07 17:11:34.701 [main] INFO  org.apache.coyote.http11.Http11NioProtocol - Initializing ProtocolHandler ["http-nio-8080"]
2020-05-07 17:11:34.702 [main] INFO  org.apache.catalina.core.StandardService - Starting service [Tomcat]
2020-05-07 17:11:34.702 [main] INFO  org.apache.catalina.core.StandardEngine - Starting Servlet engine: [Apache Tomcat/9.0.33]
2020-05-07 17:11:34.810 [main] INFO  o.a.c.core.ContainerBase.[Tomcat].[localhost].[/] - Initializing Spring embedded WebApplicationContext
2020-05-07 17:11:34.810 [main] INFO  org.springframework.web.context.ContextLoader - Root WebApplicationContext: initialization completed in 1007 ms
2020-05-07 17:11:35.182 [main] INFO  o.s.scheduling.concurrent.ThreadPoolTaskExecutor - Initializing ExecutorService 'applicationTaskExecutor'
2020-05-07 17:11:35.414 [main] INFO  org.apache.coyote.http11.Http11NioProtocol - Starting ProtocolHandler ["http-nio-8080"]
2020-05-07 17:11:35.434 [main] INFO  o.s.boot.web.embedded.tomcat.TomcatWebServer - Tomcat started on port(s): 8080 (http) with context path ''
2020-05-07 17:11:35.436 [main] INFO  com.zt.ztgeoservice.ZtgeoserviceApplication - Started ZtgeoserviceApplication in 2.355 seconds (JVM running for 3.292)
2020-05-07 17:11:40.981 [http-nio-8080-exec-1] INFO  o.a.c.core.ContainerBase.[Tomcat].[localhost].[/] - Initializing Spring DispatcherServlet 'dispatcherServlet'
2020-05-07 17:11:40.982 [http-nio-8080-exec-1] INFO  org.springframework.web.servlet.DispatcherServlet - Initializing Servlet 'dispatcherServlet'
2020-05-07 17:11:40.989 [http-nio-8080-exec-1] INFO  org.springframework.web.servlet.DispatcherServlet - Completed initialization in 7 ms
2020-05-07 17:11:41.029 [http-nio-8080-exec-1] INFO  com.zaxxer.hikari.HikariDataSource - HikariPool-1 - Starting...
2020-05-07 17:11:41.149 [http-nio-8080-exec-1] INFO  com.zaxxer.hikari.HikariDataSource - HikariPool-1 - Start completed.
2020-05-07 17:54:54.904 [main] INFO  com.zt.ztgeoservice.ZtgeoserviceApplication - Starting ZtgeoserviceApplication on DESKTOP-11HLK7N with PID 15660 (F:\work\ztgeoservice\target\classes started by zt01 in F:\work\ztgeoservice)
2020-05-07 17:54:54.907 [main] INFO  com.zt.ztgeoservice.ZtgeoserviceApplication - No active profile set, falling back to default profiles: default
2020-05-07 17:54:56.176 [main] INFO  o.s.boot.web.embedded.tomcat.TomcatWebServer - Tomcat initialized with port(s): 8080 (http)
2020-05-07 17:54:56.184 [main] INFO  org.apache.coyote.http11.Http11NioProtocol - Initializing ProtocolHandler ["http-nio-8080"]
2020-05-07 17:54:56.184 [main] INFO  org.apache.catalina.core.StandardService - Starting service [Tomcat]
2020-05-07 17:54:56.185 [main] INFO  org.apache.catalina.core.StandardEngine - Starting Servlet engine: [Apache Tomcat/9.0.33]
2020-05-07 17:54:56.284 [main] INFO  o.a.c.core.ContainerBase.[Tomcat].[localhost].[/] - Initializing Spring embedded WebApplicationContext
2020-05-07 17:54:56.284 [main] INFO  org.springframework.web.context.ContextLoader - Root WebApplicationContext: initialization completed in 1327 ms
2020-05-07 17:54:56.737 [main] INFO  o.s.scheduling.concurrent.ThreadPoolTaskExecutor - Initializing ExecutorService 'applicationTaskExecutor'
2020-05-07 17:54:56.931 [main] INFO  org.apache.coyote.http11.Http11NioProtocol - Starting ProtocolHandler ["http-nio-8080"]
2020-05-07 17:54:56.952 [main] INFO  o.s.boot.web.embedded.tomcat.TomcatWebServer - Tomcat started on port(s): 8080 (http) with context path ''
2020-05-07 17:54:56.955 [main] INFO  com.zt.ztgeoservice.ZtgeoserviceApplication - Started ZtgeoserviceApplication in 2.691 seconds (JVM running for 3.688)
2020-05-07 17:55:14.194 [main] INFO  com.zt.ztgeoservice.ZtgeoserviceApplication - Starting ZtgeoserviceApplication on DESKTOP-11HLK7N with PID 8836 (F:\work\ztgeoservice\target\classes started by zt01 in F:\work\ztgeoservice)
2020-05-07 17:55:14.197 [main] INFO  com.zt.ztgeoservice.ZtgeoserviceApplication - No active profile set, falling back to default profiles: default
2020-05-07 17:55:15.120 [main] INFO  o.s.boot.web.embedded.tomcat.TomcatWebServer - Tomcat initialized with port(s): 8080 (http)
2020-05-07 17:55:15.127 [main] INFO  org.apache.coyote.http11.Http11NioProtocol - Initializing ProtocolHandler ["http-nio-8080"]
2020-05-07 17:55:15.128 [main] INFO  org.apache.catalina.core.StandardService - Starting service [Tomcat]
2020-05-07 17:55:15.128 [main] INFO  org.apache.catalina.core.StandardEngine - Starting Servlet engine: [Apache Tomcat/9.0.33]
2020-05-07 17:55:15.222 [main] INFO  o.a.c.core.ContainerBase.[Tomcat].[localhost].[/] - Initializing Spring embedded WebApplicationContext
2020-05-07 17:55:15.222 [main] INFO  org.springframework.web.context.ContextLoader - Root WebApplicationContext: initialization completed in 979 ms
2020-05-07 17:55:15.638 [main] INFO  o.s.scheduling.concurrent.ThreadPoolTaskExecutor - Initializing ExecutorService 'applicationTaskExecutor'
2020-05-07 17:55:15.828 [main] INFO  org.apache.coyote.http11.Http11NioProtocol - Starting ProtocolHandler ["http-nio-8080"]
2020-05-07 17:55:15.848 [main] INFO  o.s.boot.web.embedded.tomcat.TomcatWebServer - Tomcat started on port(s): 8080 (http) with context path ''
2020-05-07 17:55:15.850 [main] INFO  com.zt.ztgeoservice.ZtgeoserviceApplication - Started ZtgeoserviceApplication in 2.4 seconds (JVM running for 3.553)
2020-05-07 17:55:27.848 [http-nio-8080-exec-1] INFO  o.a.c.core.ContainerBase.[Tomcat].[localhost].[/] - Initializing Spring DispatcherServlet 'dispatcherServlet'
2020-05-07 17:55:27.849 [http-nio-8080-exec-1] INFO  org.springframework.web.servlet.DispatcherServlet - Initializing Servlet 'dispatcherServlet'
2020-05-07 17:55:27.855 [http-nio-8080-exec-1] INFO  org.springframework.web.servlet.DispatcherServlet - Completed initialization in 6 ms
2020-05-07 17:55:27.926 [http-nio-8080-exec-1] INFO  com.zaxxer.hikari.HikariDataSource - HikariPool-1 - Starting...
2020-05-07 17:55:28.046 [http-nio-8080-exec-1] INFO  com.zaxxer.hikari.HikariDataSource - HikariPool-1 - Start completed.
2020-05-07 17:56:09.013 [main] INFO  com.zt.ztgeoservice.ZtgeoserviceApplication - Starting ZtgeoserviceApplication on DESKTOP-11HLK7N with PID 4856 (F:\work\ztgeoservice\target\classes started by zt01 in F:\work\ztgeoservice)
2020-05-07 17:56:09.017 [main] INFO  com.zt.ztgeoservice.ZtgeoserviceApplication - No active profile set, falling back to default profiles: default
2020-05-07 17:56:09.931 [main] INFO  o.s.boot.web.embedded.tomcat.TomcatWebServer - Tomcat initialized with port(s): 8080 (http)
2020-05-07 17:56:09.940 [main] INFO  org.apache.coyote.http11.Http11NioProtocol - Initializing ProtocolHandler ["http-nio-8080"]
2020-05-07 17:56:09.940 [main] INFO  org.apache.catalina.core.StandardService - Starting service [Tomcat]
2020-05-07 17:56:09.940 [main] INFO  org.apache.catalina.core.StandardEngine - Starting Servlet engine: [Apache Tomcat/9.0.33]
2020-05-07 17:56:10.069 [main] INFO  o.a.c.core.ContainerBase.[Tomcat].[localhost].[/] - Initializing Spring embedded WebApplicationContext
2020-05-07 17:56:10.069 [main] INFO  org.springframework.web.context.ContextLoader - Root WebApplicationContext: initialization completed in 973 ms
2020-05-07 17:56:10.481 [main] INFO  o.s.scheduling.concurrent.ThreadPoolTaskExecutor - Initializing ExecutorService 'applicationTaskExecutor'
2020-05-07 17:56:10.662 [main] INFO  org.apache.coyote.http11.Http11NioProtocol - Starting ProtocolHandler ["http-nio-8080"]
2020-05-07 17:56:10.681 [main] INFO  o.s.boot.web.embedded.tomcat.TomcatWebServer - Tomcat started on port(s): 8080 (http) with context path ''
2020-05-07 17:56:10.683 [main] INFO  com.zt.ztgeoservice.ZtgeoserviceApplication - Started ZtgeoserviceApplication in 2.188 seconds (JVM running for 3.132)
2020-05-07 17:56:14.665 [http-nio-8080-exec-1] INFO  o.a.c.core.ContainerBase.[Tomcat].[localhost].[/] - Initializing Spring DispatcherServlet 'dispatcherServlet'
2020-05-07 17:56:14.665 [http-nio-8080-exec-1] INFO  org.springframework.web.servlet.DispatcherServlet - Initializing Servlet 'dispatcherServlet'
2020-05-07 17:56:14.672 [http-nio-8080-exec-1] INFO  org.springframework.web.servlet.DispatcherServlet - Completed initialization in 7 ms
2020-05-07 17:56:14.715 [http-nio-8080-exec-1] INFO  com.zaxxer.hikari.HikariDataSource - HikariPool-1 - Starting...
2020-05-07 17:56:14.832 [http-nio-8080-exec-1] INFO  com.zaxxer.hikari.HikariDataSource - HikariPool-1 - Start completed.
2020-05-07 17:58:35.479 [main] INFO  com.zt.ztgeoservice.ZtgeoserviceApplication - Starting ZtgeoserviceApplication on DESKTOP-11HLK7N with PID 5360 (F:\work\ztgeoservice\target\classes started by zt01 in F:\work\ztgeoservice)
2020-05-07 17:58:35.482 [main] INFO  com.zt.ztgeoservice.ZtgeoserviceApplication - No active profile set, falling back to default profiles: default
2020-05-07 17:58:36.504 [main] INFO  o.s.boot.web.embedded.tomcat.TomcatWebServer - Tomcat initialized with port(s): 8080 (http)
2020-05-07 17:58:36.512 [main] INFO  org.apache.coyote.http11.Http11NioProtocol - Initializing ProtocolHandler ["http-nio-8080"]
2020-05-07 17:58:36.513 [main] INFO  org.apache.catalina.core.StandardService - Starting service [Tomcat]
2020-05-07 17:58:36.513 [main] INFO  org.apache.catalina.core.StandardEngine - Starting Servlet engine: [Apache Tomcat/9.0.33]
2020-05-07 17:58:36.604 [main] INFO  o.a.c.core.ContainerBase.[Tomcat].[localhost].[/] - Initializing Spring embedded WebApplicationContext
2020-05-07 17:58:36.604 [main] INFO  org.springframework.web.context.ContextLoader - Root WebApplicationContext: initialization completed in 1017 ms
2020-05-07 17:58:37.031 [main] INFO  o.s.scheduling.concurrent.ThreadPoolTaskExecutor - Initializing ExecutorService 'applicationTaskExecutor'
2020-05-07 17:58:37.214 [main] INFO  org.apache.coyote.http11.Http11NioProtocol - Starting ProtocolHandler ["http-nio-8080"]
2020-05-07 17:58:37.233 [main] INFO  o.s.boot.web.embedded.tomcat.TomcatWebServer - Tomcat started on port(s): 8080 (http) with context path ''
2020-05-07 17:58:37.237 [main] INFO  com.zt.ztgeoservice.ZtgeoserviceApplication - Started ZtgeoserviceApplication in 2.298 seconds (JVM running for 3.251)
2020-05-07 17:58:48.823 [http-nio-8080-exec-1] INFO  o.a.c.core.ContainerBase.[Tomcat].[localhost].[/] - Initializing Spring DispatcherServlet 'dispatcherServlet'
2020-05-07 17:58:48.824 [http-nio-8080-exec-1] INFO  org.springframework.web.servlet.DispatcherServlet - Initializing Servlet 'dispatcherServlet'
2020-05-07 17:58:48.828 [http-nio-8080-exec-1] INFO  org.springframework.web.servlet.DispatcherServlet - Completed initialization in 4 ms
2020-05-07 17:58:48.870 [http-nio-8080-exec-1] INFO  com.zaxxer.hikari.HikariDataSource - HikariPool-1 - Starting...
2020-05-07 17:58:48.988 [http-nio-8080-exec-1] INFO  com.zaxxer.hikari.HikariDataSource - HikariPool-1 - Start completed.
2020-05-07 18:03:40.471 [main] INFO  com.zt.ztgeoservice.ZtgeoserviceApplication - Starting ZtgeoserviceApplication on DESKTOP-11HLK7N with PID 14508 (F:\work\ztgeoservice\target\classes started by zt01 in F:\work\ztgeoservice)
2020-05-07 18:03:40.475 [main] INFO  com.zt.ztgeoservice.ZtgeoserviceApplication - No active profile set, falling back to default profiles: default
2020-05-07 18:03:41.400 [main] INFO  o.s.boot.web.embedded.tomcat.TomcatWebServer - Tomcat initialized with port(s): 8080 (http)
2020-05-07 18:03:41.407 [main] INFO  org.apache.coyote.http11.Http11NioProtocol - Initializing ProtocolHandler ["http-nio-8080"]
2020-05-07 18:03:41.408 [main] INFO  org.apache.catalina.core.StandardService - Starting service [Tomcat]
2020-05-07 18:03:41.409 [main] INFO  org.apache.catalina.core.StandardEngine - Starting Servlet engine: [Apache Tomcat/9.0.33]
2020-05-07 18:03:41.504 [main] INFO  o.a.c.core.ContainerBase.[Tomcat].[localhost].[/] - Initializing Spring embedded WebApplicationContext
2020-05-07 18:03:41.505 [main] INFO  org.springframework.web.context.ContextLoader - Root WebApplicationContext: initialization completed in 950 ms
2020-05-07 18:03:41.941 [main] INFO  o.s.scheduling.concurrent.ThreadPoolTaskExecutor - Initializing ExecutorService 'applicationTaskExecutor'
2020-05-07 18:03:42.129 [main] INFO  org.apache.coyote.http11.Http11NioProtocol - Starting ProtocolHandler ["http-nio-8080"]
2020-05-07 18:03:42.149 [main] INFO  o.s.boot.web.embedded.tomcat.TomcatWebServer - Tomcat started on port(s): 8080 (http) with context path ''
2020-05-07 18:03:42.152 [main] INFO  com.zt.ztgeoservice.ZtgeoserviceApplication - Started ZtgeoserviceApplication in 2.233 seconds (JVM running for 3.182)
2020-05-07 18:03:51.144 [http-nio-8080-exec-1] INFO  o.a.c.core.ContainerBase.[Tomcat].[localhost].[/] - Initializing Spring DispatcherServlet 'dispatcherServlet'
2020-05-07 18:03:51.145 [http-nio-8080-exec-1] INFO  org.springframework.web.servlet.DispatcherServlet - Initializing Servlet 'dispatcherServlet'
2020-05-07 18:03:51.150 [http-nio-8080-exec-1] INFO  org.springframework.web.servlet.DispatcherServlet - Completed initialization in 5 ms
2020-05-07 18:03:51.192 [http-nio-8080-exec-1] INFO  com.zaxxer.hikari.HikariDataSource - HikariPool-1 - Starting...
2020-05-07 18:03:51.308 [http-nio-8080-exec-1] INFO  com.zaxxer.hikari.HikariDataSource - HikariPool-1 - Start completed.
2020-05-07 18:12:27.501 [main] INFO  com.zt.ztgeoservice.ZtgeoserviceApplication - Starting ZtgeoserviceApplication on DESKTOP-11HLK7N with PID 9392 (F:\work\ztgeoservice\target\classes started by zt01 in F:\work\ztgeoservice)
2020-05-07 18:12:27.504 [main] INFO  com.zt.ztgeoservice.ZtgeoserviceApplication - No active profile set, falling back to default profiles: default
2020-05-07 18:12:28.380 [main] INFO  o.s.boot.web.embedded.tomcat.TomcatWebServer - Tomcat initialized with port(s): 8080 (http)
2020-05-07 18:12:28.388 [main] INFO  org.apache.coyote.http11.Http11NioProtocol - Initializing ProtocolHandler ["http-nio-8080"]
2020-05-07 18:12:28.389 [main] INFO  org.apache.catalina.core.StandardService - Starting service [Tomcat]
2020-05-07 18:12:28.389 [main] INFO  org.apache.catalina.core.StandardEngine - Starting Servlet engine: [Apache Tomcat/9.0.33]
2020-05-07 18:12:28.490 [main] INFO  o.a.c.core.ContainerBase.[Tomcat].[localhost].[/] - Initializing Spring embedded WebApplicationContext
2020-05-07 18:12:28.490 [main] INFO  org.springframework.web.context.ContextLoader - Root WebApplicationContext: initialization completed in 944 ms
2020-05-07 18:12:28.911 [main] INFO  o.s.scheduling.concurrent.ThreadPoolTaskExecutor - Initializing ExecutorService 'applicationTaskExecutor'
2020-05-07 18:12:29.096 [main] INFO  org.apache.coyote.http11.Http11NioProtocol - Starting ProtocolHandler ["http-nio-8080"]
2020-05-07 18:12:29.116 [main] INFO  o.s.boot.web.embedded.tomcat.TomcatWebServer - Tomcat started on port(s): 8080 (http) with context path ''
2020-05-07 18:12:29.119 [main] INFO  com.zt.ztgeoservice.ZtgeoserviceApplication - Started ZtgeoserviceApplication in 2.276 seconds (JVM running for 3.228)
2020-05-07 18:12:35.955 [http-nio-8080-exec-1] INFO  o.a.c.core.ContainerBase.[Tomcat].[localhost].[/] - Initializing Spring DispatcherServlet 'dispatcherServlet'
2020-05-07 18:12:35.956 [http-nio-8080-exec-1] INFO  org.springframework.web.servlet.DispatcherServlet - Initializing Servlet 'dispatcherServlet'
2020-05-07 18:12:35.960 [http-nio-8080-exec-1] INFO  org.springframework.web.servlet.DispatcherServlet - Completed initialization in 4 ms
2020-05-07 18:12:36.000 [http-nio-8080-exec-1] INFO  com.zaxxer.hikari.HikariDataSource - HikariPool-1 - Starting...
2020-05-07 18:12:36.121 [http-nio-8080-exec-1] INFO  com.zaxxer.hikari.HikariDataSource - HikariPool-1 - Start completed.
2020-05-07 18:13:51.127 [main] INFO  com.zt.ztgeoservice.ZtgeoserviceApplication - Starting ZtgeoserviceApplication on DESKTOP-11HLK7N with PID 16352 (F:\work\ztgeoservice\target\classes started by zt01 in F:\work\ztgeoservice)
2020-05-07 18:13:51.130 [main] INFO  com.zt.ztgeoservice.ZtgeoserviceApplication - No active profile set, falling back to default profiles: default
2020-05-07 18:13:51.947 [main] INFO  o.s.boot.web.embedded.tomcat.TomcatWebServer - Tomcat initialized with port(s): 8080 (http)
2020-05-07 18:13:51.955 [main] INFO  org.apache.coyote.http11.Http11NioProtocol - Initializing ProtocolHandler ["http-nio-8080"]
2020-05-07 18:13:51.955 [main] INFO  org.apache.catalina.core.StandardService - Starting service [Tomcat]
2020-05-07 18:13:51.956 [main] INFO  org.apache.catalina.core.StandardEngine - Starting Servlet engine: [Apache Tomcat/9.0.33]
2020-05-07 18:13:52.045 [main] INFO  o.a.c.core.ContainerBase.[Tomcat].[localhost].[/] - Initializing Spring embedded WebApplicationContext
2020-05-07 18:13:52.045 [main] INFO  org.springframework.web.context.ContextLoader - Root WebApplicationContext: initialization completed in 881 ms
2020-05-07 18:13:52.449 [main] INFO  o.s.scheduling.concurrent.ThreadPoolTaskExecutor - Initializing ExecutorService 'applicationTaskExecutor'
2020-05-07 18:13:52.628 [main] INFO  org.apache.coyote.http11.Http11NioProtocol - Starting ProtocolHandler ["http-nio-8080"]
2020-05-07 18:13:52.647 [main] INFO  o.s.boot.web.embedded.tomcat.TomcatWebServer - Tomcat started on port(s): 8080 (http) with context path ''
2020-05-07 18:13:52.650 [main] INFO  com.zt.ztgeoservice.ZtgeoserviceApplication - Started ZtgeoserviceApplication in 2.169 seconds (JVM running for 3.195)
2020-05-07 18:14:11.568 [http-nio-8080-exec-1] INFO  o.a.c.core.ContainerBase.[Tomcat].[localhost].[/] - Initializing Spring DispatcherServlet 'dispatcherServlet'
2020-05-07 18:14:11.569 [http-nio-8080-exec-1] INFO  org.springframework.web.servlet.DispatcherServlet - Initializing Servlet 'dispatcherServlet'
2020-05-07 18:14:11.574 [http-nio-8080-exec-1] INFO  org.springframework.web.servlet.DispatcherServlet - Completed initialization in 5 ms
2020-05-07 18:14:11.614 [http-nio-8080-exec-1] INFO  com.zaxxer.hikari.HikariDataSource - HikariPool-1 - Starting...
2020-05-07 18:14:11.734 [http-nio-8080-exec-1] INFO  com.zaxxer.hikari.HikariDataSource - HikariPool-1 - Start completed.
2020-05-07 18:17:13.433 [main] INFO  com.zt.ztgeoservice.ZtgeoserviceApplication - Starting ZtgeoserviceApplication on DESKTOP-11HLK7N with PID 4380 (F:\work\ztgeoservice\target\classes started by zt01 in F:\work\ztgeoservice)
2020-05-07 18:17:13.436 [main] INFO  com.zt.ztgeoservice.ZtgeoserviceApplication - No active profile set, falling back to default profiles: default
2020-05-07 18:17:14.424 [main] INFO  o.s.boot.web.embedded.tomcat.TomcatWebServer - Tomcat initialized with port(s): 8080 (http)
2020-05-07 18:17:14.431 [main] INFO  org.apache.coyote.http11.Http11NioProtocol - Initializing ProtocolHandler ["http-nio-8080"]
2020-05-07 18:17:14.432 [main] INFO  org.apache.catalina.core.StandardService - Starting service [Tomcat]
2020-05-07 18:17:14.432 [main] INFO  org.apache.catalina.core.StandardEngine - Starting Servlet engine: [Apache Tomcat/9.0.33]
2020-05-07 18:17:14.610 [main] INFO  o.a.c.core.ContainerBase.[Tomcat].[localhost].[/] - Initializing Spring embedded WebApplicationContext
2020-05-07 18:17:14.610 [main] INFO  org.springframework.web.context.ContextLoader - Root WebApplicationContext: initialization completed in 1130 ms
2020-05-07 18:17:15.039 [main] INFO  o.s.scheduling.concurrent.ThreadPoolTaskExecutor - Initializing ExecutorService 'applicationTaskExecutor'
2020-05-07 18:17:15.245 [main] INFO  org.apache.coyote.http11.Http11NioProtocol - Starting ProtocolHandler ["http-nio-8080"]
2020-05-07 18:17:15.264 [main] INFO  o.s.boot.web.embedded.tomcat.TomcatWebServer - Tomcat started on port(s): 8080 (http) with context path ''
2020-05-07 18:17:15.266 [main] INFO  com.zt.ztgeoservice.ZtgeoserviceApplication - Started ZtgeoserviceApplication in 2.469 seconds (JVM running for 3.419)
2020-05-07 18:17:31.752 [main] INFO  com.zt.ztgeoservice.ZtgeoserviceApplication - Starting ZtgeoserviceApplication on DESKTOP-11HLK7N with PID 13504 (F:\work\ztgeoservice\target\classes started by zt01 in F:\work\ztgeoservice)
2020-05-07 18:17:31.755 [main] INFO  com.zt.ztgeoservice.ZtgeoserviceApplication - No active profile set, falling back to default profiles: default
2020-05-07 18:17:32.586 [main] INFO  o.s.boot.web.embedded.tomcat.TomcatWebServer - Tomcat initialized with port(s): 8080 (http)
2020-05-07 18:17:32.593 [main] INFO  org.apache.coyote.http11.Http11NioProtocol - Initializing ProtocolHandler ["http-nio-8080"]
2020-05-07 18:17:32.595 [main] INFO  org.apache.catalina.core.StandardService - Starting service [Tomcat]
2020-05-07 18:17:32.595 [main] INFO  org.apache.catalina.core.StandardEngine - Starting Servlet engine: [Apache Tomcat/9.0.33]
2020-05-07 18:17:32.688 [main] INFO  o.a.c.core.ContainerBase.[Tomcat].[localhost].[/] - Initializing Spring embedded WebApplicationContext
2020-05-07 18:17:32.689 [main] INFO  org.springframework.web.context.ContextLoader - Root WebApplicationContext: initialization completed in 894 ms
2020-05-07 18:17:33.100 [main] INFO  o.s.scheduling.concurrent.ThreadPoolTaskExecutor - Initializing ExecutorService 'applicationTaskExecutor'
2020-05-07 18:17:33.283 [main] INFO  org.apache.coyote.http11.Http11NioProtocol - Starting ProtocolHandler ["http-nio-8080"]
2020-05-07 18:17:33.301 [main] INFO  o.s.boot.web.embedded.tomcat.TomcatWebServer - Tomcat started on port(s): 8080 (http) with context path ''
2020-05-07 18:17:33.304 [main] INFO  com.zt.ztgeoservice.ZtgeoserviceApplication - Started ZtgeoserviceApplication in 2.191 seconds (JVM running for 3.136)
2020-05-07 18:17:38.640 [http-nio-8080-exec-1] INFO  o.a.c.core.ContainerBase.[Tomcat].[localhost].[/] - Initializing Spring DispatcherServlet 'dispatcherServlet'
2020-05-07 18:17:38.641 [http-nio-8080-exec-1] INFO  org.springframework.web.servlet.DispatcherServlet - Initializing Servlet 'dispatcherServlet'
2020-05-07 18:17:38.645 [http-nio-8080-exec-1] INFO  org.springframework.web.servlet.DispatcherServlet - Completed initialization in 4 ms
2020-05-07 18:17:38.686 [http-nio-8080-exec-1] INFO  com.zaxxer.hikari.HikariDataSource - HikariPool-1 - Starting...
2020-05-07 18:17:38.811 [http-nio-8080-exec-1] INFO  com.zaxxer.hikari.HikariDataSource - HikariPool-1 - Start completed.
2020-05-07 18:18:04.562 [main] INFO  com.zt.ztgeoservice.ZtgeoserviceApplication - Starting ZtgeoserviceApplication on DESKTOP-11HLK7N with PID 7236 (F:\work\ztgeoservice\target\classes started by zt01 in F:\work\ztgeoservice)
2020-05-07 18:18:04.566 [main] INFO  com.zt.ztgeoservice.ZtgeoserviceApplication - No active profile set, falling back to default profiles: default
2020-05-07 18:18:05.423 [main] INFO  o.s.boot.web.embedded.tomcat.TomcatWebServer - Tomcat initialized with port(s): 8080 (http)
2020-05-07 18:18:05.430 [main] INFO  org.apache.coyote.http11.Http11NioProtocol - Initializing ProtocolHandler ["http-nio-8080"]
2020-05-07 18:18:05.431 [main] INFO  org.apache.catalina.core.StandardService - Starting service [Tomcat]
2020-05-07 18:18:05.431 [main] INFO  org.apache.catalina.core.StandardEngine - Starting Servlet engine: [Apache Tomcat/9.0.33]
2020-05-07 18:18:05.528 [main] INFO  o.a.c.core.ContainerBase.[Tomcat].[localhost].[/] - Initializing Spring embedded WebApplicationContext
2020-05-07 18:18:05.528 [main] INFO  org.springframework.web.context.ContextLoader - Root WebApplicationContext: initialization completed in 926 ms
2020-05-07 18:18:05.972 [main] INFO  o.s.scheduling.concurrent.ThreadPoolTaskExecutor - Initializing ExecutorService 'applicationTaskExecutor'
2020-05-07 18:18:06.235 [main] INFO  org.apache.coyote.http11.Http11NioProtocol - Starting ProtocolHandler ["http-nio-8080"]
2020-05-07 18:18:06.264 [main] INFO  o.s.boot.web.embedded.tomcat.TomcatWebServer - Tomcat started on port(s): 8080 (http) with context path ''
2020-05-07 18:18:06.270 [main] INFO  com.zt.ztgeoservice.ZtgeoserviceApplication - Started ZtgeoserviceApplication in 2.296 seconds (JVM running for 3.255)
2020-05-07 18:18:10.077 [http-nio-8080-exec-1] INFO  o.a.c.core.ContainerBase.[Tomcat].[localhost].[/] - Initializing Spring DispatcherServlet 'dispatcherServlet'
2020-05-07 18:18:10.078 [http-nio-8080-exec-1] INFO  org.springframework.web.servlet.DispatcherServlet - Initializing Servlet 'dispatcherServlet'
2020-05-07 18:18:10.082 [http-nio-8080-exec-1] INFO  org.springframework.web.servlet.DispatcherServlet - Completed initialization in 4 ms
2020-05-07 18:18:10.126 [http-nio-8080-exec-1] INFO  com.zaxxer.hikari.HikariDataSource - HikariPool-1 - Starting...
2020-05-07 18:18:10.243 [http-nio-8080-exec-1] INFO  com.zaxxer.hikari.HikariDataSource - HikariPool-1 - Start completed.
