2020-05-08 08:58:52.748 [main] INFO  com.zt.ztgeoservice.ZtgeoserviceApplication - Starting ZtgeoserviceApplication on DESKTOP-11HLK7N with PID 12044 (F:\work\ztgeoservice\target\classes started by zt01 in F:\work\ztgeoservice)
2020-05-08 08:58:52.764 [main] INFO  com.zt.ztgeoservice.ZtgeoserviceApplication - No active profile set, falling back to default profiles: default
2020-05-08 08:58:53.686 [main] INFO  o.s.boot.web.embedded.tomcat.TomcatWebServer - Tomcat initialized with port(s): 8080 (http)
2020-05-08 08:58:53.701 [main] INFO  org.apache.coyote.http11.Http11NioProtocol - Initializing ProtocolHandler ["http-nio-8080"]
2020-05-08 08:58:53.701 [main] INFO  org.apache.catalina.core.StandardService - Starting service [Tomcat]
2020-05-08 08:58:53.701 [main] INFO  org.apache.catalina.core.StandardEngine - Starting Servlet engine: [Apache Tomcat/9.0.33]
2020-05-08 08:58:54.045 [main] INFO  o.a.c.core.ContainerBase.[Tomcat].[localhost].[/] - Initializing Spring embedded WebApplicationContext
2020-05-08 08:58:54.045 [main] INFO  org.springframework.web.context.ContextLoader - Root WebApplicationContext: initialization completed in 1234 ms
2020-05-08 08:58:54.451 [main] INFO  o.s.scheduling.concurrent.ThreadPoolTaskExecutor - Initializing ExecutorService 'applicationTaskExecutor'
2020-05-08 08:58:54.701 [main] INFO  org.apache.coyote.http11.Http11NioProtocol - Starting ProtocolHandler ["http-nio-8080"]
2020-05-08 08:58:54.717 [main] INFO  o.s.boot.web.embedded.tomcat.TomcatWebServer - Tomcat started on port(s): 8080 (http) with context path ''
2020-05-08 08:58:54.717 [main] INFO  com.zt.ztgeoservice.ZtgeoserviceApplication - Started ZtgeoserviceApplication in 2.687 seconds (JVM running for 4.37)
2020-05-08 08:58:59.232 [http-nio-8080-exec-1] INFO  o.a.c.core.ContainerBase.[Tomcat].[localhost].[/] - Initializing Spring DispatcherServlet 'dispatcherServlet'
2020-05-08 08:58:59.232 [http-nio-8080-exec-1] INFO  org.springframework.web.servlet.DispatcherServlet - Initializing Servlet 'dispatcherServlet'
2020-05-08 08:58:59.247 [http-nio-8080-exec-1] INFO  org.springframework.web.servlet.DispatcherServlet - Completed initialization in 15 ms
2020-05-08 08:58:59.341 [http-nio-8080-exec-1] INFO  com.zaxxer.hikari.HikariDataSource - HikariPool-1 - Starting...
2020-05-08 08:58:59.544 [http-nio-8080-exec-1] INFO  com.zaxxer.hikari.HikariDataSource - HikariPool-1 - Start completed.
2020-05-08 09:07:31.755 [main] INFO  com.zt.ztgeoservice.ZtgeoserviceApplication - Starting ZtgeoserviceApplication on DESKTOP-11HLK7N with PID 11368 (F:\work\ztgeoservice\target\classes started by zt01 in F:\work\ztgeoservice)
2020-05-08 09:07:31.755 [main] INFO  com.zt.ztgeoservice.ZtgeoserviceApplication - No active profile set, falling back to default profiles: default
2020-05-08 09:07:32.630 [main] INFO  o.s.boot.web.embedded.tomcat.TomcatWebServer - Tomcat initialized with port(s): 8080 (http)
2020-05-08 09:07:32.645 [main] INFO  org.apache.coyote.http11.Http11NioProtocol - Initializing ProtocolHandler ["http-nio-8080"]
2020-05-08 09:07:32.645 [main] INFO  org.apache.catalina.core.StandardService - Starting service [Tomcat]
2020-05-08 09:07:32.645 [main] INFO  org.apache.catalina.core.StandardEngine - Starting Servlet engine: [Apache Tomcat/9.0.33]
2020-05-08 09:07:32.739 [main] INFO  o.a.c.core.ContainerBase.[Tomcat].[localhost].[/] - Initializing Spring embedded WebApplicationContext
2020-05-08 09:07:32.739 [main] INFO  org.springframework.web.context.ContextLoader - Root WebApplicationContext: initialization completed in 953 ms
2020-05-08 09:07:33.192 [main] INFO  o.s.scheduling.concurrent.ThreadPoolTaskExecutor - Initializing ExecutorService 'applicationTaskExecutor'
2020-05-08 09:07:33.473 [main] INFO  org.apache.coyote.http11.Http11NioProtocol - Starting ProtocolHandler ["http-nio-8080"]
2020-05-08 09:07:33.520 [main] INFO  o.s.boot.web.embedded.tomcat.TomcatWebServer - Tomcat started on port(s): 8080 (http) with context path ''
2020-05-08 09:07:33.520 [main] INFO  com.zt.ztgeoservice.ZtgeoserviceApplication - Started ZtgeoserviceApplication in 2.233 seconds (JVM running for 3.289)
2020-05-08 09:09:46.976 [http-nio-8080-exec-1] INFO  o.a.c.core.ContainerBase.[Tomcat].[localhost].[/] - Initializing Spring DispatcherServlet 'dispatcherServlet'
2020-05-08 09:09:46.976 [http-nio-8080-exec-1] INFO  org.springframework.web.servlet.DispatcherServlet - Initializing Servlet 'dispatcherServlet'
2020-05-08 09:09:46.976 [http-nio-8080-exec-1] INFO  org.springframework.web.servlet.DispatcherServlet - Completed initialization in 0 ms
2020-05-08 09:09:47.007 [http-nio-8080-exec-1] INFO  com.zaxxer.hikari.HikariDataSource - HikariPool-1 - Starting...
2020-05-08 09:09:47.116 [http-nio-8080-exec-1] INFO  com.zaxxer.hikari.HikariDataSource - HikariPool-1 - Start completed.
2020-05-08 09:36:56.736 [main] INFO  com.zt.ztgeoservice.ZtgeoserviceApplication - Starting ZtgeoserviceApplication on DESKTOP-11HLK7N with PID 14004 (F:\work\ztgeoservice\target\classes started by zt01 in F:\work\ztgeoservice)
2020-05-08 09:36:56.739 [main] INFO  com.zt.ztgeoservice.ZtgeoserviceApplication - No active profile set, falling back to default profiles: default
2020-05-08 09:36:57.873 [main] INFO  o.s.boot.web.embedded.tomcat.TomcatWebServer - Tomcat initialized with port(s): 8080 (http)
2020-05-08 09:36:57.880 [main] INFO  org.apache.coyote.http11.Http11NioProtocol - Initializing ProtocolHandler ["http-nio-8080"]
2020-05-08 09:36:57.881 [main] INFO  org.apache.catalina.core.StandardService - Starting service [Tomcat]
2020-05-08 09:36:57.881 [main] INFO  org.apache.catalina.core.StandardEngine - Starting Servlet engine: [Apache Tomcat/9.0.33]
2020-05-08 09:36:57.979 [main] INFO  o.a.c.core.ContainerBase.[Tomcat].[localhost].[/] - Initializing Spring embedded WebApplicationContext
2020-05-08 09:36:57.979 [main] INFO  org.springframework.web.context.ContextLoader - Root WebApplicationContext: initialization completed in 1156 ms
2020-05-08 09:36:58.416 [main] INFO  o.s.scheduling.concurrent.ThreadPoolTaskExecutor - Initializing ExecutorService 'applicationTaskExecutor'
2020-05-08 09:36:58.618 [main] INFO  org.apache.coyote.http11.Http11NioProtocol - Starting ProtocolHandler ["http-nio-8080"]
2020-05-08 09:36:58.638 [main] INFO  o.s.boot.web.embedded.tomcat.TomcatWebServer - Tomcat started on port(s): 8080 (http) with context path ''
2020-05-08 09:36:58.644 [main] INFO  com.zt.ztgeoservice.ZtgeoserviceApplication - Started ZtgeoserviceApplication in 2.482 seconds (JVM running for 3.557)
2020-05-08 09:41:04.072 [http-nio-8080-exec-1] INFO  o.a.c.core.ContainerBase.[Tomcat].[localhost].[/] - Initializing Spring DispatcherServlet 'dispatcherServlet'
2020-05-08 09:41:04.073 [http-nio-8080-exec-1] INFO  org.springframework.web.servlet.DispatcherServlet - Initializing Servlet 'dispatcherServlet'
2020-05-08 09:41:04.079 [http-nio-8080-exec-1] INFO  org.springframework.web.servlet.DispatcherServlet - Completed initialization in 6 ms
2020-05-08 09:41:04.123 [http-nio-8080-exec-1] INFO  com.zaxxer.hikari.HikariDataSource - HikariPool-1 - Starting...
2020-05-08 09:41:04.238 [http-nio-8080-exec-1] INFO  com.zaxxer.hikari.HikariDataSource - HikariPool-1 - Start completed.
2020-05-08 09:47:30.512 [main] INFO  com.zt.ztgeoservice.ZtgeoserviceApplication - Starting ZtgeoserviceApplication on DESKTOP-11HLK7N with PID 7604 (F:\work\ztgeoservice\target\classes started by zt01 in F:\work\ztgeoservice)
2020-05-08 09:47:30.516 [main] INFO  com.zt.ztgeoservice.ZtgeoserviceApplication - No active profile set, falling back to default profiles: default
2020-05-08 09:47:31.575 [main] INFO  o.s.boot.web.embedded.tomcat.TomcatWebServer - Tomcat initialized with port(s): 8080 (http)
2020-05-08 09:47:31.583 [main] INFO  org.apache.coyote.http11.Http11NioProtocol - Initializing ProtocolHandler ["http-nio-8080"]
2020-05-08 09:47:31.583 [main] INFO  org.apache.catalina.core.StandardService - Starting service [Tomcat]
2020-05-08 09:47:31.583 [main] INFO  org.apache.catalina.core.StandardEngine - Starting Servlet engine: [Apache Tomcat/9.0.33]
2020-05-08 09:47:31.679 [main] INFO  o.a.c.core.ContainerBase.[Tomcat].[localhost].[/] - Initializing Spring embedded WebApplicationContext
2020-05-08 09:47:31.679 [main] INFO  org.springframework.web.context.ContextLoader - Root WebApplicationContext: initialization completed in 1080 ms
2020-05-08 09:47:32.122 [main] INFO  o.s.scheduling.concurrent.ThreadPoolTaskExecutor - Initializing ExecutorService 'applicationTaskExecutor'
2020-05-08 09:47:32.303 [main] INFO  org.apache.coyote.http11.Http11NioProtocol - Starting ProtocolHandler ["http-nio-8080"]
2020-05-08 09:47:32.324 [main] INFO  o.s.boot.web.embedded.tomcat.TomcatWebServer - Tomcat started on port(s): 8080 (http) with context path ''
2020-05-08 09:47:32.327 [main] INFO  com.zt.ztgeoservice.ZtgeoserviceApplication - Started ZtgeoserviceApplication in 2.46 seconds (JVM running for 3.74)
2020-05-08 09:47:36.331 [http-nio-8080-exec-1] INFO  o.a.c.core.ContainerBase.[Tomcat].[localhost].[/] - Initializing Spring DispatcherServlet 'dispatcherServlet'
2020-05-08 09:47:36.332 [http-nio-8080-exec-1] INFO  org.springframework.web.servlet.DispatcherServlet - Initializing Servlet 'dispatcherServlet'
2020-05-08 09:47:36.336 [http-nio-8080-exec-1] INFO  org.springframework.web.servlet.DispatcherServlet - Completed initialization in 4 ms
2020-05-08 09:47:36.378 [http-nio-8080-exec-1] INFO  com.zaxxer.hikari.HikariDataSource - HikariPool-1 - Starting...
2020-05-08 09:47:36.504 [http-nio-8080-exec-1] INFO  com.zaxxer.hikari.HikariDataSource - HikariPool-1 - Start completed.
2020-05-08 09:48:41.048 [main] INFO  com.zt.ztgeoservice.ZtgeoserviceApplication - Starting ZtgeoserviceApplication on DESKTOP-11HLK7N with PID 2844 (F:\work\ztgeoservice\target\classes started by zt01 in F:\work\ztgeoservice)
2020-05-08 09:48:41.051 [main] INFO  com.zt.ztgeoservice.ZtgeoserviceApplication - No active profile set, falling back to default profiles: default
2020-05-08 09:48:42.068 [main] INFO  o.s.boot.web.embedded.tomcat.TomcatWebServer - Tomcat initialized with port(s): 8080 (http)
2020-05-08 09:48:42.077 [main] INFO  org.apache.coyote.http11.Http11NioProtocol - Initializing ProtocolHandler ["http-nio-8080"]
2020-05-08 09:48:42.077 [main] INFO  org.apache.catalina.core.StandardService - Starting service [Tomcat]
2020-05-08 09:48:42.078 [main] INFO  org.apache.catalina.core.StandardEngine - Starting Servlet engine: [Apache Tomcat/9.0.33]
2020-05-08 09:48:42.173 [main] INFO  o.a.c.core.ContainerBase.[Tomcat].[localhost].[/] - Initializing Spring embedded WebApplicationContext
2020-05-08 09:48:42.174 [main] INFO  org.springframework.web.context.ContextLoader - Root WebApplicationContext: initialization completed in 1075 ms
2020-05-08 09:48:42.648 [main] INFO  o.s.scheduling.concurrent.ThreadPoolTaskExecutor - Initializing ExecutorService 'applicationTaskExecutor'
2020-05-08 09:48:42.835 [main] INFO  org.apache.coyote.http11.Http11NioProtocol - Starting ProtocolHandler ["http-nio-8080"]
2020-05-08 09:48:42.856 [main] INFO  o.s.boot.web.embedded.tomcat.TomcatWebServer - Tomcat started on port(s): 8080 (http) with context path ''
2020-05-08 09:48:42.859 [main] INFO  com.zt.ztgeoservice.ZtgeoserviceApplication - Started ZtgeoserviceApplication in 2.431 seconds (JVM running for 3.407)
2020-05-08 09:48:45.908 [http-nio-8080-exec-1] INFO  o.a.c.core.ContainerBase.[Tomcat].[localhost].[/] - Initializing Spring DispatcherServlet 'dispatcherServlet'
2020-05-08 09:48:45.909 [http-nio-8080-exec-1] INFO  org.springframework.web.servlet.DispatcherServlet - Initializing Servlet 'dispatcherServlet'
2020-05-08 09:48:45.915 [http-nio-8080-exec-1] INFO  org.springframework.web.servlet.DispatcherServlet - Completed initialization in 6 ms
2020-05-08 09:48:45.955 [http-nio-8080-exec-1] INFO  com.zaxxer.hikari.HikariDataSource - HikariPool-1 - Starting...
2020-05-08 09:48:46.082 [http-nio-8080-exec-1] INFO  com.zaxxer.hikari.HikariDataSource - HikariPool-1 - Start completed.
2020-05-08 09:49:17.821 [main] INFO  com.zt.ztgeoservice.ZtgeoserviceApplication - Starting ZtgeoserviceApplication on DESKTOP-11HLK7N with PID 1036 (F:\work\ztgeoservice\target\classes started by zt01 in F:\work\ztgeoservice)
2020-05-08 09:49:17.825 [main] INFO  com.zt.ztgeoservice.ZtgeoserviceApplication - No active profile set, falling back to default profiles: default
2020-05-08 09:49:18.851 [main] INFO  o.s.boot.web.embedded.tomcat.TomcatWebServer - Tomcat initialized with port(s): 8080 (http)
2020-05-08 09:49:18.860 [main] INFO  org.apache.coyote.http11.Http11NioProtocol - Initializing ProtocolHandler ["http-nio-8080"]
2020-05-08 09:49:18.860 [main] INFO  org.apache.catalina.core.StandardService - Starting service [Tomcat]
2020-05-08 09:49:18.860 [main] INFO  org.apache.catalina.core.StandardEngine - Starting Servlet engine: [Apache Tomcat/9.0.33]
2020-05-08 09:49:18.961 [main] INFO  o.a.c.core.ContainerBase.[Tomcat].[localhost].[/] - Initializing Spring embedded WebApplicationContext
2020-05-08 09:49:18.961 [main] INFO  org.springframework.web.context.ContextLoader - Root WebApplicationContext: initialization completed in 1067 ms
2020-05-08 09:49:19.399 [main] INFO  o.s.scheduling.concurrent.ThreadPoolTaskExecutor - Initializing ExecutorService 'applicationTaskExecutor'
2020-05-08 09:49:19.581 [main] INFO  org.apache.coyote.http11.Http11NioProtocol - Starting ProtocolHandler ["http-nio-8080"]
2020-05-08 09:49:19.601 [main] INFO  o.s.boot.web.embedded.tomcat.TomcatWebServer - Tomcat started on port(s): 8080 (http) with context path ''
2020-05-08 09:49:19.604 [main] INFO  com.zt.ztgeoservice.ZtgeoserviceApplication - Started ZtgeoserviceApplication in 2.397 seconds (JVM running for 3.458)
2020-05-08 09:49:23.345 [http-nio-8080-exec-1] INFO  o.a.c.core.ContainerBase.[Tomcat].[localhost].[/] - Initializing Spring DispatcherServlet 'dispatcherServlet'
2020-05-08 09:49:23.345 [http-nio-8080-exec-1] INFO  org.springframework.web.servlet.DispatcherServlet - Initializing Servlet 'dispatcherServlet'
2020-05-08 09:49:23.350 [http-nio-8080-exec-1] INFO  org.springframework.web.servlet.DispatcherServlet - Completed initialization in 5 ms
2020-05-08 09:49:23.402 [http-nio-8080-exec-1] INFO  com.zaxxer.hikari.HikariDataSource - HikariPool-1 - Starting...
2020-05-08 09:49:23.568 [http-nio-8080-exec-1] INFO  com.zaxxer.hikari.HikariDataSource - HikariPool-1 - Start completed.
2020-05-08 09:59:10.529 [main] INFO  com.zt.ztgeoservice.ZtgeoserviceApplication - Starting ZtgeoserviceApplication on DESKTOP-11HLK7N with PID 10940 (F:\work\ztgeoservice\target\classes started by zt01 in F:\work\ztgeoservice)
2020-05-08 09:59:10.532 [main] INFO  com.zt.ztgeoservice.ZtgeoserviceApplication - No active profile set, falling back to default profiles: default
2020-05-08 09:59:11.466 [main] INFO  o.s.boot.web.embedded.tomcat.TomcatWebServer - Tomcat initialized with port(s): 8080 (http)
2020-05-08 09:59:11.473 [main] INFO  org.apache.coyote.http11.Http11NioProtocol - Initializing ProtocolHandler ["http-nio-8080"]
2020-05-08 09:59:11.474 [main] INFO  org.apache.catalina.core.StandardService - Starting service [Tomcat]
2020-05-08 09:59:11.474 [main] INFO  org.apache.catalina.core.StandardEngine - Starting Servlet engine: [Apache Tomcat/9.0.33]
2020-05-08 09:59:11.603 [main] INFO  o.a.c.core.ContainerBase.[Tomcat].[localhost].[/] - Initializing Spring embedded WebApplicationContext
2020-05-08 09:59:11.613 [main] INFO  org.springframework.web.context.ContextLoader - Root WebApplicationContext: initialization completed in 1043 ms
2020-05-08 09:59:12.035 [main] INFO  o.s.scheduling.concurrent.ThreadPoolTaskExecutor - Initializing ExecutorService 'applicationTaskExecutor'
2020-05-08 09:59:12.214 [main] INFO  org.apache.coyote.http11.Http11NioProtocol - Starting ProtocolHandler ["http-nio-8080"]
2020-05-08 09:59:12.231 [main] INFO  o.s.boot.web.embedded.tomcat.TomcatWebServer - Tomcat started on port(s): 8080 (http) with context path ''
2020-05-08 09:59:12.233 [main] INFO  com.zt.ztgeoservice.ZtgeoserviceApplication - Started ZtgeoserviceApplication in 2.27 seconds (JVM running for 3.307)
2020-05-08 09:59:59.812 [http-nio-8080-exec-1] INFO  o.a.c.core.ContainerBase.[Tomcat].[localhost].[/] - Initializing Spring DispatcherServlet 'dispatcherServlet'
2020-05-08 09:59:59.812 [http-nio-8080-exec-1] INFO  org.springframework.web.servlet.DispatcherServlet - Initializing Servlet 'dispatcherServlet'
2020-05-08 09:59:59.818 [http-nio-8080-exec-1] INFO  org.springframework.web.servlet.DispatcherServlet - Completed initialization in 5 ms
2020-05-08 09:59:59.861 [http-nio-8080-exec-1] INFO  com.zaxxer.hikari.HikariDataSource - HikariPool-1 - Starting...
2020-05-08 10:00:00.030 [http-nio-8080-exec-1] INFO  com.zaxxer.hikari.HikariDataSource - HikariPool-1 - Start completed.
2020-05-08 14:06:38.062 [main] INFO  com.zt.ztgeoservice.ZtgeoserviceApplication - Starting ZtgeoserviceApplication on DESKTOP-11HLK7N with PID 6868 (F:\work\ztgeoservice\target\classes started by zt01 in F:\work\ztgeoservice)
2020-05-08 14:06:38.067 [main] INFO  com.zt.ztgeoservice.ZtgeoserviceApplication - No active profile set, falling back to default profiles: default
2020-05-08 14:06:39.328 [main] INFO  o.s.boot.web.embedded.tomcat.TomcatWebServer - Tomcat initialized with port(s): 8080 (http)
2020-05-08 14:06:39.337 [main] INFO  org.apache.coyote.http11.Http11NioProtocol - Initializing ProtocolHandler ["http-nio-8080"]
2020-05-08 14:06:39.338 [main] INFO  org.apache.catalina.core.StandardService - Starting service [Tomcat]
2020-05-08 14:06:39.339 [main] INFO  org.apache.catalina.core.StandardEngine - Starting Servlet engine: [Apache Tomcat/9.0.33]
2020-05-08 14:06:39.456 [main] INFO  o.a.c.core.ContainerBase.[Tomcat].[localhost].[/] - Initializing Spring embedded WebApplicationContext
2020-05-08 14:06:39.456 [main] INFO  org.springframework.web.context.ContextLoader - Root WebApplicationContext: initialization completed in 1343 ms
2020-05-08 14:06:40.012 [main] INFO  o.s.scheduling.concurrent.ThreadPoolTaskExecutor - Initializing ExecutorService 'applicationTaskExecutor'
2020-05-08 14:06:40.234 [main] INFO  org.apache.coyote.http11.Http11NioProtocol - Starting ProtocolHandler ["http-nio-8080"]
2020-05-08 14:06:40.264 [main] INFO  o.s.boot.web.embedded.tomcat.TomcatWebServer - Tomcat started on port(s): 8080 (http) with context path ''
2020-05-08 14:06:40.269 [main] INFO  com.zt.ztgeoservice.ZtgeoserviceApplication - Started ZtgeoserviceApplication in 2.842 seconds (JVM running for 5.322)
2020-05-08 14:07:15.628 [http-nio-8080-exec-2] INFO  o.a.c.core.ContainerBase.[Tomcat].[localhost].[/] - Initializing Spring DispatcherServlet 'dispatcherServlet'
2020-05-08 14:07:15.629 [http-nio-8080-exec-2] INFO  org.springframework.web.servlet.DispatcherServlet - Initializing Servlet 'dispatcherServlet'
2020-05-08 14:07:15.634 [http-nio-8080-exec-2] INFO  org.springframework.web.servlet.DispatcherServlet - Completed initialization in 5 ms
2020-05-08 14:07:15.688 [http-nio-8080-exec-2] INFO  com.zaxxer.hikari.HikariDataSource - HikariPool-1 - Starting...
2020-05-08 14:07:15.849 [http-nio-8080-exec-2] INFO  com.zaxxer.hikari.HikariDataSource - HikariPool-1 - Start completed.
2020-05-08 14:36:12.638 [main] INFO  com.zt.ztgeoservice.ZtgeoserviceApplication - Starting ZtgeoserviceApplication on DESKTOP-11HLK7N with PID 7504 (F:\work\ztgeoservice\target\classes started by zt01 in F:\work\ztgeoservice)
2020-05-08 14:36:12.642 [main] INFO  com.zt.ztgeoservice.ZtgeoserviceApplication - No active profile set, falling back to default profiles: default
2020-05-08 14:36:13.671 [main] INFO  o.s.boot.web.embedded.tomcat.TomcatWebServer - Tomcat initialized with port(s): 8080 (http)
2020-05-08 14:36:13.681 [main] INFO  org.apache.coyote.http11.Http11NioProtocol - Initializing ProtocolHandler ["http-nio-8080"]
2020-05-08 14:36:13.682 [main] INFO  org.apache.catalina.core.StandardService - Starting service [Tomcat]
2020-05-08 14:36:13.682 [main] INFO  org.apache.catalina.core.StandardEngine - Starting Servlet engine: [Apache Tomcat/9.0.33]
2020-05-08 14:36:13.797 [main] INFO  o.a.c.core.ContainerBase.[Tomcat].[localhost].[/] - Initializing Spring embedded WebApplicationContext
2020-05-08 14:36:13.798 [main] INFO  org.springframework.web.context.ContextLoader - Root WebApplicationContext: initialization completed in 1116 ms
2020-05-08 14:36:14.333 [main] INFO  o.s.scheduling.concurrent.ThreadPoolTaskExecutor - Initializing ExecutorService 'applicationTaskExecutor'
2020-05-08 14:36:14.552 [main] INFO  org.apache.coyote.http11.Http11NioProtocol - Starting ProtocolHandler ["http-nio-8080"]
2020-05-08 14:36:14.578 [main] INFO  o.s.boot.web.embedded.tomcat.TomcatWebServer - Tomcat started on port(s): 8080 (http) with context path ''
2020-05-08 14:36:14.581 [main] INFO  com.zt.ztgeoservice.ZtgeoserviceApplication - Started ZtgeoserviceApplication in 2.656 seconds (JVM running for 4.754)
2020-05-08 14:36:23.706 [http-nio-8080-exec-2] INFO  o.a.c.core.ContainerBase.[Tomcat].[localhost].[/] - Initializing Spring DispatcherServlet 'dispatcherServlet'
2020-05-08 14:36:23.707 [http-nio-8080-exec-2] INFO  org.springframework.web.servlet.DispatcherServlet - Initializing Servlet 'dispatcherServlet'
2020-05-08 14:36:23.713 [http-nio-8080-exec-2] INFO  org.springframework.web.servlet.DispatcherServlet - Completed initialization in 6 ms
2020-05-08 14:36:23.767 [http-nio-8080-exec-2] INFO  com.zaxxer.hikari.HikariDataSource - HikariPool-1 - Starting...
2020-05-08 14:36:23.929 [http-nio-8080-exec-2] INFO  com.zaxxer.hikari.HikariDataSource - HikariPool-1 - Start completed.
2020-05-08 15:45:12.141 [main] INFO  com.zt.ztgeoservice.ZtgeoserviceApplication - Starting ZtgeoserviceApplication on DESKTOP-11HLK7N with PID 12300 (F:\work\ztgeoservice\target\classes started by zt01 in F:\work\ztgeoservice)
2020-05-08 15:45:12.145 [main] INFO  com.zt.ztgeoservice.ZtgeoserviceApplication - No active profile set, falling back to default profiles: default
2020-05-08 15:45:13.234 [main] INFO  o.s.boot.web.embedded.tomcat.TomcatWebServer - Tomcat initialized with port(s): 8080 (http)
2020-05-08 15:45:13.245 [main] INFO  org.apache.coyote.http11.Http11NioProtocol - Initializing ProtocolHandler ["http-nio-8080"]
2020-05-08 15:45:13.246 [main] INFO  org.apache.catalina.core.StandardService - Starting service [Tomcat]
2020-05-08 15:45:13.246 [main] INFO  org.apache.catalina.core.StandardEngine - Starting Servlet engine: [Apache Tomcat/9.0.33]
2020-05-08 15:45:13.358 [main] INFO  o.a.c.core.ContainerBase.[Tomcat].[localhost].[/] - Initializing Spring embedded WebApplicationContext
2020-05-08 15:45:13.358 [main] INFO  org.springframework.web.context.ContextLoader - Root WebApplicationContext: initialization completed in 1163 ms
2020-05-08 15:45:13.955 [main] INFO  o.s.scheduling.concurrent.ThreadPoolTaskExecutor - Initializing ExecutorService 'applicationTaskExecutor'
2020-05-08 15:45:14.191 [main] INFO  org.apache.coyote.http11.Http11NioProtocol - Starting ProtocolHandler ["http-nio-8080"]
2020-05-08 15:45:14.220 [main] INFO  o.s.boot.web.embedded.tomcat.TomcatWebServer - Tomcat started on port(s): 8080 (http) with context path ''
2020-05-08 15:45:14.224 [main] INFO  com.zt.ztgeoservice.ZtgeoserviceApplication - Started ZtgeoserviceApplication in 2.953 seconds (JVM running for 4.459)
2020-05-08 15:45:18.922 [http-nio-8080-exec-1] INFO  o.a.c.core.ContainerBase.[Tomcat].[localhost].[/] - Initializing Spring DispatcherServlet 'dispatcherServlet'
2020-05-08 15:45:18.923 [http-nio-8080-exec-1] INFO  org.springframework.web.servlet.DispatcherServlet - Initializing Servlet 'dispatcherServlet'
2020-05-08 15:45:18.928 [http-nio-8080-exec-1] INFO  org.springframework.web.servlet.DispatcherServlet - Completed initialization in 5 ms
2020-05-08 15:45:18.985 [http-nio-8080-exec-1] INFO  com.zaxxer.hikari.HikariDataSource - HikariPool-1 - Starting...
2020-05-08 15:45:19.147 [http-nio-8080-exec-1] INFO  com.zaxxer.hikari.HikariDataSource - HikariPool-1 - Start completed.
2020-05-08 15:46:20.918 [main] INFO  com.zt.ztgeoservice.ZtgeoserviceApplication - Starting ZtgeoserviceApplication on DESKTOP-11HLK7N with PID 2840 (F:\work\ztgeoservice\target\classes started by zt01 in F:\work\ztgeoservice)
2020-05-08 15:46:20.922 [main] INFO  com.zt.ztgeoservice.ZtgeoserviceApplication - No active profile set, falling back to default profiles: default
2020-05-08 15:46:22.024 [main] INFO  o.s.boot.web.embedded.tomcat.TomcatWebServer - Tomcat initialized with port(s): 8080 (http)
2020-05-08 15:46:22.034 [main] INFO  org.apache.coyote.http11.Http11NioProtocol - Initializing ProtocolHandler ["http-nio-8080"]
2020-05-08 15:46:22.035 [main] INFO  org.apache.catalina.core.StandardService - Starting service [Tomcat]
2020-05-08 15:46:22.035 [main] INFO  org.apache.catalina.core.StandardEngine - Starting Servlet engine: [Apache Tomcat/9.0.33]
2020-05-08 15:46:22.144 [main] INFO  o.a.c.core.ContainerBase.[Tomcat].[localhost].[/] - Initializing Spring embedded WebApplicationContext
2020-05-08 15:46:22.145 [main] INFO  org.springframework.web.context.ContextLoader - Root WebApplicationContext: initialization completed in 1165 ms
2020-05-08 15:46:22.669 [main] INFO  o.s.scheduling.concurrent.ThreadPoolTaskExecutor - Initializing ExecutorService 'applicationTaskExecutor'
2020-05-08 15:46:22.886 [main] INFO  org.apache.coyote.http11.Http11NioProtocol - Starting ProtocolHandler ["http-nio-8080"]
2020-05-08 15:46:22.912 [main] INFO  o.s.boot.web.embedded.tomcat.TomcatWebServer - Tomcat started on port(s): 8080 (http) with context path ''
2020-05-08 15:46:22.916 [main] INFO  com.zt.ztgeoservice.ZtgeoserviceApplication - Started ZtgeoserviceApplication in 2.824 seconds (JVM running for 4.296)
2020-05-08 15:46:26.672 [http-nio-8080-exec-2] INFO  o.a.c.core.ContainerBase.[Tomcat].[localhost].[/] - Initializing Spring DispatcherServlet 'dispatcherServlet'
2020-05-08 15:46:26.673 [http-nio-8080-exec-2] INFO  org.springframework.web.servlet.DispatcherServlet - Initializing Servlet 'dispatcherServlet'
2020-05-08 15:46:26.679 [http-nio-8080-exec-2] INFO  org.springframework.web.servlet.DispatcherServlet - Completed initialization in 6 ms
2020-05-08 15:46:26.739 [http-nio-8080-exec-2] INFO  com.zaxxer.hikari.HikariDataSource - HikariPool-1 - Starting...
2020-05-08 15:46:26.901 [http-nio-8080-exec-2] INFO  com.zaxxer.hikari.HikariDataSource - HikariPool-1 - Start completed.
2020-05-08 15:48:38.260 [main] INFO  com.zt.ztgeoservice.ZtgeoserviceApplication - Starting ZtgeoserviceApplication on DESKTOP-11HLK7N with PID 9648 (F:\work\ztgeoservice\target\classes started by zt01 in F:\work\ztgeoservice)
2020-05-08 15:48:38.264 [main] INFO  com.zt.ztgeoservice.ZtgeoserviceApplication - No active profile set, falling back to default profiles: default
2020-05-08 15:48:39.327 [main] INFO  o.s.boot.web.embedded.tomcat.TomcatWebServer - Tomcat initialized with port(s): 8080 (http)
2020-05-08 15:48:39.336 [main] INFO  org.apache.coyote.http11.Http11NioProtocol - Initializing ProtocolHandler ["http-nio-8080"]
2020-05-08 15:48:39.337 [main] INFO  org.apache.catalina.core.StandardService - Starting service [Tomcat]
2020-05-08 15:48:39.337 [main] INFO  org.apache.catalina.core.StandardEngine - Starting Servlet engine: [Apache Tomcat/9.0.33]
2020-05-08 15:48:39.447 [main] INFO  o.a.c.core.ContainerBase.[Tomcat].[localhost].[/] - Initializing Spring embedded WebApplicationContext
2020-05-08 15:48:39.447 [main] INFO  org.springframework.web.context.ContextLoader - Root WebApplicationContext: initialization completed in 1140 ms
2020-05-08 15:48:39.984 [main] INFO  o.s.scheduling.concurrent.ThreadPoolTaskExecutor - Initializing ExecutorService 'applicationTaskExecutor'
2020-05-08 15:48:40.204 [main] INFO  org.apache.coyote.http11.Http11NioProtocol - Starting ProtocolHandler ["http-nio-8080"]
2020-05-08 15:48:40.232 [main] INFO  o.s.boot.web.embedded.tomcat.TomcatWebServer - Tomcat started on port(s): 8080 (http) with context path ''
2020-05-08 15:48:40.235 [main] INFO  com.zt.ztgeoservice.ZtgeoserviceApplication - Started ZtgeoserviceApplication in 2.872 seconds (JVM running for 4.376)
2020-05-08 15:49:04.220 [http-nio-8080-exec-2] INFO  o.a.c.core.ContainerBase.[Tomcat].[localhost].[/] - Initializing Spring DispatcherServlet 'dispatcherServlet'
2020-05-08 15:49:04.221 [http-nio-8080-exec-2] INFO  org.springframework.web.servlet.DispatcherServlet - Initializing Servlet 'dispatcherServlet'
2020-05-08 15:49:04.227 [http-nio-8080-exec-2] INFO  org.springframework.web.servlet.DispatcherServlet - Completed initialization in 6 ms
2020-05-08 15:49:04.279 [http-nio-8080-exec-2] INFO  com.zaxxer.hikari.HikariDataSource - HikariPool-1 - Starting...
2020-05-08 15:49:04.437 [http-nio-8080-exec-2] INFO  com.zaxxer.hikari.HikariDataSource - HikariPool-1 - Start completed.
2020-05-08 15:49:57.988 [main] INFO  com.zt.ztgeoservice.ZtgeoserviceApplication - Starting ZtgeoserviceApplication on DESKTOP-11HLK7N with PID 5764 (F:\work\ztgeoservice\target\classes started by zt01 in F:\work\ztgeoservice)
2020-05-08 15:49:57.993 [main] INFO  com.zt.ztgeoservice.ZtgeoserviceApplication - No active profile set, falling back to default profiles: default
2020-05-08 15:49:59.067 [main] INFO  o.s.boot.web.embedded.tomcat.TomcatWebServer - Tomcat initialized with port(s): 8080 (http)
2020-05-08 15:49:59.079 [main] INFO  org.apache.coyote.http11.Http11NioProtocol - Initializing ProtocolHandler ["http-nio-8080"]
2020-05-08 15:49:59.080 [main] INFO  org.apache.catalina.core.StandardService - Starting service [Tomcat]
2020-05-08 15:49:59.081 [main] INFO  org.apache.catalina.core.StandardEngine - Starting Servlet engine: [Apache Tomcat/9.0.33]
2020-05-08 15:49:59.202 [main] INFO  o.a.c.core.ContainerBase.[Tomcat].[localhost].[/] - Initializing Spring embedded WebApplicationContext
2020-05-08 15:49:59.203 [main] INFO  org.springframework.web.context.ContextLoader - Root WebApplicationContext: initialization completed in 1169 ms
2020-05-08 15:49:59.784 [main] INFO  o.s.scheduling.concurrent.ThreadPoolTaskExecutor - Initializing ExecutorService 'applicationTaskExecutor'
2020-05-08 15:50:00.037 [main] INFO  org.apache.coyote.http11.Http11NioProtocol - Starting ProtocolHandler ["http-nio-8080"]
2020-05-08 15:50:00.065 [main] INFO  o.s.boot.web.embedded.tomcat.TomcatWebServer - Tomcat started on port(s): 8080 (http) with context path ''
2020-05-08 15:50:00.069 [main] INFO  com.zt.ztgeoservice.ZtgeoserviceApplication - Started ZtgeoserviceApplication in 2.951 seconds (JVM running for 4.485)
2020-05-08 15:50:05.557 [http-nio-8080-exec-2] INFO  o.a.c.core.ContainerBase.[Tomcat].[localhost].[/] - Initializing Spring DispatcherServlet 'dispatcherServlet'
2020-05-08 15:50:05.558 [http-nio-8080-exec-2] INFO  org.springframework.web.servlet.DispatcherServlet - Initializing Servlet 'dispatcherServlet'
2020-05-08 15:50:05.563 [http-nio-8080-exec-2] INFO  org.springframework.web.servlet.DispatcherServlet - Completed initialization in 5 ms
2020-05-08 15:50:05.619 [http-nio-8080-exec-2] INFO  com.zaxxer.hikari.HikariDataSource - HikariPool-1 - Starting...
2020-05-08 15:50:05.777 [http-nio-8080-exec-2] INFO  com.zaxxer.hikari.HikariDataSource - HikariPool-1 - Start completed.
2020-05-08 15:50:41.123 [main] INFO  com.zt.ztgeoservice.ZtgeoserviceApplication - Starting ZtgeoserviceApplication on DESKTOP-11HLK7N with PID 7132 (F:\work\ztgeoservice\target\classes started by zt01 in F:\work\ztgeoservice)
2020-05-08 15:50:41.127 [main] INFO  com.zt.ztgeoservice.ZtgeoserviceApplication - No active profile set, falling back to default profiles: default
2020-05-08 15:50:42.190 [main] INFO  o.s.boot.web.embedded.tomcat.TomcatWebServer - Tomcat initialized with port(s): 8080 (http)
2020-05-08 15:50:42.201 [main] INFO  org.apache.coyote.http11.Http11NioProtocol - Initializing ProtocolHandler ["http-nio-8080"]
2020-05-08 15:50:42.202 [main] INFO  org.apache.catalina.core.StandardService - Starting service [Tomcat]
2020-05-08 15:50:42.202 [main] INFO  org.apache.catalina.core.StandardEngine - Starting Servlet engine: [Apache Tomcat/9.0.33]
2020-05-08 15:50:42.359 [main] INFO  o.a.c.core.ContainerBase.[Tomcat].[localhost].[/] - Initializing Spring embedded WebApplicationContext
2020-05-08 15:50:42.359 [main] INFO  org.springframework.web.context.ContextLoader - Root WebApplicationContext: initialization completed in 1184 ms
2020-05-08 15:50:42.885 [main] INFO  o.s.scheduling.concurrent.ThreadPoolTaskExecutor - Initializing ExecutorService 'applicationTaskExecutor'
2020-05-08 15:50:43.110 [main] INFO  org.apache.coyote.http11.Http11NioProtocol - Starting ProtocolHandler ["http-nio-8080"]
2020-05-08 15:50:43.137 [main] INFO  o.s.boot.web.embedded.tomcat.TomcatWebServer - Tomcat started on port(s): 8080 (http) with context path ''
2020-05-08 15:50:43.140 [main] INFO  com.zt.ztgeoservice.ZtgeoserviceApplication - Started ZtgeoserviceApplication in 2.831 seconds (JVM running for 4.35)
2020-05-08 15:50:49.496 [http-nio-8080-exec-1] INFO  o.a.c.core.ContainerBase.[Tomcat].[localhost].[/] - Initializing Spring DispatcherServlet 'dispatcherServlet'
2020-05-08 15:50:49.496 [http-nio-8080-exec-1] INFO  org.springframework.web.servlet.DispatcherServlet - Initializing Servlet 'dispatcherServlet'
2020-05-08 15:50:49.503 [http-nio-8080-exec-1] INFO  org.springframework.web.servlet.DispatcherServlet - Completed initialization in 7 ms
2020-05-08 15:50:49.555 [http-nio-8080-exec-1] INFO  com.zaxxer.hikari.HikariDataSource - HikariPool-1 - Starting...
2020-05-08 15:50:49.712 [http-nio-8080-exec-1] INFO  com.zaxxer.hikari.HikariDataSource - HikariPool-1 - Start completed.
2020-05-08 15:51:13.188 [main] INFO  com.zt.ztgeoservice.ZtgeoserviceApplication - Starting ZtgeoserviceApplication on DESKTOP-11HLK7N with PID 13836 (F:\work\ztgeoservice\target\classes started by zt01 in F:\work\ztgeoservice)
2020-05-08 15:51:13.192 [main] INFO  com.zt.ztgeoservice.ZtgeoserviceApplication - No active profile set, falling back to default profiles: default
2020-05-08 15:51:14.246 [main] INFO  o.s.boot.web.embedded.tomcat.TomcatWebServer - Tomcat initialized with port(s): 8080 (http)
2020-05-08 15:51:14.256 [main] INFO  org.apache.coyote.http11.Http11NioProtocol - Initializing ProtocolHandler ["http-nio-8080"]
2020-05-08 15:51:14.256 [main] INFO  org.apache.catalina.core.StandardService - Starting service [Tomcat]
2020-05-08 15:51:14.257 [main] INFO  org.apache.catalina.core.StandardEngine - Starting Servlet engine: [Apache Tomcat/9.0.33]
2020-05-08 15:51:14.362 [main] INFO  o.a.c.core.ContainerBase.[Tomcat].[localhost].[/] - Initializing Spring embedded WebApplicationContext
2020-05-08 15:51:14.362 [main] INFO  org.springframework.web.context.ContextLoader - Root WebApplicationContext: initialization completed in 1132 ms
2020-05-08 15:51:14.890 [main] INFO  o.s.scheduling.concurrent.ThreadPoolTaskExecutor - Initializing ExecutorService 'applicationTaskExecutor'
2020-05-08 15:51:15.120 [main] INFO  org.apache.coyote.http11.Http11NioProtocol - Starting ProtocolHandler ["http-nio-8080"]
2020-05-08 15:51:15.148 [main] INFO  o.s.boot.web.embedded.tomcat.TomcatWebServer - Tomcat started on port(s): 8080 (http) with context path ''
2020-05-08 15:51:15.152 [main] INFO  com.zt.ztgeoservice.ZtgeoserviceApplication - Started ZtgeoserviceApplication in 2.741 seconds (JVM running for 4.194)
2020-05-08 15:51:17.745 [http-nio-8080-exec-2] INFO  o.a.c.core.ContainerBase.[Tomcat].[localhost].[/] - Initializing Spring DispatcherServlet 'dispatcherServlet'
2020-05-08 15:51:17.745 [http-nio-8080-exec-2] INFO  org.springframework.web.servlet.DispatcherServlet - Initializing Servlet 'dispatcherServlet'
2020-05-08 15:51:17.753 [http-nio-8080-exec-2] INFO  org.springframework.web.servlet.DispatcherServlet - Completed initialization in 7 ms
2020-05-08 15:51:17.807 [http-nio-8080-exec-2] INFO  com.zaxxer.hikari.HikariDataSource - HikariPool-1 - Starting...
2020-05-08 15:51:17.961 [http-nio-8080-exec-2] INFO  com.zaxxer.hikari.HikariDataSource - HikariPool-1 - Start completed.
2020-05-08 15:51:50.983 [main] INFO  com.zt.ztgeoservice.ZtgeoserviceApplication - Starting ZtgeoserviceApplication on DESKTOP-11HLK7N with PID 1552 (F:\work\ztgeoservice\target\classes started by zt01 in F:\work\ztgeoservice)
2020-05-08 15:51:50.987 [main] INFO  com.zt.ztgeoservice.ZtgeoserviceApplication - No active profile set, falling back to default profiles: default
2020-05-08 15:51:52.023 [main] INFO  o.s.boot.web.embedded.tomcat.TomcatWebServer - Tomcat initialized with port(s): 8080 (http)
2020-05-08 15:51:52.033 [main] INFO  org.apache.coyote.http11.Http11NioProtocol - Initializing ProtocolHandler ["http-nio-8080"]
2020-05-08 15:51:52.034 [main] INFO  org.apache.catalina.core.StandardService - Starting service [Tomcat]
2020-05-08 15:51:52.034 [main] INFO  org.apache.catalina.core.StandardEngine - Starting Servlet engine: [Apache Tomcat/9.0.33]
2020-05-08 15:51:52.144 [main] INFO  o.a.c.core.ContainerBase.[Tomcat].[localhost].[/] - Initializing Spring embedded WebApplicationContext
2020-05-08 15:51:52.145 [main] INFO  org.springframework.web.context.ContextLoader - Root WebApplicationContext: initialization completed in 1119 ms
2020-05-08 15:51:52.665 [main] INFO  o.s.scheduling.concurrent.ThreadPoolTaskExecutor - Initializing ExecutorService 'applicationTaskExecutor'
2020-05-08 15:51:52.903 [main] INFO  org.apache.coyote.http11.Http11NioProtocol - Starting ProtocolHandler ["http-nio-8080"]
2020-05-08 15:51:52.932 [main] INFO  o.s.boot.web.embedded.tomcat.TomcatWebServer - Tomcat started on port(s): 8080 (http) with context path ''
2020-05-08 15:51:52.936 [main] INFO  com.zt.ztgeoservice.ZtgeoserviceApplication - Started ZtgeoserviceApplication in 2.74 seconds (JVM running for 4.374)
2020-05-08 15:51:58.306 [http-nio-8080-exec-2] INFO  o.a.c.core.ContainerBase.[Tomcat].[localhost].[/] - Initializing Spring DispatcherServlet 'dispatcherServlet'
2020-05-08 15:51:58.306 [http-nio-8080-exec-2] INFO  org.springframework.web.servlet.DispatcherServlet - Initializing Servlet 'dispatcherServlet'
2020-05-08 15:51:58.312 [http-nio-8080-exec-2] INFO  org.springframework.web.servlet.DispatcherServlet - Completed initialization in 6 ms
2020-05-08 15:51:58.365 [http-nio-8080-exec-2] INFO  com.zaxxer.hikari.HikariDataSource - HikariPool-1 - Starting...
2020-05-08 15:51:58.523 [http-nio-8080-exec-2] INFO  com.zaxxer.hikari.HikariDataSource - HikariPool-1 - Start completed.
2020-05-08 15:53:19.016 [main] INFO  com.zt.ztgeoservice.ZtgeoserviceApplication - Starting ZtgeoserviceApplication on DESKTOP-11HLK7N with PID 7304 (F:\work\ztgeoservice\target\classes started by zt01 in F:\work\ztgeoservice)
2020-05-08 15:53:19.019 [main] INFO  com.zt.ztgeoservice.ZtgeoserviceApplication - No active profile set, falling back to default profiles: default
2020-05-08 15:53:20.096 [main] INFO  o.s.boot.web.embedded.tomcat.TomcatWebServer - Tomcat initialized with port(s): 8080 (http)
2020-05-08 15:53:20.107 [main] INFO  org.apache.coyote.http11.Http11NioProtocol - Initializing ProtocolHandler ["http-nio-8080"]
2020-05-08 15:53:20.108 [main] INFO  org.apache.catalina.core.StandardService - Starting service [Tomcat]
2020-05-08 15:53:20.108 [main] INFO  org.apache.catalina.core.StandardEngine - Starting Servlet engine: [Apache Tomcat/9.0.33]
2020-05-08 15:53:20.217 [main] INFO  o.a.c.core.ContainerBase.[Tomcat].[localhost].[/] - Initializing Spring embedded WebApplicationContext
2020-05-08 15:53:20.218 [main] INFO  org.springframework.web.context.ContextLoader - Root WebApplicationContext: initialization completed in 1152 ms
2020-05-08 15:53:20.753 [main] INFO  o.s.scheduling.concurrent.ThreadPoolTaskExecutor - Initializing ExecutorService 'applicationTaskExecutor'
2020-05-08 15:53:20.983 [main] INFO  org.apache.coyote.http11.Http11NioProtocol - Starting ProtocolHandler ["http-nio-8080"]
2020-05-08 15:53:21.013 [main] INFO  o.s.boot.web.embedded.tomcat.TomcatWebServer - Tomcat started on port(s): 8080 (http) with context path ''
2020-05-08 15:53:21.017 [main] INFO  com.zt.ztgeoservice.ZtgeoserviceApplication - Started ZtgeoserviceApplication in 2.796 seconds (JVM running for 4.261)
2020-05-08 15:53:24.386 [http-nio-8080-exec-1] INFO  o.a.c.core.ContainerBase.[Tomcat].[localhost].[/] - Initializing Spring DispatcherServlet 'dispatcherServlet'
2020-05-08 15:53:24.387 [http-nio-8080-exec-1] INFO  org.springframework.web.servlet.DispatcherServlet - Initializing Servlet 'dispatcherServlet'
2020-05-08 15:53:24.393 [http-nio-8080-exec-1] INFO  org.springframework.web.servlet.DispatcherServlet - Completed initialization in 5 ms
2020-05-08 15:53:24.445 [http-nio-8080-exec-1] INFO  com.zaxxer.hikari.HikariDataSource - HikariPool-1 - Starting...
2020-05-08 15:53:24.601 [http-nio-8080-exec-1] INFO  com.zaxxer.hikari.HikariDataSource - HikariPool-1 - Start completed.
2020-05-08 15:57:28.707 [main] INFO  com.zt.ztgeoservice.ZtgeoserviceApplication - Starting ZtgeoserviceApplication on DESKTOP-11HLK7N with PID 11392 (F:\work\ztgeoservice\target\classes started by zt01 in F:\work\ztgeoservice)
2020-05-08 15:57:28.712 [main] INFO  com.zt.ztgeoservice.ZtgeoserviceApplication - No active profile set, falling back to default profiles: default
2020-05-08 15:57:29.755 [main] INFO  o.s.boot.web.embedded.tomcat.TomcatWebServer - Tomcat initialized with port(s): 8080 (http)
2020-05-08 15:57:29.765 [main] INFO  org.apache.coyote.http11.Http11NioProtocol - Initializing ProtocolHandler ["http-nio-8080"]
2020-05-08 15:57:29.765 [main] INFO  org.apache.catalina.core.StandardService - Starting service [Tomcat]
2020-05-08 15:57:29.766 [main] INFO  org.apache.catalina.core.StandardEngine - Starting Servlet engine: [Apache Tomcat/9.0.33]
2020-05-08 15:57:29.904 [main] INFO  o.a.c.core.ContainerBase.[Tomcat].[localhost].[/] - Initializing Spring embedded WebApplicationContext
2020-05-08 15:57:29.904 [main] INFO  org.springframework.web.context.ContextLoader - Root WebApplicationContext: initialization completed in 1145 ms
2020-05-08 15:57:30.438 [main] INFO  o.s.scheduling.concurrent.ThreadPoolTaskExecutor - Initializing ExecutorService 'applicationTaskExecutor'
2020-05-08 15:57:30.657 [main] INFO  org.apache.coyote.http11.Http11NioProtocol - Starting ProtocolHandler ["http-nio-8080"]
2020-05-08 15:57:30.685 [main] INFO  o.s.boot.web.embedded.tomcat.TomcatWebServer - Tomcat started on port(s): 8080 (http) with context path ''
2020-05-08 15:57:30.689 [main] INFO  com.zt.ztgeoservice.ZtgeoserviceApplication - Started ZtgeoserviceApplication in 2.846 seconds (JVM running for 4.335)
2020-05-08 15:57:35.785 [http-nio-8080-exec-2] INFO  o.a.c.core.ContainerBase.[Tomcat].[localhost].[/] - Initializing Spring DispatcherServlet 'dispatcherServlet'
2020-05-08 15:57:35.785 [http-nio-8080-exec-2] INFO  org.springframework.web.servlet.DispatcherServlet - Initializing Servlet 'dispatcherServlet'
2020-05-08 15:57:35.791 [http-nio-8080-exec-2] INFO  org.springframework.web.servlet.DispatcherServlet - Completed initialization in 6 ms
2020-05-08 15:57:35.844 [http-nio-8080-exec-2] INFO  com.zaxxer.hikari.HikariDataSource - HikariPool-1 - Starting...
2020-05-08 16:03:37.337 [main] INFO  com.zt.ztgeoservice.ZtgeoserviceApplication - Starting ZtgeoserviceApplication on DESKTOP-11HLK7N with PID 9488 (F:\work\ztgeoservice\target\classes started by zt01 in F:\work\ztgeoservice)
2020-05-08 16:03:37.340 [main] INFO  com.zt.ztgeoservice.ZtgeoserviceApplication - No active profile set, falling back to default profiles: default
2020-05-08 16:03:38.392 [main] INFO  o.s.boot.web.embedded.tomcat.TomcatWebServer - Tomcat initialized with port(s): 8080 (http)
2020-05-08 16:03:38.401 [main] INFO  org.apache.coyote.http11.Http11NioProtocol - Initializing ProtocolHandler ["http-nio-8080"]
2020-05-08 16:03:38.402 [main] INFO  org.apache.catalina.core.StandardService - Starting service [Tomcat]
2020-05-08 16:03:38.402 [main] INFO  org.apache.catalina.core.StandardEngine - Starting Servlet engine: [Apache Tomcat/9.0.33]
2020-05-08 16:03:38.514 [main] INFO  o.a.c.core.ContainerBase.[Tomcat].[localhost].[/] - Initializing Spring embedded WebApplicationContext
2020-05-08 16:03:38.514 [main] INFO  org.springframework.web.context.ContextLoader - Root WebApplicationContext: initialization completed in 1127 ms
2020-05-08 16:03:39.055 [main] INFO  o.s.scheduling.concurrent.ThreadPoolTaskExecutor - Initializing ExecutorService 'applicationTaskExecutor'
2020-05-08 16:03:39.276 [main] INFO  org.apache.coyote.http11.Http11NioProtocol - Starting ProtocolHandler ["http-nio-8080"]
2020-05-08 16:03:39.303 [main] INFO  o.s.boot.web.embedded.tomcat.TomcatWebServer - Tomcat started on port(s): 8080 (http) with context path ''
2020-05-08 16:03:39.306 [main] INFO  com.zt.ztgeoservice.ZtgeoserviceApplication - Started ZtgeoserviceApplication in 2.854 seconds (JVM running for 4.303)
2020-05-08 16:03:50.800 [http-nio-8080-exec-2] INFO  o.a.c.core.ContainerBase.[Tomcat].[localhost].[/] - Initializing Spring DispatcherServlet 'dispatcherServlet'
2020-05-08 16:03:50.801 [http-nio-8080-exec-2] INFO  org.springframework.web.servlet.DispatcherServlet - Initializing Servlet 'dispatcherServlet'
2020-05-08 16:03:50.807 [http-nio-8080-exec-2] INFO  org.springframework.web.servlet.DispatcherServlet - Completed initialization in 6 ms
2020-05-08 16:03:50.860 [http-nio-8080-exec-2] INFO  com.zaxxer.hikari.HikariDataSource - HikariPool-1 - Starting...
2020-05-08 16:03:51.014 [http-nio-8080-exec-2] INFO  com.zaxxer.hikari.HikariDataSource - HikariPool-1 - Start completed.
2020-05-08 17:47:10.318 [main] INFO  com.zt.ztgeoservice.ZtgeoserviceApplication - Starting ZtgeoserviceApplication on DESKTOP-11HLK7N with PID 10676 (F:\work\ztgeoservice\target\classes started by zt01 in F:\work\ztgeoservice)
2020-05-08 17:47:10.322 [main] INFO  com.zt.ztgeoservice.ZtgeoserviceApplication - No active profile set, falling back to default profiles: default
2020-05-08 17:47:11.408 [main] INFO  o.s.boot.web.embedded.tomcat.TomcatWebServer - Tomcat initialized with port(s): 8080 (http)
2020-05-08 17:47:11.418 [main] INFO  org.apache.coyote.http11.Http11NioProtocol - Initializing ProtocolHandler ["http-nio-8080"]
2020-05-08 17:47:11.419 [main] INFO  org.apache.catalina.core.StandardService - Starting service [Tomcat]
2020-05-08 17:47:11.419 [main] INFO  org.apache.catalina.core.StandardEngine - Starting Servlet engine: [Apache Tomcat/9.0.33]
2020-05-08 17:47:11.524 [main] INFO  o.a.c.core.ContainerBase.[Tomcat].[localhost].[/] - Initializing Spring embedded WebApplicationContext
2020-05-08 17:47:11.524 [main] INFO  org.springframework.web.context.ContextLoader - Root WebApplicationContext: initialization completed in 1152 ms
2020-05-08 17:47:12.085 [main] INFO  o.s.scheduling.concurrent.ThreadPoolTaskExecutor - Initializing ExecutorService 'applicationTaskExecutor'
2020-05-08 17:47:12.302 [main] INFO  org.apache.coyote.http11.Http11NioProtocol - Starting ProtocolHandler ["http-nio-8080"]
2020-05-08 17:47:12.328 [main] INFO  o.s.boot.web.embedded.tomcat.TomcatWebServer - Tomcat started on port(s): 8080 (http) with context path ''
2020-05-08 17:47:12.332 [main] INFO  com.zt.ztgeoservice.ZtgeoserviceApplication - Started ZtgeoserviceApplication in 2.829 seconds (JVM running for 4.196)
2020-05-08 17:47:24.751 [http-nio-8080-exec-1] INFO  o.a.c.core.ContainerBase.[Tomcat].[localhost].[/] - Initializing Spring DispatcherServlet 'dispatcherServlet'
2020-05-08 17:47:24.751 [http-nio-8080-exec-1] INFO  org.springframework.web.servlet.DispatcherServlet - Initializing Servlet 'dispatcherServlet'
2020-05-08 17:47:24.758 [http-nio-8080-exec-1] INFO  org.springframework.web.servlet.DispatcherServlet - Completed initialization in 7 ms
2020-05-08 17:47:24.815 [http-nio-8080-exec-1] INFO  com.zaxxer.hikari.HikariDataSource - HikariPool-1 - Starting...
2020-05-08 17:47:24.960 [http-nio-8080-exec-1] INFO  com.zaxxer.hikari.HikariDataSource - HikariPool-1 - Start completed.
2020-05-08 17:50:41.517 [main] INFO  com.zt.ztgeoservice.ZtgeoserviceApplication - Starting ZtgeoserviceApplication on DESKTOP-11HLK7N with PID 5016 (F:\work\ztgeoservice\target\classes started by zt01 in F:\work\ztgeoservice)
2020-05-08 17:50:41.521 [main] INFO  com.zt.ztgeoservice.ZtgeoserviceApplication - No active profile set, falling back to default profiles: default
2020-05-08 17:50:42.627 [main] INFO  o.s.boot.web.embedded.tomcat.TomcatWebServer - Tomcat initialized with port(s): 8080 (http)
2020-05-08 17:50:42.637 [main] INFO  org.apache.coyote.http11.Http11NioProtocol - Initializing ProtocolHandler ["http-nio-8080"]
2020-05-08 17:50:42.637 [main] INFO  org.apache.catalina.core.StandardService - Starting service [Tomcat]
2020-05-08 17:50:42.638 [main] INFO  org.apache.catalina.core.StandardEngine - Starting Servlet engine: [Apache Tomcat/9.0.33]
2020-05-08 17:50:42.744 [main] INFO  o.a.c.core.ContainerBase.[Tomcat].[localhost].[/] - Initializing Spring embedded WebApplicationContext
2020-05-08 17:50:42.744 [main] INFO  org.springframework.web.context.ContextLoader - Root WebApplicationContext: initialization completed in 1177 ms
2020-05-08 17:50:43.313 [main] INFO  o.s.scheduling.concurrent.ThreadPoolTaskExecutor - Initializing ExecutorService 'applicationTaskExecutor'
2020-05-08 17:50:43.541 [main] INFO  org.apache.coyote.http11.Http11NioProtocol - Starting ProtocolHandler ["http-nio-8080"]
2020-05-08 17:50:43.567 [main] INFO  o.s.boot.web.embedded.tomcat.TomcatWebServer - Tomcat started on port(s): 8080 (http) with context path ''
2020-05-08 17:50:43.572 [main] INFO  com.zt.ztgeoservice.ZtgeoserviceApplication - Started ZtgeoserviceApplication in 2.899 seconds (JVM running for 4.364)
2020-05-08 17:50:50.111 [http-nio-8080-exec-1] INFO  o.a.c.core.ContainerBase.[Tomcat].[localhost].[/] - Initializing Spring DispatcherServlet 'dispatcherServlet'
2020-05-08 17:50:50.111 [http-nio-8080-exec-1] INFO  org.springframework.web.servlet.DispatcherServlet - Initializing Servlet 'dispatcherServlet'
2020-05-08 17:50:50.117 [http-nio-8080-exec-1] INFO  org.springframework.web.servlet.DispatcherServlet - Completed initialization in 6 ms
2020-05-08 17:50:50.173 [http-nio-8080-exec-1] INFO  com.zaxxer.hikari.HikariDataSource - HikariPool-1 - Starting...
2020-05-08 17:50:50.332 [http-nio-8080-exec-1] INFO  com.zaxxer.hikari.HikariDataSource - HikariPool-1 - Start completed.
2020-05-08 17:51:46.322 [main] INFO  com.zt.ztgeoservice.ZtgeoserviceApplication - Starting ZtgeoserviceApplication on DESKTOP-11HLK7N with PID 8336 (F:\work\ztgeoservice\target\classes started by zt01 in F:\work\ztgeoservice)
2020-05-08 17:51:46.326 [main] INFO  com.zt.ztgeoservice.ZtgeoserviceApplication - No active profile set, falling back to default profiles: default
2020-05-08 17:51:47.396 [main] INFO  o.s.boot.web.embedded.tomcat.TomcatWebServer - Tomcat initialized with port(s): 8080 (http)
2020-05-08 17:51:47.407 [main] INFO  org.apache.coyote.http11.Http11NioProtocol - Initializing ProtocolHandler ["http-nio-8080"]
2020-05-08 17:51:47.407 [main] INFO  org.apache.catalina.core.StandardService - Starting service [Tomcat]
2020-05-08 17:51:47.407 [main] INFO  org.apache.catalina.core.StandardEngine - Starting Servlet engine: [Apache Tomcat/9.0.33]
2020-05-08 17:51:47.521 [main] INFO  o.a.c.core.ContainerBase.[Tomcat].[localhost].[/] - Initializing Spring embedded WebApplicationContext
2020-05-08 17:51:47.522 [main] INFO  org.springframework.web.context.ContextLoader - Root WebApplicationContext: initialization completed in 1147 ms
2020-05-08 17:51:48.091 [main] INFO  o.s.scheduling.concurrent.ThreadPoolTaskExecutor - Initializing ExecutorService 'applicationTaskExecutor'
2020-05-08 17:51:48.312 [main] INFO  org.apache.coyote.http11.Http11NioProtocol - Starting ProtocolHandler ["http-nio-8080"]
2020-05-08 17:51:48.338 [main] INFO  o.s.boot.web.embedded.tomcat.TomcatWebServer - Tomcat started on port(s): 8080 (http) with context path ''
2020-05-08 17:51:48.342 [main] INFO  com.zt.ztgeoservice.ZtgeoserviceApplication - Started ZtgeoserviceApplication in 2.793 seconds (JVM running for 4.589)
2020-05-08 17:51:53.113 [http-nio-8080-exec-2] INFO  o.a.c.core.ContainerBase.[Tomcat].[localhost].[/] - Initializing Spring DispatcherServlet 'dispatcherServlet'
2020-05-08 17:51:53.114 [http-nio-8080-exec-2] INFO  org.springframework.web.servlet.DispatcherServlet - Initializing Servlet 'dispatcherServlet'
2020-05-08 17:51:53.120 [http-nio-8080-exec-2] INFO  org.springframework.web.servlet.DispatcherServlet - Completed initialization in 6 ms
2020-05-08 17:51:53.182 [http-nio-8080-exec-2] INFO  com.zaxxer.hikari.HikariDataSource - HikariPool-1 - Starting...
2020-05-08 17:51:53.344 [http-nio-8080-exec-2] INFO  com.zaxxer.hikari.HikariDataSource - HikariPool-1 - Start completed.
2020-05-08 17:54:07.695 [main] INFO  com.zt.ztgeoservice.ZtgeoserviceApplication - Starting ZtgeoserviceApplication on DESKTOP-11HLK7N with PID 15076 (F:\work\ztgeoservice\target\classes started by zt01 in F:\work\ztgeoservice)
2020-05-08 17:54:07.701 [main] INFO  com.zt.ztgeoservice.ZtgeoserviceApplication - No active profile set, falling back to default profiles: default
2020-05-08 17:54:08.856 [main] INFO  o.s.boot.web.embedded.tomcat.TomcatWebServer - Tomcat initialized with port(s): 8080 (http)
2020-05-08 17:54:08.865 [main] INFO  org.apache.coyote.http11.Http11NioProtocol - Initializing ProtocolHandler ["http-nio-8080"]
2020-05-08 17:54:08.866 [main] INFO  org.apache.catalina.core.StandardService - Starting service [Tomcat]
2020-05-08 17:54:08.867 [main] INFO  org.apache.catalina.core.StandardEngine - Starting Servlet engine: [Apache Tomcat/9.0.33]
2020-05-08 17:54:09.020 [main] INFO  o.a.c.core.ContainerBase.[Tomcat].[localhost].[/] - Initializing Spring embedded WebApplicationContext
2020-05-08 17:54:09.020 [main] INFO  org.springframework.web.context.ContextLoader - Root WebApplicationContext: initialization completed in 1260 ms
2020-05-08 17:54:09.651 [main] INFO  o.s.scheduling.concurrent.ThreadPoolTaskExecutor - Initializing ExecutorService 'applicationTaskExecutor'
2020-05-08 17:54:09.908 [main] INFO  org.apache.coyote.http11.Http11NioProtocol - Starting ProtocolHandler ["http-nio-8080"]
2020-05-08 17:54:09.935 [main] INFO  o.s.boot.web.embedded.tomcat.TomcatWebServer - Tomcat started on port(s): 8080 (http) with context path ''
2020-05-08 17:54:09.939 [main] INFO  com.zt.ztgeoservice.ZtgeoserviceApplication - Started ZtgeoserviceApplication in 3.13 seconds (JVM running for 4.525)
2020-05-08 17:54:18.536 [http-nio-8080-exec-2] INFO  o.a.c.core.ContainerBase.[Tomcat].[localhost].[/] - Initializing Spring DispatcherServlet 'dispatcherServlet'
2020-05-08 17:54:18.537 [http-nio-8080-exec-2] INFO  org.springframework.web.servlet.DispatcherServlet - Initializing Servlet 'dispatcherServlet'
2020-05-08 17:54:18.544 [http-nio-8080-exec-2] INFO  org.springframework.web.servlet.DispatcherServlet - Completed initialization in 7 ms
2020-05-08 17:54:18.599 [http-nio-8080-exec-2] INFO  com.zaxxer.hikari.HikariDataSource - HikariPool-1 - Starting...
2020-05-08 17:54:18.750 [http-nio-8080-exec-2] INFO  com.zaxxer.hikari.HikariDataSource - HikariPool-1 - Start completed.
2020-05-08 17:55:02.661 [main] INFO  com.zt.ztgeoservice.ZtgeoserviceApplication - Starting ZtgeoserviceApplication on DESKTOP-11HLK7N with PID 12044 (F:\work\ztgeoservice\target\classes started by zt01 in F:\work\ztgeoservice)
2020-05-08 17:55:02.665 [main] INFO  com.zt.ztgeoservice.ZtgeoserviceApplication - No active profile set, falling back to default profiles: default
2020-05-08 17:55:03.818 [main] INFO  o.s.boot.web.embedded.tomcat.TomcatWebServer - Tomcat initialized with port(s): 8080 (http)
2020-05-08 17:55:03.828 [main] INFO  org.apache.coyote.http11.Http11NioProtocol - Initializing ProtocolHandler ["http-nio-8080"]
2020-05-08 17:55:03.829 [main] INFO  org.apache.catalina.core.StandardService - Starting service [Tomcat]
2020-05-08 17:55:03.829 [main] INFO  org.apache.catalina.core.StandardEngine - Starting Servlet engine: [Apache Tomcat/9.0.33]
2020-05-08 17:55:03.937 [main] INFO  o.a.c.core.ContainerBase.[Tomcat].[localhost].[/] - Initializing Spring embedded WebApplicationContext
2020-05-08 17:55:03.937 [main] INFO  org.springframework.web.context.ContextLoader - Root WebApplicationContext: initialization completed in 1225 ms
2020-05-08 17:55:04.517 [main] INFO  o.s.scheduling.concurrent.ThreadPoolTaskExecutor - Initializing ExecutorService 'applicationTaskExecutor'
2020-05-08 17:55:04.734 [main] INFO  org.apache.coyote.http11.Http11NioProtocol - Starting ProtocolHandler ["http-nio-8080"]
2020-05-08 17:55:04.760 [main] INFO  o.s.boot.web.embedded.tomcat.TomcatWebServer - Tomcat started on port(s): 8080 (http) with context path ''
2020-05-08 17:55:04.764 [main] INFO  com.zt.ztgeoservice.ZtgeoserviceApplication - Started ZtgeoserviceApplication in 2.993 seconds (JVM running for 4.416)
2020-05-08 17:55:08.090 [http-nio-8080-exec-2] INFO  o.a.c.core.ContainerBase.[Tomcat].[localhost].[/] - Initializing Spring DispatcherServlet 'dispatcherServlet'
2020-05-08 17:55:08.091 [http-nio-8080-exec-2] INFO  org.springframework.web.servlet.DispatcherServlet - Initializing Servlet 'dispatcherServlet'
2020-05-08 17:55:08.098 [http-nio-8080-exec-2] INFO  org.springframework.web.servlet.DispatcherServlet - Completed initialization in 7 ms
2020-05-08 17:55:08.155 [http-nio-8080-exec-2] INFO  com.zaxxer.hikari.HikariDataSource - HikariPool-1 - Starting...
2020-05-08 17:55:08.311 [http-nio-8080-exec-2] INFO  com.zaxxer.hikari.HikariDataSource - HikariPool-1 - Start completed.
2020-05-08 17:57:59.539 [main] INFO  com.zt.ztgeoservice.ZtgeoserviceApplication - Starting ZtgeoserviceApplication on DESKTOP-11HLK7N with PID 3364 (F:\work\ztgeoservice\target\classes started by zt01 in F:\work\ztgeoservice)
2020-05-08 17:57:59.543 [main] INFO  com.zt.ztgeoservice.ZtgeoserviceApplication - No active profile set, falling back to default profiles: default
2020-05-08 17:58:00.697 [main] INFO  o.s.boot.web.embedded.tomcat.TomcatWebServer - Tomcat initialized with port(s): 8080 (http)
2020-05-08 17:58:00.707 [main] INFO  org.apache.coyote.http11.Http11NioProtocol - Initializing ProtocolHandler ["http-nio-8080"]
2020-05-08 17:58:00.708 [main] INFO  org.apache.catalina.core.StandardService - Starting service [Tomcat]
2020-05-08 17:58:00.708 [main] INFO  org.apache.catalina.core.StandardEngine - Starting Servlet engine: [Apache Tomcat/9.0.33]
2020-05-08 17:58:00.840 [main] INFO  o.a.c.core.ContainerBase.[Tomcat].[localhost].[/] - Initializing Spring embedded WebApplicationContext
2020-05-08 17:58:00.840 [main] INFO  org.springframework.web.context.ContextLoader - Root WebApplicationContext: initialization completed in 1237 ms
2020-05-08 17:58:01.455 [main] INFO  o.s.scheduling.concurrent.ThreadPoolTaskExecutor - Initializing ExecutorService 'applicationTaskExecutor'
2020-05-08 17:58:01.680 [main] INFO  org.apache.coyote.http11.Http11NioProtocol - Starting ProtocolHandler ["http-nio-8080"]
2020-05-08 17:58:01.707 [main] INFO  o.s.boot.web.embedded.tomcat.TomcatWebServer - Tomcat started on port(s): 8080 (http) with context path ''
2020-05-08 17:58:01.711 [main] INFO  com.zt.ztgeoservice.ZtgeoserviceApplication - Started ZtgeoserviceApplication in 3.001 seconds (JVM running for 4.376)
2020-05-08 17:58:05.400 [http-nio-8080-exec-2] INFO  o.a.c.core.ContainerBase.[Tomcat].[localhost].[/] - Initializing Spring DispatcherServlet 'dispatcherServlet'
2020-05-08 17:58:05.400 [http-nio-8080-exec-2] INFO  org.springframework.web.servlet.DispatcherServlet - Initializing Servlet 'dispatcherServlet'
2020-05-08 17:58:05.407 [http-nio-8080-exec-2] INFO  org.springframework.web.servlet.DispatcherServlet - Completed initialization in 7 ms
2020-05-08 17:58:08.143 [http-nio-8080-exec-2] INFO  com.zaxxer.hikari.HikariDataSource - HikariPool-1 - Starting...
2020-05-08 17:58:08.472 [http-nio-8080-exec-2] INFO  com.zaxxer.hikari.HikariDataSource - HikariPool-1 - Start completed.
2020-05-08 18:01:38.385 [main] INFO  com.zt.ztgeoservice.ZtgeoserviceApplication - Starting ZtgeoserviceApplication on DESKTOP-11HLK7N with PID 14452 (F:\work\ztgeoservice\target\classes started by zt01 in F:\work\ztgeoservice)
2020-05-08 18:01:38.391 [main] INFO  com.zt.ztgeoservice.ZtgeoserviceApplication - No active profile set, falling back to default profiles: default
2020-05-08 18:01:39.491 [main] INFO  o.s.boot.web.embedded.tomcat.TomcatWebServer - Tomcat initialized with port(s): 8080 (http)
2020-05-08 18:01:39.501 [main] INFO  org.apache.coyote.http11.Http11NioProtocol - Initializing ProtocolHandler ["http-nio-8080"]
2020-05-08 18:01:39.501 [main] INFO  org.apache.catalina.core.StandardService - Starting service [Tomcat]
2020-05-08 18:01:39.502 [main] INFO  org.apache.catalina.core.StandardEngine - Starting Servlet engine: [Apache Tomcat/9.0.33]
2020-05-08 18:01:39.607 [main] INFO  o.a.c.core.ContainerBase.[Tomcat].[localhost].[/] - Initializing Spring embedded WebApplicationContext
2020-05-08 18:01:39.607 [main] INFO  org.springframework.web.context.ContextLoader - Root WebApplicationContext: initialization completed in 1147 ms
2020-05-08 18:01:40.167 [main] INFO  o.s.scheduling.concurrent.ThreadPoolTaskExecutor - Initializing ExecutorService 'applicationTaskExecutor'
2020-05-08 18:01:40.386 [main] INFO  org.apache.coyote.http11.Http11NioProtocol - Starting ProtocolHandler ["http-nio-8080"]
2020-05-08 18:01:40.412 [main] INFO  o.s.boot.web.embedded.tomcat.TomcatWebServer - Tomcat started on port(s): 8080 (http) with context path ''
2020-05-08 18:01:40.415 [main] INFO  com.zt.ztgeoservice.ZtgeoserviceApplication - Started ZtgeoserviceApplication in 2.821 seconds (JVM running for 4.185)
2020-05-08 18:02:01.314 [http-nio-8080-exec-2] INFO  o.a.c.core.ContainerBase.[Tomcat].[localhost].[/] - Initializing Spring DispatcherServlet 'dispatcherServlet'
2020-05-08 18:02:01.315 [http-nio-8080-exec-2] INFO  org.springframework.web.servlet.DispatcherServlet - Initializing Servlet 'dispatcherServlet'
2020-05-08 18:02:01.320 [http-nio-8080-exec-2] INFO  org.springframework.web.servlet.DispatcherServlet - Completed initialization in 5 ms
2020-05-08 18:02:04.356 [http-nio-8080-exec-2] INFO  com.zaxxer.hikari.HikariDataSource - HikariPool-1 - Starting...
2020-05-08 18:02:04.687 [http-nio-8080-exec-2] INFO  com.zaxxer.hikari.HikariDataSource - HikariPool-1 - Start completed.
2020-05-08 18:02:44.590 [main] INFO  com.zt.ztgeoservice.ZtgeoserviceApplication - Starting ZtgeoserviceApplication on DESKTOP-11HLK7N with PID 14840 (F:\work\ztgeoservice\target\classes started by zt01 in F:\work\ztgeoservice)
2020-05-08 18:02:44.593 [main] INFO  com.zt.ztgeoservice.ZtgeoserviceApplication - No active profile set, falling back to default profiles: default
2020-05-08 18:02:45.664 [main] INFO  o.s.boot.web.embedded.tomcat.TomcatWebServer - Tomcat initialized with port(s): 8080 (http)
2020-05-08 18:02:45.674 [main] INFO  org.apache.coyote.http11.Http11NioProtocol - Initializing ProtocolHandler ["http-nio-8080"]
2020-05-08 18:02:45.674 [main] INFO  org.apache.catalina.core.StandardService - Starting service [Tomcat]
2020-05-08 18:02:45.675 [main] INFO  org.apache.catalina.core.StandardEngine - Starting Servlet engine: [Apache Tomcat/9.0.33]
2020-05-08 18:02:45.782 [main] INFO  o.a.c.core.ContainerBase.[Tomcat].[localhost].[/] - Initializing Spring embedded WebApplicationContext
2020-05-08 18:02:45.783 [main] INFO  org.springframework.web.context.ContextLoader - Root WebApplicationContext: initialization completed in 1149 ms
2020-05-08 18:02:46.366 [main] INFO  o.s.scheduling.concurrent.ThreadPoolTaskExecutor - Initializing ExecutorService 'applicationTaskExecutor'
2020-05-08 18:02:46.585 [main] INFO  org.apache.coyote.http11.Http11NioProtocol - Starting ProtocolHandler ["http-nio-8080"]
2020-05-08 18:02:46.611 [main] INFO  o.s.boot.web.embedded.tomcat.TomcatWebServer - Tomcat started on port(s): 8080 (http) with context path ''
2020-05-08 18:02:46.614 [main] INFO  com.zt.ztgeoservice.ZtgeoserviceApplication - Started ZtgeoserviceApplication in 2.858 seconds (JVM running for 4.238)
2020-05-08 18:02:50.855 [http-nio-8080-exec-1] INFO  o.a.c.core.ContainerBase.[Tomcat].[localhost].[/] - Initializing Spring DispatcherServlet 'dispatcherServlet'
2020-05-08 18:02:50.856 [http-nio-8080-exec-1] INFO  org.springframework.web.servlet.DispatcherServlet - Initializing Servlet 'dispatcherServlet'
2020-05-08 18:02:50.863 [http-nio-8080-exec-1] INFO  org.springframework.web.servlet.DispatcherServlet - Completed initialization in 7 ms
2020-05-08 18:02:54.197 [http-nio-8080-exec-1] INFO  com.zaxxer.hikari.HikariDataSource - HikariPool-1 - Starting...
2020-05-08 18:02:54.349 [http-nio-8080-exec-1] INFO  com.zaxxer.hikari.HikariDataSource - HikariPool-1 - Start completed.
2020-05-08 18:10:06.962 [main] INFO  com.zt.ztgeoservice.ZtgeoserviceApplication - Starting ZtgeoserviceApplication on DESKTOP-11HLK7N with PID 2076 (F:\work\ztgeoservice\target\classes started by zt01 in F:\work\ztgeoservice)
2020-05-08 18:10:06.966 [main] INFO  com.zt.ztgeoservice.ZtgeoserviceApplication - No active profile set, falling back to default profiles: default
2020-05-08 18:10:08.022 [main] INFO  o.s.boot.web.embedded.tomcat.TomcatWebServer - Tomcat initialized with port(s): 8080 (http)
2020-05-08 18:10:08.031 [main] INFO  org.apache.coyote.http11.Http11NioProtocol - Initializing ProtocolHandler ["http-nio-8080"]
2020-05-08 18:10:08.032 [main] INFO  org.apache.catalina.core.StandardService - Starting service [Tomcat]
2020-05-08 18:10:08.032 [main] INFO  org.apache.catalina.core.StandardEngine - Starting Servlet engine: [Apache Tomcat/9.0.33]
2020-05-08 18:10:08.140 [main] INFO  o.a.c.core.ContainerBase.[Tomcat].[localhost].[/] - Initializing Spring embedded WebApplicationContext
2020-05-08 18:10:08.140 [main] INFO  org.springframework.web.context.ContextLoader - Root WebApplicationContext: initialization completed in 1136 ms
2020-05-08 18:10:08.703 [main] INFO  o.s.scheduling.concurrent.ThreadPoolTaskExecutor - Initializing ExecutorService 'applicationTaskExecutor'
2020-05-08 18:10:08.924 [main] INFO  org.apache.coyote.http11.Http11NioProtocol - Starting ProtocolHandler ["http-nio-8080"]
2020-05-08 18:10:08.949 [main] INFO  o.s.boot.web.embedded.tomcat.TomcatWebServer - Tomcat started on port(s): 8080 (http) with context path ''
2020-05-08 18:10:08.953 [main] INFO  com.zt.ztgeoservice.ZtgeoserviceApplication - Started ZtgeoserviceApplication in 2.847 seconds (JVM running for 4.226)
2020-05-08 18:10:15.393 [http-nio-8080-exec-1] INFO  o.a.c.core.ContainerBase.[Tomcat].[localhost].[/] - Initializing Spring DispatcherServlet 'dispatcherServlet'
2020-05-08 18:10:15.394 [http-nio-8080-exec-1] INFO  org.springframework.web.servlet.DispatcherServlet - Initializing Servlet 'dispatcherServlet'
2020-05-08 18:10:15.399 [http-nio-8080-exec-1] INFO  org.springframework.web.servlet.DispatcherServlet - Completed initialization in 5 ms
2020-05-08 18:10:15.459 [http-nio-8080-exec-1] INFO  com.zaxxer.hikari.HikariDataSource - HikariPool-1 - Starting...
2020-05-08 18:10:15.612 [http-nio-8080-exec-1] INFO  com.zaxxer.hikari.HikariDataSource - HikariPool-1 - Start completed.
