2020-05-08 08:58:52.764 [main] DEBUG com.zt.ztgeoservice.ZtgeoserviceApplication - Running with Spring Boot v2.2.6.RELEASE, Spring v5.2.5.RELEASE
2020-05-08 08:58:59.669 [http-nio-8080-exec-1] DEBUG c.z.z.equipment.dao.EquiDao.queryEqui_COUNT - ==>  Preparing: SELECT count(0) FROM equipment WHERE 1 = 1 
2020-05-08 08:58:59.669 [http-nio-8080-exec-1] DEBUG c.z.z.equipment.dao.EquiDao.queryEqui_COUNT - ==> Parameters: 
2020-05-08 08:58:59.903 [http-nio-8080-exec-1] DEBUG c.z.z.equipment.dao.EquiDao.queryEqui_COUNT - <==      Total: 1
2020-05-08 08:58:59.919 [http-nio-8080-exec-1] DEBUG c.zt.ztgeoservice.equipment.dao.EquiDao.queryEqui - ==>  Preparing: SELECT id, eq_number, eq_name, "eq_creationTime", "eq_updateTime", eq_state, eq_type, eq_h_angle, eq_z_angle, eq_view_angle, geom FROM equipment /* LIMIT 5 OFFSET 0*/ WHERE 1=1 order by equipment.id asc LIMIT ? 
2020-05-08 08:58:59.919 [http-nio-8080-exec-1] DEBUG c.zt.ztgeoservice.equipment.dao.EquiDao.queryEqui - ==> Parameters: 5(Integer)
2020-05-08 08:59:00.012 [http-nio-8080-exec-1] DEBUG c.zt.ztgeoservice.equipment.dao.EquiDao.queryEqui - <==      Total: 5
2020-05-08 08:59:56.749 [http-nio-8080-exec-4] DEBUG com.zt.ztgeoservice.areas.dao.AreasDao.queryAreas - ==>  Preparing: SELECT id ar_name, ar_state, ar_type, "ar_updateTime", "ar_creationTime", ar_position FROM areas 
2020-05-08 08:59:56.749 [http-nio-8080-exec-4] DEBUG com.zt.ztgeoservice.areas.dao.AreasDao.queryAreas - ==> Parameters: 
2020-05-08 08:59:56.798 [http-nio-8080-exec-4] DEBUG com.zt.ztgeoservice.areas.dao.AreasDao.queryAreas - <==      Total: 1
2020-05-08 09:00:03.267 [http-nio-8080-exec-6] DEBUG c.z.z.equipment.dao.EquiDao.queryEqui_COUNT - ==>  Preparing: SELECT count(0) FROM equipment WHERE 1 = 1 
2020-05-08 09:00:03.267 [http-nio-8080-exec-6] DEBUG c.z.z.equipment.dao.EquiDao.queryEqui_COUNT - ==> Parameters: 
2020-05-08 09:00:03.268 [http-nio-8080-exec-6] DEBUG c.z.z.equipment.dao.EquiDao.queryEqui_COUNT - <==      Total: 1
2020-05-08 09:00:03.268 [http-nio-8080-exec-6] DEBUG c.zt.ztgeoservice.equipment.dao.EquiDao.queryEqui - ==>  Preparing: SELECT id, eq_number, eq_name, "eq_creationTime", "eq_updateTime", eq_state, eq_type, eq_h_angle, eq_z_angle, eq_view_angle, geom FROM equipment /* LIMIT 5 OFFSET 0*/ WHERE 1=1 order by equipment.id asc LIMIT ? 
2020-05-08 09:00:03.268 [http-nio-8080-exec-6] DEBUG c.zt.ztgeoservice.equipment.dao.EquiDao.queryEqui - ==> Parameters: 5(Integer)
2020-05-08 09:00:03.272 [http-nio-8080-exec-6] DEBUG c.zt.ztgeoservice.equipment.dao.EquiDao.queryEqui - <==      Total: 5
2020-05-08 09:07:31.755 [main] DEBUG com.zt.ztgeoservice.ZtgeoserviceApplication - Running with Spring Boot v2.2.6.RELEASE, Spring v5.2.5.RELEASE
2020-05-08 09:09:47.163 [http-nio-8080-exec-1] DEBUG c.z.z.equipment.dao.EquiDao.queryEqui_COUNT - ==>  Preparing: SELECT count(0) FROM equipment WHERE 1 = 1 
2020-05-08 09:09:47.163 [http-nio-8080-exec-1] DEBUG c.z.z.equipment.dao.EquiDao.queryEqui_COUNT - ==> Parameters: 
2020-05-08 09:09:47.179 [http-nio-8080-exec-1] DEBUG c.z.z.equipment.dao.EquiDao.queryEqui_COUNT - <==      Total: 1
2020-05-08 09:09:47.179 [http-nio-8080-exec-1] DEBUG c.zt.ztgeoservice.equipment.dao.EquiDao.queryEqui - ==>  Preparing: SELECT id, eq_number, eq_name, "eq_creationTime", "eq_updateTime", eq_state, eq_type, eq_h_angle, eq_z_angle, eq_view_angle, geom FROM equipment /* LIMIT 5 OFFSET 0*/ WHERE 1=1 order by equipment.id asc LIMIT ? 
2020-05-08 09:09:47.179 [http-nio-8080-exec-1] DEBUG c.zt.ztgeoservice.equipment.dao.EquiDao.queryEqui - ==> Parameters: 5(Integer)
2020-05-08 09:09:47.194 [http-nio-8080-exec-1] DEBUG c.zt.ztgeoservice.equipment.dao.EquiDao.queryEqui - <==      Total: 5
2020-05-08 09:09:49.203 [http-nio-8080-exec-2] DEBUG c.z.z.equipment.dao.EquiDao.queryEqui_COUNT - ==>  Preparing: SELECT count(0) FROM equipment WHERE 1 = 1 
2020-05-08 09:09:49.203 [http-nio-8080-exec-2] DEBUG c.z.z.equipment.dao.EquiDao.queryEqui_COUNT - ==> Parameters: 
2020-05-08 09:09:49.203 [http-nio-8080-exec-2] DEBUG c.z.z.equipment.dao.EquiDao.queryEqui_COUNT - <==      Total: 1
2020-05-08 09:09:49.203 [http-nio-8080-exec-2] DEBUG c.zt.ztgeoservice.equipment.dao.EquiDao.queryEqui - ==>  Preparing: SELECT id, eq_number, eq_name, "eq_creationTime", "eq_updateTime", eq_state, eq_type, eq_h_angle, eq_z_angle, eq_view_angle, geom FROM equipment /* LIMIT 5 OFFSET 0*/ WHERE 1=1 order by equipment.id asc LIMIT ? 
2020-05-08 09:09:49.203 [http-nio-8080-exec-2] DEBUG c.zt.ztgeoservice.equipment.dao.EquiDao.queryEqui - ==> Parameters: 5(Integer)
2020-05-08 09:09:49.203 [http-nio-8080-exec-2] DEBUG c.zt.ztgeoservice.equipment.dao.EquiDao.queryEqui - <==      Total: 5
2020-05-08 09:09:50.958 [http-nio-8080-exec-3] DEBUG c.z.z.equipment.dao.EquiDao.queryEqui_COUNT - ==>  Preparing: SELECT count(0) FROM equipment WHERE 1 = 1 
2020-05-08 09:09:50.958 [http-nio-8080-exec-3] DEBUG c.z.z.equipment.dao.EquiDao.queryEqui_COUNT - ==> Parameters: 
2020-05-08 09:09:50.959 [http-nio-8080-exec-3] DEBUG c.z.z.equipment.dao.EquiDao.queryEqui_COUNT - <==      Total: 1
2020-05-08 09:09:50.959 [http-nio-8080-exec-3] DEBUG c.zt.ztgeoservice.equipment.dao.EquiDao.queryEqui - ==>  Preparing: SELECT id, eq_number, eq_name, "eq_creationTime", "eq_updateTime", eq_state, eq_type, eq_h_angle, eq_z_angle, eq_view_angle, geom FROM equipment /* LIMIT 5 OFFSET 0*/ WHERE 1=1 order by equipment.id asc LIMIT ? 
2020-05-08 09:09:50.959 [http-nio-8080-exec-3] DEBUG c.zt.ztgeoservice.equipment.dao.EquiDao.queryEqui - ==> Parameters: 5(Integer)
2020-05-08 09:09:50.961 [http-nio-8080-exec-3] DEBUG c.zt.ztgeoservice.equipment.dao.EquiDao.queryEqui - <==      Total: 5
2020-05-08 09:09:53.858 [http-nio-8080-exec-4] DEBUG c.z.z.equipment.dao.EquiDao.queryEqui_COUNT - ==>  Preparing: SELECT count(0) FROM equipment WHERE 1 = 1 
2020-05-08 09:09:53.859 [http-nio-8080-exec-4] DEBUG c.z.z.equipment.dao.EquiDao.queryEqui_COUNT - ==> Parameters: 
2020-05-08 09:09:53.859 [http-nio-8080-exec-4] DEBUG c.z.z.equipment.dao.EquiDao.queryEqui_COUNT - <==      Total: 1
2020-05-08 09:09:53.860 [http-nio-8080-exec-4] DEBUG c.zt.ztgeoservice.equipment.dao.EquiDao.queryEqui - ==>  Preparing: SELECT id, eq_number, eq_name, "eq_creationTime", "eq_updateTime", eq_state, eq_type, eq_h_angle, eq_z_angle, eq_view_angle, geom FROM equipment /* LIMIT 5 OFFSET 0*/ WHERE 1=1 order by equipment.id asc LIMIT ? 
2020-05-08 09:09:53.860 [http-nio-8080-exec-4] DEBUG c.zt.ztgeoservice.equipment.dao.EquiDao.queryEqui - ==> Parameters: 5(Integer)
2020-05-08 09:09:53.862 [http-nio-8080-exec-4] DEBUG c.zt.ztgeoservice.equipment.dao.EquiDao.queryEqui - <==      Total: 5
2020-05-08 09:12:35.232 [http-nio-8080-exec-5] DEBUG c.z.z.equipment.dao.EquiDao.queryEqui_COUNT - ==>  Preparing: SELECT count(0) FROM equipment WHERE 1 = 1 
2020-05-08 09:12:35.232 [http-nio-8080-exec-5] DEBUG c.z.z.equipment.dao.EquiDao.queryEqui_COUNT - ==> Parameters: 
2020-05-08 09:12:35.232 [http-nio-8080-exec-5] DEBUG c.z.z.equipment.dao.EquiDao.queryEqui_COUNT - <==      Total: 1
2020-05-08 09:12:35.232 [http-nio-8080-exec-5] DEBUG c.zt.ztgeoservice.equipment.dao.EquiDao.queryEqui - ==>  Preparing: SELECT id, eq_number, eq_name, "eq_creationTime", "eq_updateTime", eq_state, eq_type, eq_h_angle, eq_z_angle, eq_view_angle, geom FROM equipment /* LIMIT 5 OFFSET 0*/ WHERE 1=1 order by equipment.id asc LIMIT ? 
2020-05-08 09:12:35.232 [http-nio-8080-exec-5] DEBUG c.zt.ztgeoservice.equipment.dao.EquiDao.queryEqui - ==> Parameters: 5(Integer)
2020-05-08 09:12:35.232 [http-nio-8080-exec-5] DEBUG c.zt.ztgeoservice.equipment.dao.EquiDao.queryEqui - <==      Total: 5
2020-05-08 09:14:09.649 [http-nio-8080-exec-6] DEBUG c.z.z.equipment.dao.EquiDao.queryEqui_COUNT - ==>  Preparing: SELECT count(0) FROM equipment WHERE 1 = 1 
2020-05-08 09:14:09.649 [http-nio-8080-exec-6] DEBUG c.z.z.equipment.dao.EquiDao.queryEqui_COUNT - ==> Parameters: 
2020-05-08 09:14:09.649 [http-nio-8080-exec-6] DEBUG c.z.z.equipment.dao.EquiDao.queryEqui_COUNT - <==      Total: 1
2020-05-08 09:14:09.649 [http-nio-8080-exec-6] DEBUG c.zt.ztgeoservice.equipment.dao.EquiDao.queryEqui - ==>  Preparing: SELECT id, eq_number, eq_name, "eq_creationTime", "eq_updateTime", eq_state, eq_type, eq_h_angle, eq_z_angle, eq_view_angle, geom FROM equipment /* LIMIT 5 OFFSET 0*/ WHERE 1=1 order by equipment.id asc LIMIT ? 
2020-05-08 09:14:09.649 [http-nio-8080-exec-6] DEBUG c.zt.ztgeoservice.equipment.dao.EquiDao.queryEqui - ==> Parameters: 5(Integer)
2020-05-08 09:14:09.649 [http-nio-8080-exec-6] DEBUG c.zt.ztgeoservice.equipment.dao.EquiDao.queryEqui - <==      Total: 5
2020-05-08 09:14:13.875 [http-nio-8080-exec-7] DEBUG c.z.z.equipment.dao.EquiDao.queryEqui_COUNT - ==>  Preparing: SELECT count(0) FROM equipment WHERE 1 = 1 
2020-05-08 09:14:13.875 [http-nio-8080-exec-7] DEBUG c.z.z.equipment.dao.EquiDao.queryEqui_COUNT - ==> Parameters: 
2020-05-08 09:14:13.876 [http-nio-8080-exec-7] DEBUG c.z.z.equipment.dao.EquiDao.queryEqui_COUNT - <==      Total: 1
2020-05-08 09:14:13.876 [http-nio-8080-exec-7] DEBUG c.zt.ztgeoservice.equipment.dao.EquiDao.queryEqui - ==>  Preparing: SELECT id, eq_number, eq_name, "eq_creationTime", "eq_updateTime", eq_state, eq_type, eq_h_angle, eq_z_angle, eq_view_angle, geom FROM equipment /* LIMIT 5 OFFSET 0*/ WHERE 1=1 order by equipment.id asc LIMIT ? 
2020-05-08 09:14:13.876 [http-nio-8080-exec-7] DEBUG c.zt.ztgeoservice.equipment.dao.EquiDao.queryEqui - ==> Parameters: 5(Integer)
2020-05-08 09:14:13.877 [http-nio-8080-exec-7] DEBUG c.zt.ztgeoservice.equipment.dao.EquiDao.queryEqui - <==      Total: 5
2020-05-08 09:36:56.738 [main] DEBUG com.zt.ztgeoservice.ZtgeoserviceApplication - Running with Spring Boot v2.2.6.RELEASE, Spring v5.2.5.RELEASE
2020-05-08 09:41:04.278 [http-nio-8080-exec-1] DEBUG c.z.z.equipment.dao.EquiDao.queryEqui_COUNT - ==>  Preparing: SELECT count(0) FROM equipment WHERE 1 = 1 
2020-05-08 09:41:04.288 [http-nio-8080-exec-1] DEBUG c.z.z.equipment.dao.EquiDao.queryEqui_COUNT - ==> Parameters: 
2020-05-08 09:41:34.529 [http-nio-8080-exec-2] DEBUG c.z.z.equipment.dao.EquiDao.queryEqui_COUNT - ==>  Preparing: SELECT count(0) FROM equipment WHERE 1 = 1 
2020-05-08 09:41:34.529 [http-nio-8080-exec-2] DEBUG c.z.z.equipment.dao.EquiDao.queryEqui_COUNT - ==> Parameters: 
2020-05-08 09:42:45.395 [http-nio-8080-exec-3] DEBUG c.z.z.equipment.dao.EquiDao.queryEqui_COUNT - ==>  Preparing: SELECT count(0) FROM equipment WHERE 1 = 1 
2020-05-08 09:42:45.395 [http-nio-8080-exec-3] DEBUG c.z.z.equipment.dao.EquiDao.queryEqui_COUNT - ==> Parameters: 
2020-05-08 09:47:30.515 [main] DEBUG com.zt.ztgeoservice.ZtgeoserviceApplication - Running with Spring Boot v2.2.6.RELEASE, Spring v5.2.5.RELEASE
2020-05-08 09:47:36.550 [http-nio-8080-exec-1] DEBUG c.z.z.equipment.dao.EquiDao.queryEqui_COUNT - ==>  Preparing: SELECT count(0) FROM equipment WHERE 1 = 1 
2020-05-08 09:47:36.560 [http-nio-8080-exec-1] DEBUG c.z.z.equipment.dao.EquiDao.queryEqui_COUNT - ==> Parameters: 
2020-05-08 09:48:41.050 [main] DEBUG com.zt.ztgeoservice.ZtgeoserviceApplication - Running with Spring Boot v2.2.6.RELEASE, Spring v5.2.5.RELEASE
2020-05-08 09:48:46.126 [http-nio-8080-exec-1] DEBUG c.z.z.equipment.dao.EquiDao.queryEqui_COUNT - ==>  Preparing: SELECT count(0) FROM equipment WHERE 1 = 1 
2020-05-08 09:48:46.138 [http-nio-8080-exec-1] DEBUG c.z.z.equipment.dao.EquiDao.queryEqui_COUNT - ==> Parameters: 
2020-05-08 09:49:17.824 [main] DEBUG com.zt.ztgeoservice.ZtgeoserviceApplication - Running with Spring Boot v2.2.6.RELEASE, Spring v5.2.5.RELEASE
2020-05-08 09:49:23.612 [http-nio-8080-exec-1] DEBUG c.z.z.equipment.dao.EquiDao.queryEqui_COUNT - ==>  Preparing: SELECT count(0) FROM zts_camera WHERE 1 = 1 
2020-05-08 09:49:23.622 [http-nio-8080-exec-1] DEBUG c.z.z.equipment.dao.EquiDao.queryEqui_COUNT - ==> Parameters: 
2020-05-08 09:49:23.636 [http-nio-8080-exec-1] DEBUG c.z.z.equipment.dao.EquiDao.queryEqui_COUNT - <==      Total: 1
2020-05-08 09:49:23.638 [http-nio-8080-exec-1] DEBUG c.zt.ztgeoservice.equipment.dao.EquiDao.queryEqui - ==>  Preparing: SELECT id, eq_number, eq_name, "eq_creationTime", "eq_updateTime", eq_state, eq_type, eq_h_angle, eq_z_angle, eq_view_angle, geom FROM zts_camera /* LIMIT 5 OFFSET 0*/ WHERE 1=1 order by zts_camera.id asc LIMIT ? 
2020-05-08 09:49:23.639 [http-nio-8080-exec-1] DEBUG c.zt.ztgeoservice.equipment.dao.EquiDao.queryEqui - ==> Parameters: 5(Integer)
2020-05-08 09:49:23.649 [http-nio-8080-exec-1] DEBUG c.zt.ztgeoservice.equipment.dao.EquiDao.queryEqui - <==      Total: 5
2020-05-08 09:49:36.496 [http-nio-8080-exec-2] DEBUG c.z.z.equipment.dao.EquiDao.queryEqui_COUNT - ==>  Preparing: SELECT count(0) FROM zts_camera WHERE 1 = 1 
2020-05-08 09:49:36.497 [http-nio-8080-exec-2] DEBUG c.z.z.equipment.dao.EquiDao.queryEqui_COUNT - ==> Parameters: 
2020-05-08 09:49:36.499 [http-nio-8080-exec-2] DEBUG c.z.z.equipment.dao.EquiDao.queryEqui_COUNT - <==      Total: 1
2020-05-08 09:49:36.500 [http-nio-8080-exec-2] DEBUG c.zt.ztgeoservice.equipment.dao.EquiDao.queryEqui - ==>  Preparing: SELECT id, eq_number, eq_name, "eq_creationTime", "eq_updateTime", eq_state, eq_type, eq_h_angle, eq_z_angle, eq_view_angle, geom FROM zts_camera /* LIMIT 5 OFFSET 0*/ WHERE 1=1 order by zts_camera.id asc LIMIT ? 
2020-05-08 09:49:36.500 [http-nio-8080-exec-2] DEBUG c.zt.ztgeoservice.equipment.dao.EquiDao.queryEqui - ==> Parameters: 5(Integer)
2020-05-08 09:49:36.502 [http-nio-8080-exec-2] DEBUG c.zt.ztgeoservice.equipment.dao.EquiDao.queryEqui - <==      Total: 5
2020-05-08 09:50:42.432 [http-nio-8080-exec-5] DEBUG com.zt.ztgeoservice.areas.dao.AreasDao.queryAreas - ==>  Preparing: SELECT id ar_name, ar_state, ar_type, "ar_updateTime", "ar_creationTime", ar_position FROM zts_areas 
2020-05-08 09:50:42.433 [http-nio-8080-exec-5] DEBUG com.zt.ztgeoservice.areas.dao.AreasDao.queryAreas - ==> Parameters: 
2020-05-08 09:50:42.437 [http-nio-8080-exec-5] DEBUG com.zt.ztgeoservice.areas.dao.AreasDao.queryAreas - <==      Total: 1
2020-05-08 09:54:05.371 [http-nio-8080-exec-8] DEBUG c.z.z.equipment.dao.EquiDao.queryEqui_COUNT - ==>  Preparing: SELECT count(0) FROM zts_camera WHERE 1 = 1 
2020-05-08 09:54:05.371 [http-nio-8080-exec-8] DEBUG c.z.z.equipment.dao.EquiDao.queryEqui_COUNT - ==> Parameters: 
2020-05-08 09:54:05.372 [http-nio-8080-exec-8] DEBUG c.z.z.equipment.dao.EquiDao.queryEqui_COUNT - <==      Total: 1
2020-05-08 09:54:05.373 [http-nio-8080-exec-8] DEBUG c.zt.ztgeoservice.equipment.dao.EquiDao.queryEqui - ==>  Preparing: SELECT id, eq_number, eq_name, "eq_creationTime", "eq_updateTime", eq_state, eq_type, eq_h_angle, eq_z_angle, eq_view_angle, geom FROM zts_camera /* LIMIT 5 OFFSET 0*/ WHERE 1=1 order by zts_camera.id asc LIMIT ? 
2020-05-08 09:54:05.373 [http-nio-8080-exec-8] DEBUG c.zt.ztgeoservice.equipment.dao.EquiDao.queryEqui - ==> Parameters: 5(Integer)
2020-05-08 09:54:05.376 [http-nio-8080-exec-8] DEBUG c.zt.ztgeoservice.equipment.dao.EquiDao.queryEqui - <==      Total: 5
2020-05-08 09:54:19.502 [http-nio-8080-exec-9] DEBUG c.z.z.equipment.dao.EquiDao.queryEqui_COUNT - ==>  Preparing: SELECT count(0) FROM zts_camera WHERE 1 = 1 
2020-05-08 09:54:19.503 [http-nio-8080-exec-9] DEBUG c.z.z.equipment.dao.EquiDao.queryEqui_COUNT - ==> Parameters: 
2020-05-08 09:54:19.503 [http-nio-8080-exec-9] DEBUG c.z.z.equipment.dao.EquiDao.queryEqui_COUNT - <==      Total: 1
2020-05-08 09:54:19.504 [http-nio-8080-exec-9] DEBUG c.zt.ztgeoservice.equipment.dao.EquiDao.queryEqui - ==>  Preparing: SELECT id, eq_number, eq_name, "eq_creationTime", "eq_updateTime", eq_state, eq_type, eq_h_angle, eq_z_angle, eq_view_angle, geom FROM zts_camera /* LIMIT 5 OFFSET 0*/ WHERE 1=1 order by zts_camera.id asc LIMIT ? 
2020-05-08 09:54:19.504 [http-nio-8080-exec-9] DEBUG c.zt.ztgeoservice.equipment.dao.EquiDao.queryEqui - ==> Parameters: 5(Integer)
2020-05-08 09:54:19.507 [http-nio-8080-exec-9] DEBUG c.zt.ztgeoservice.equipment.dao.EquiDao.queryEqui - <==      Total: 5
2020-05-08 09:59:10.532 [main] DEBUG com.zt.ztgeoservice.ZtgeoserviceApplication - Running with Spring Boot v2.2.6.RELEASE, Spring v5.2.5.RELEASE
2020-05-08 10:00:00.070 [http-nio-8080-exec-1] DEBUG c.z.z.areas.dao.AreasDao.queryAreas_COUNT - ==>  Preparing: SELECT count(0) FROM zts_areas 
2020-05-08 10:00:00.081 [http-nio-8080-exec-1] DEBUG c.z.z.areas.dao.AreasDao.queryAreas_COUNT - ==> Parameters: 
2020-05-08 10:00:00.096 [http-nio-8080-exec-1] DEBUG c.z.z.areas.dao.AreasDao.queryAreas_COUNT - <==      Total: 1
2020-05-08 10:00:00.100 [http-nio-8080-exec-1] DEBUG com.zt.ztgeoservice.areas.dao.AreasDao.queryAreas - ==>  Preparing: SELECT id ar_name, ar_state, ar_type, "ar_updateTime", "ar_creationTime", ar_position FROM zts_areas LIMIT ? 
2020-05-08 10:00:00.101 [http-nio-8080-exec-1] DEBUG com.zt.ztgeoservice.areas.dao.AreasDao.queryAreas - ==> Parameters: 5(Integer)
2020-05-08 10:00:00.103 [http-nio-8080-exec-1] DEBUG com.zt.ztgeoservice.areas.dao.AreasDao.queryAreas - <==      Total: 1
2020-05-08 10:00:01.355 [http-nio-8080-exec-3] DEBUG c.z.z.areas.dao.AreasDao.queryAreas_COUNT - ==>  Preparing: SELECT count(0) FROM zts_areas 
2020-05-08 10:00:01.356 [http-nio-8080-exec-3] DEBUG c.z.z.areas.dao.AreasDao.queryAreas_COUNT - ==> Parameters: 
2020-05-08 10:00:01.357 [http-nio-8080-exec-3] DEBUG c.z.z.areas.dao.AreasDao.queryAreas_COUNT - <==      Total: 1
2020-05-08 10:00:01.358 [http-nio-8080-exec-3] DEBUG com.zt.ztgeoservice.areas.dao.AreasDao.queryAreas - ==>  Preparing: SELECT id ar_name, ar_state, ar_type, "ar_updateTime", "ar_creationTime", ar_position FROM zts_areas LIMIT ? 
2020-05-08 10:00:01.358 [http-nio-8080-exec-3] DEBUG com.zt.ztgeoservice.areas.dao.AreasDao.queryAreas - ==> Parameters: 5(Integer)
2020-05-08 10:00:01.362 [http-nio-8080-exec-3] DEBUG com.zt.ztgeoservice.areas.dao.AreasDao.queryAreas - <==      Total: 1
2020-05-08 10:00:01.861 [http-nio-8080-exec-2] DEBUG c.z.z.areas.dao.AreasDao.queryAreas_COUNT - ==>  Preparing: SELECT count(0) FROM zts_areas 
2020-05-08 10:00:01.862 [http-nio-8080-exec-2] DEBUG c.z.z.areas.dao.AreasDao.queryAreas_COUNT - ==> Parameters: 
2020-05-08 10:00:01.863 [http-nio-8080-exec-2] DEBUG c.z.z.areas.dao.AreasDao.queryAreas_COUNT - <==      Total: 1
2020-05-08 10:00:01.864 [http-nio-8080-exec-2] DEBUG com.zt.ztgeoservice.areas.dao.AreasDao.queryAreas - ==>  Preparing: SELECT id ar_name, ar_state, ar_type, "ar_updateTime", "ar_creationTime", ar_position FROM zts_areas LIMIT ? 
2020-05-08 10:00:01.864 [http-nio-8080-exec-2] DEBUG com.zt.ztgeoservice.areas.dao.AreasDao.queryAreas - ==> Parameters: 5(Integer)
2020-05-08 10:00:01.865 [http-nio-8080-exec-2] DEBUG com.zt.ztgeoservice.areas.dao.AreasDao.queryAreas - <==      Total: 1
2020-05-08 10:00:02.046 [http-nio-8080-exec-4] DEBUG c.z.z.areas.dao.AreasDao.queryAreas_COUNT - ==>  Preparing: SELECT count(0) FROM zts_areas 
2020-05-08 10:00:02.046 [http-nio-8080-exec-4] DEBUG c.z.z.areas.dao.AreasDao.queryAreas_COUNT - ==> Parameters: 
2020-05-08 10:00:02.047 [http-nio-8080-exec-4] DEBUG c.z.z.areas.dao.AreasDao.queryAreas_COUNT - <==      Total: 1
2020-05-08 10:00:02.048 [http-nio-8080-exec-4] DEBUG com.zt.ztgeoservice.areas.dao.AreasDao.queryAreas - ==>  Preparing: SELECT id ar_name, ar_state, ar_type, "ar_updateTime", "ar_creationTime", ar_position FROM zts_areas LIMIT ? 
2020-05-08 10:00:02.048 [http-nio-8080-exec-4] DEBUG com.zt.ztgeoservice.areas.dao.AreasDao.queryAreas - ==> Parameters: 5(Integer)
2020-05-08 10:00:02.049 [http-nio-8080-exec-4] DEBUG com.zt.ztgeoservice.areas.dao.AreasDao.queryAreas - <==      Total: 1
2020-05-08 10:00:02.227 [http-nio-8080-exec-5] DEBUG c.z.z.areas.dao.AreasDao.queryAreas_COUNT - ==>  Preparing: SELECT count(0) FROM zts_areas 
2020-05-08 10:00:02.228 [http-nio-8080-exec-5] DEBUG c.z.z.areas.dao.AreasDao.queryAreas_COUNT - ==> Parameters: 
2020-05-08 10:00:02.229 [http-nio-8080-exec-5] DEBUG c.z.z.areas.dao.AreasDao.queryAreas_COUNT - <==      Total: 1
2020-05-08 10:00:02.230 [http-nio-8080-exec-5] DEBUG com.zt.ztgeoservice.areas.dao.AreasDao.queryAreas - ==>  Preparing: SELECT id ar_name, ar_state, ar_type, "ar_updateTime", "ar_creationTime", ar_position FROM zts_areas LIMIT ? 
2020-05-08 10:00:02.230 [http-nio-8080-exec-5] DEBUG com.zt.ztgeoservice.areas.dao.AreasDao.queryAreas - ==> Parameters: 5(Integer)
2020-05-08 10:00:02.231 [http-nio-8080-exec-5] DEBUG com.zt.ztgeoservice.areas.dao.AreasDao.queryAreas - <==      Total: 1
2020-05-08 10:00:02.434 [http-nio-8080-exec-6] DEBUG c.z.z.areas.dao.AreasDao.queryAreas_COUNT - ==>  Preparing: SELECT count(0) FROM zts_areas 
2020-05-08 10:00:02.434 [http-nio-8080-exec-6] DEBUG c.z.z.areas.dao.AreasDao.queryAreas_COUNT - ==> Parameters: 
2020-05-08 10:00:02.435 [http-nio-8080-exec-6] DEBUG c.z.z.areas.dao.AreasDao.queryAreas_COUNT - <==      Total: 1
2020-05-08 10:00:02.436 [http-nio-8080-exec-6] DEBUG com.zt.ztgeoservice.areas.dao.AreasDao.queryAreas - ==>  Preparing: SELECT id ar_name, ar_state, ar_type, "ar_updateTime", "ar_creationTime", ar_position FROM zts_areas LIMIT ? 
2020-05-08 10:00:02.436 [http-nio-8080-exec-6] DEBUG com.zt.ztgeoservice.areas.dao.AreasDao.queryAreas - ==> Parameters: 5(Integer)
2020-05-08 10:00:02.437 [http-nio-8080-exec-6] DEBUG com.zt.ztgeoservice.areas.dao.AreasDao.queryAreas - <==      Total: 1
2020-05-08 10:32:57.917 [http-nio-8080-exec-9] DEBUG c.z.z.areas.dao.AreasDao.queryAreas_COUNT - ==>  Preparing: SELECT count(0) FROM zts_areas 
2020-05-08 10:32:57.947 [http-nio-8080-exec-9] DEBUG c.z.z.areas.dao.AreasDao.queryAreas_COUNT - ==> Parameters: 
2020-05-08 10:32:57.950 [http-nio-8080-exec-9] DEBUG c.z.z.areas.dao.AreasDao.queryAreas_COUNT - <==      Total: 1
2020-05-08 10:32:57.951 [http-nio-8080-exec-9] DEBUG com.zt.ztgeoservice.areas.dao.AreasDao.queryAreas - ==>  Preparing: SELECT id ar_name, ar_state, ar_type, "ar_updateTime", "ar_creationTime", ar_position FROM zts_areas LIMIT ? 
2020-05-08 10:32:57.951 [http-nio-8080-exec-9] DEBUG com.zt.ztgeoservice.areas.dao.AreasDao.queryAreas - ==> Parameters: 5(Integer)
2020-05-08 10:32:57.952 [http-nio-8080-exec-9] DEBUG com.zt.ztgeoservice.areas.dao.AreasDao.queryAreas - <==      Total: 1
2020-05-08 10:33:11.440 [http-nio-8080-exec-1] DEBUG c.z.z.areas.dao.AreasDao.queryAreas_COUNT - ==>  Preparing: SELECT count(0) FROM zts_areas 
2020-05-08 10:33:11.440 [http-nio-8080-exec-1] DEBUG c.z.z.areas.dao.AreasDao.queryAreas_COUNT - ==> Parameters: 
2020-05-08 10:33:11.441 [http-nio-8080-exec-1] DEBUG c.z.z.areas.dao.AreasDao.queryAreas_COUNT - <==      Total: 1
2020-05-08 10:33:11.442 [http-nio-8080-exec-1] DEBUG com.zt.ztgeoservice.areas.dao.AreasDao.queryAreas - ==>  Preparing: SELECT id ar_name, ar_state, ar_type, "ar_updateTime", "ar_creationTime", ar_position FROM zts_areas LIMIT ? 
2020-05-08 10:33:11.443 [http-nio-8080-exec-1] DEBUG com.zt.ztgeoservice.areas.dao.AreasDao.queryAreas - ==> Parameters: 5(Integer)
2020-05-08 10:33:11.447 [http-nio-8080-exec-1] DEBUG com.zt.ztgeoservice.areas.dao.AreasDao.queryAreas - <==      Total: 1
2020-05-08 10:35:57.018 [http-nio-8080-exec-4] DEBUG c.z.z.equipment.dao.EquiDao.queryEqui_COUNT - ==>  Preparing: SELECT count(0) FROM zts_camera WHERE 1 = 1 
2020-05-08 10:35:57.019 [http-nio-8080-exec-4] DEBUG c.z.z.equipment.dao.EquiDao.queryEqui_COUNT - ==> Parameters: 
2020-05-08 10:35:57.031 [http-nio-8080-exec-4] DEBUG c.z.z.equipment.dao.EquiDao.queryEqui_COUNT - <==      Total: 1
2020-05-08 10:35:57.031 [http-nio-8080-exec-4] DEBUG c.zt.ztgeoservice.equipment.dao.EquiDao.queryEqui - ==>  Preparing: SELECT id, eq_number, eq_name, "eq_creationTime", "eq_updateTime", eq_state, eq_type, eq_h_angle, eq_z_angle, eq_view_angle, geom FROM zts_camera /* LIMIT 5 OFFSET 0*/ WHERE 1=1 order by zts_camera.id asc LIMIT ? 
2020-05-08 10:35:57.032 [http-nio-8080-exec-4] DEBUG c.zt.ztgeoservice.equipment.dao.EquiDao.queryEqui - ==> Parameters: 5(Integer)
2020-05-08 10:35:57.041 [http-nio-8080-exec-4] DEBUG c.zt.ztgeoservice.equipment.dao.EquiDao.queryEqui - <==      Total: 5
2020-05-08 10:36:06.891 [http-nio-8080-exec-5] DEBUG c.z.z.equipment.dao.EquiDao.queryEqui_COUNT - ==>  Preparing: SELECT count(0) FROM zts_camera WHERE 1 = 1 
2020-05-08 10:36:06.892 [http-nio-8080-exec-5] DEBUG c.z.z.equipment.dao.EquiDao.queryEqui_COUNT - ==> Parameters: 
2020-05-08 10:36:06.893 [http-nio-8080-exec-5] DEBUG c.z.z.equipment.dao.EquiDao.queryEqui_COUNT - <==      Total: 1
2020-05-08 10:36:06.894 [http-nio-8080-exec-5] DEBUG c.zt.ztgeoservice.equipment.dao.EquiDao.queryEqui - ==>  Preparing: SELECT id, eq_number, eq_name, "eq_creationTime", "eq_updateTime", eq_state, eq_type, eq_h_angle, eq_z_angle, eq_view_angle, geom FROM zts_camera /* LIMIT 5 OFFSET 0*/ WHERE 1=1 order by zts_camera.id asc LIMIT ? 
2020-05-08 10:36:06.894 [http-nio-8080-exec-5] DEBUG c.zt.ztgeoservice.equipment.dao.EquiDao.queryEqui - ==> Parameters: 5(Integer)
2020-05-08 10:36:06.896 [http-nio-8080-exec-5] DEBUG c.zt.ztgeoservice.equipment.dao.EquiDao.queryEqui - <==      Total: 5
2020-05-08 10:36:20.937 [http-nio-8080-exec-6] DEBUG c.z.z.equipment.dao.EquiDao.queryEqui_COUNT - ==>  Preparing: SELECT count(0) FROM zts_camera WHERE 1 = 1 
2020-05-08 10:36:20.937 [http-nio-8080-exec-6] DEBUG c.z.z.equipment.dao.EquiDao.queryEqui_COUNT - ==> Parameters: 
2020-05-08 10:36:20.938 [http-nio-8080-exec-6] DEBUG c.z.z.equipment.dao.EquiDao.queryEqui_COUNT - <==      Total: 1
2020-05-08 10:36:20.939 [http-nio-8080-exec-6] DEBUG c.zt.ztgeoservice.equipment.dao.EquiDao.queryEqui - ==>  Preparing: SELECT id, eq_number, eq_name, "eq_creationTime", "eq_updateTime", eq_state, eq_type, eq_h_angle, eq_z_angle, eq_view_angle, geom FROM zts_camera /* LIMIT 5 OFFSET 0*/ WHERE 1=1 order by zts_camera.id asc LIMIT ? 
2020-05-08 10:36:20.939 [http-nio-8080-exec-6] DEBUG c.zt.ztgeoservice.equipment.dao.EquiDao.queryEqui - ==> Parameters: 5(Integer)
2020-05-08 10:36:20.941 [http-nio-8080-exec-6] DEBUG c.zt.ztgeoservice.equipment.dao.EquiDao.queryEqui - <==      Total: 5
2020-05-08 10:36:28.254 [http-nio-8080-exec-7] DEBUG c.z.z.equipment.dao.EquiDao.queryEqui_COUNT - ==>  Preparing: SELECT count(0) FROM zts_camera WHERE 1 = 1 
2020-05-08 10:36:28.254 [http-nio-8080-exec-7] DEBUG c.z.z.equipment.dao.EquiDao.queryEqui_COUNT - ==> Parameters: 
2020-05-08 10:36:28.255 [http-nio-8080-exec-7] DEBUG c.z.z.equipment.dao.EquiDao.queryEqui_COUNT - <==      Total: 1
2020-05-08 10:36:28.255 [http-nio-8080-exec-7] DEBUG c.zt.ztgeoservice.equipment.dao.EquiDao.queryEqui - ==>  Preparing: SELECT id, eq_number, eq_name, "eq_creationTime", "eq_updateTime", eq_state, eq_type, eq_h_angle, eq_z_angle, eq_view_angle, geom FROM zts_camera /* LIMIT 5 OFFSET 0*/ WHERE 1=1 order by zts_camera.id asc LIMIT ? 
2020-05-08 10:36:28.255 [http-nio-8080-exec-7] DEBUG c.zt.ztgeoservice.equipment.dao.EquiDao.queryEqui - ==> Parameters: 5(Integer)
2020-05-08 10:36:28.258 [http-nio-8080-exec-7] DEBUG c.zt.ztgeoservice.equipment.dao.EquiDao.queryEqui - <==      Total: 5
2020-05-08 10:36:36.855 [http-nio-8080-exec-8] DEBUG c.z.z.equipment.dao.EquiDao.queryEqui_COUNT - ==>  Preparing: SELECT count(0) FROM zts_camera WHERE 1 = 1 
2020-05-08 10:36:36.855 [http-nio-8080-exec-8] DEBUG c.z.z.equipment.dao.EquiDao.queryEqui_COUNT - ==> Parameters: 
2020-05-08 10:36:36.856 [http-nio-8080-exec-8] DEBUG c.z.z.equipment.dao.EquiDao.queryEqui_COUNT - <==      Total: 1
2020-05-08 10:36:36.857 [http-nio-8080-exec-8] DEBUG c.zt.ztgeoservice.equipment.dao.EquiDao.queryEqui - ==>  Preparing: SELECT id, eq_number, eq_name, "eq_creationTime", "eq_updateTime", eq_state, eq_type, eq_h_angle, eq_z_angle, eq_view_angle, geom FROM zts_camera /* LIMIT 5 OFFSET 0*/ WHERE 1=1 order by zts_camera.id asc LIMIT ? 
2020-05-08 10:36:36.857 [http-nio-8080-exec-8] DEBUG c.zt.ztgeoservice.equipment.dao.EquiDao.queryEqui - ==> Parameters: 5(Integer)
2020-05-08 10:36:36.859 [http-nio-8080-exec-8] DEBUG c.zt.ztgeoservice.equipment.dao.EquiDao.queryEqui - <==      Total: 5
2020-05-08 11:46:29.929 [http-nio-8080-exec-9] DEBUG c.z.z.equipment.dao.EquiDao.queryEqui_COUNT - ==>  Preparing: SELECT count(0) FROM zts_camera WHERE 1 = 1 
2020-05-08 11:46:29.931 [http-nio-8080-exec-9] DEBUG c.z.z.equipment.dao.EquiDao.queryEqui_COUNT - ==> Parameters: 
2020-05-08 11:46:29.935 [http-nio-8080-exec-9] DEBUG c.z.z.equipment.dao.EquiDao.queryEqui_COUNT - <==      Total: 1
2020-05-08 11:46:29.937 [http-nio-8080-exec-9] DEBUG c.zt.ztgeoservice.equipment.dao.EquiDao.queryEqui - ==>  Preparing: SELECT id, eq_number, eq_name, "eq_creationTime", "eq_updateTime", eq_state, eq_type, eq_h_angle, eq_z_angle, eq_view_angle, geom FROM zts_camera /* LIMIT 5 OFFSET 0*/ WHERE 1=1 order by zts_camera.id asc LIMIT ? 
2020-05-08 11:46:29.937 [http-nio-8080-exec-9] DEBUG c.zt.ztgeoservice.equipment.dao.EquiDao.queryEqui - ==> Parameters: 5(Integer)
2020-05-08 11:46:29.944 [http-nio-8080-exec-9] DEBUG c.zt.ztgeoservice.equipment.dao.EquiDao.queryEqui - <==      Total: 5
2020-05-08 13:41:21.581 [http-nio-8080-exec-10] DEBUG c.z.z.equipment.dao.EquiDao.queryEqui_COUNT - ==>  Preparing: SELECT count(0) FROM zts_camera WHERE 1 = 1 
2020-05-08 13:41:21.582 [http-nio-8080-exec-10] DEBUG c.z.z.equipment.dao.EquiDao.queryEqui_COUNT - ==> Parameters: 
2020-05-08 13:41:21.585 [http-nio-8080-exec-10] DEBUG c.z.z.equipment.dao.EquiDao.queryEqui_COUNT - <==      Total: 1
2020-05-08 13:41:21.585 [http-nio-8080-exec-10] DEBUG c.zt.ztgeoservice.equipment.dao.EquiDao.queryEqui - ==>  Preparing: SELECT id, eq_number, eq_name, "eq_creationTime", "eq_updateTime", eq_state, eq_type, eq_h_angle, eq_z_angle, eq_view_angle, geom FROM zts_camera /* LIMIT 5 OFFSET 0*/ WHERE 1=1 order by zts_camera.id asc LIMIT ? 
2020-05-08 13:41:21.586 [http-nio-8080-exec-10] DEBUG c.zt.ztgeoservice.equipment.dao.EquiDao.queryEqui - ==> Parameters: 5(Integer)
2020-05-08 13:41:21.592 [http-nio-8080-exec-10] DEBUG c.zt.ztgeoservice.equipment.dao.EquiDao.queryEqui - <==      Total: 5
2020-05-08 13:41:29.927 [http-nio-8080-exec-1] DEBUG c.z.z.equipment.dao.EquiDao.queryEqui_COUNT - ==>  Preparing: SELECT count(0) FROM zts_camera WHERE 1 = 1 
2020-05-08 13:41:29.928 [http-nio-8080-exec-1] DEBUG c.z.z.equipment.dao.EquiDao.queryEqui_COUNT - ==> Parameters: 
2020-05-08 13:41:29.930 [http-nio-8080-exec-1] DEBUG c.z.z.equipment.dao.EquiDao.queryEqui_COUNT - <==      Total: 1
2020-05-08 13:41:29.931 [http-nio-8080-exec-1] DEBUG c.zt.ztgeoservice.equipment.dao.EquiDao.queryEqui - ==>  Preparing: SELECT id, eq_number, eq_name, "eq_creationTime", "eq_updateTime", eq_state, eq_type, eq_h_angle, eq_z_angle, eq_view_angle, geom FROM zts_camera /* LIMIT 5 OFFSET 0*/ WHERE 1=1 order by zts_camera.id asc LIMIT ? 
2020-05-08 13:41:29.932 [http-nio-8080-exec-1] DEBUG c.zt.ztgeoservice.equipment.dao.EquiDao.queryEqui - ==> Parameters: 5(Integer)
2020-05-08 13:41:29.934 [http-nio-8080-exec-1] DEBUG c.zt.ztgeoservice.equipment.dao.EquiDao.queryEqui - <==      Total: 5
2020-05-08 13:45:45.818 [http-nio-8080-exec-3] DEBUG c.z.z.equipment.dao.EquiDao.queryEqui_COUNT - ==>  Preparing: SELECT count(0) FROM zts_camera WHERE 1 = 1 
2020-05-08 13:45:45.818 [http-nio-8080-exec-3] DEBUG c.z.z.equipment.dao.EquiDao.queryEqui_COUNT - ==> Parameters: 
2020-05-08 13:45:45.819 [http-nio-8080-exec-3] DEBUG c.z.z.equipment.dao.EquiDao.queryEqui_COUNT - <==      Total: 1
2020-05-08 13:45:45.820 [http-nio-8080-exec-3] DEBUG c.zt.ztgeoservice.equipment.dao.EquiDao.queryEqui - ==>  Preparing: SELECT id, eq_number, eq_name, "eq_creationTime", "eq_updateTime", eq_state, eq_type, eq_h_angle, eq_z_angle, eq_view_angle, geom FROM zts_camera /* LIMIT 5 OFFSET 0*/ WHERE 1=1 order by zts_camera.id asc LIMIT ? 
2020-05-08 13:45:45.820 [http-nio-8080-exec-3] DEBUG c.zt.ztgeoservice.equipment.dao.EquiDao.queryEqui - ==> Parameters: 5(Integer)
2020-05-08 13:45:45.821 [http-nio-8080-exec-3] DEBUG c.zt.ztgeoservice.equipment.dao.EquiDao.queryEqui - <==      Total: 5
2020-05-08 13:46:11.296 [http-nio-8080-exec-2] DEBUG c.z.z.equipment.dao.EquiDao.queryEqui_COUNT - ==>  Preparing: SELECT count(0) FROM zts_camera WHERE 1 = 1 
2020-05-08 13:46:11.296 [http-nio-8080-exec-2] DEBUG c.z.z.equipment.dao.EquiDao.queryEqui_COUNT - ==> Parameters: 
2020-05-08 13:46:11.298 [http-nio-8080-exec-2] DEBUG c.z.z.equipment.dao.EquiDao.queryEqui_COUNT - <==      Total: 1
2020-05-08 13:46:11.298 [http-nio-8080-exec-2] DEBUG c.zt.ztgeoservice.equipment.dao.EquiDao.queryEqui - ==>  Preparing: SELECT id, eq_number, eq_name, "eq_creationTime", "eq_updateTime", eq_state, eq_type, eq_h_angle, eq_z_angle, eq_view_angle, geom FROM zts_camera /* LIMIT 5 OFFSET 0*/ WHERE 1=1 order by zts_camera.id asc LIMIT ? 
2020-05-08 13:46:11.299 [http-nio-8080-exec-2] DEBUG c.zt.ztgeoservice.equipment.dao.EquiDao.queryEqui - ==> Parameters: 5(Integer)
2020-05-08 13:46:11.301 [http-nio-8080-exec-2] DEBUG c.zt.ztgeoservice.equipment.dao.EquiDao.queryEqui - <==      Total: 5
2020-05-08 13:47:08.468 [http-nio-8080-exec-4] DEBUG c.z.z.equipment.dao.EquiDao.queryEqui_COUNT - ==>  Preparing: SELECT count(0) FROM zts_camera WHERE 1 = 1 
2020-05-08 13:47:08.468 [http-nio-8080-exec-4] DEBUG c.z.z.equipment.dao.EquiDao.queryEqui_COUNT - ==> Parameters: 
2020-05-08 13:47:08.469 [http-nio-8080-exec-4] DEBUG c.z.z.equipment.dao.EquiDao.queryEqui_COUNT - <==      Total: 1
2020-05-08 13:47:08.470 [http-nio-8080-exec-4] DEBUG c.zt.ztgeoservice.equipment.dao.EquiDao.queryEqui - ==>  Preparing: SELECT id, eq_number, eq_name, "eq_creationTime", "eq_updateTime", eq_state, eq_type, eq_h_angle, eq_z_angle, eq_view_angle, geom FROM zts_camera /* LIMIT 5 OFFSET 0*/ WHERE 1=1 order by zts_camera.id asc LIMIT ? 
2020-05-08 13:47:08.470 [http-nio-8080-exec-4] DEBUG c.zt.ztgeoservice.equipment.dao.EquiDao.queryEqui - ==> Parameters: 5(Integer)
2020-05-08 13:47:08.472 [http-nio-8080-exec-4] DEBUG c.zt.ztgeoservice.equipment.dao.EquiDao.queryEqui - <==      Total: 5
2020-05-08 13:49:26.042 [http-nio-8080-exec-5] DEBUG c.z.z.equipment.dao.EquiDao.queryEqui_COUNT - ==>  Preparing: SELECT count(0) FROM zts_camera WHERE 1 = 1 
2020-05-08 13:49:26.042 [http-nio-8080-exec-5] DEBUG c.z.z.equipment.dao.EquiDao.queryEqui_COUNT - ==> Parameters: 
2020-05-08 13:49:26.043 [http-nio-8080-exec-5] DEBUG c.z.z.equipment.dao.EquiDao.queryEqui_COUNT - <==      Total: 1
2020-05-08 13:49:26.044 [http-nio-8080-exec-5] DEBUG c.zt.ztgeoservice.equipment.dao.EquiDao.queryEqui - ==>  Preparing: SELECT id, eq_number, eq_name, "eq_creationTime", "eq_updateTime", eq_state, eq_type, eq_h_angle, eq_z_angle, eq_view_angle, geom FROM zts_camera /* LIMIT 5 OFFSET 0*/ WHERE 1=1 order by zts_camera.id asc LIMIT ? 
2020-05-08 13:49:26.044 [http-nio-8080-exec-5] DEBUG c.zt.ztgeoservice.equipment.dao.EquiDao.queryEqui - ==> Parameters: 5(Integer)
2020-05-08 13:49:26.045 [http-nio-8080-exec-5] DEBUG c.zt.ztgeoservice.equipment.dao.EquiDao.queryEqui - <==      Total: 5
2020-05-08 13:49:27.189 [http-nio-8080-exec-6] DEBUG c.z.z.equipment.dao.EquiDao.queryEqui_COUNT - ==>  Preparing: SELECT count(0) FROM zts_camera WHERE 1 = 1 
2020-05-08 13:49:27.189 [http-nio-8080-exec-6] DEBUG c.z.z.equipment.dao.EquiDao.queryEqui_COUNT - ==> Parameters: 
2020-05-08 13:49:27.190 [http-nio-8080-exec-6] DEBUG c.z.z.equipment.dao.EquiDao.queryEqui_COUNT - <==      Total: 1
2020-05-08 13:49:27.190 [http-nio-8080-exec-6] DEBUG c.zt.ztgeoservice.equipment.dao.EquiDao.queryEqui - ==>  Preparing: SELECT id, eq_number, eq_name, "eq_creationTime", "eq_updateTime", eq_state, eq_type, eq_h_angle, eq_z_angle, eq_view_angle, geom FROM zts_camera /* LIMIT 5 OFFSET 0*/ WHERE 1=1 order by zts_camera.id asc LIMIT ? 
2020-05-08 13:49:27.191 [http-nio-8080-exec-6] DEBUG c.zt.ztgeoservice.equipment.dao.EquiDao.queryEqui - ==> Parameters: 5(Integer)
2020-05-08 13:49:27.192 [http-nio-8080-exec-6] DEBUG c.zt.ztgeoservice.equipment.dao.EquiDao.queryEqui - <==      Total: 5
2020-05-08 13:49:29.736 [http-nio-8080-exec-7] DEBUG c.z.z.equipment.dao.EquiDao.queryEqui_COUNT - ==>  Preparing: SELECT count(0) FROM zts_camera WHERE 1 = 1 
2020-05-08 13:49:29.737 [http-nio-8080-exec-7] DEBUG c.z.z.equipment.dao.EquiDao.queryEqui_COUNT - ==> Parameters: 
2020-05-08 13:49:29.737 [http-nio-8080-exec-7] DEBUG c.z.z.equipment.dao.EquiDao.queryEqui_COUNT - <==      Total: 1
2020-05-08 13:49:29.738 [http-nio-8080-exec-7] DEBUG c.zt.ztgeoservice.equipment.dao.EquiDao.queryEqui - ==>  Preparing: SELECT id, eq_number, eq_name, "eq_creationTime", "eq_updateTime", eq_state, eq_type, eq_h_angle, eq_z_angle, eq_view_angle, geom FROM zts_camera /* LIMIT 5 OFFSET 0*/ WHERE 1=1 order by zts_camera.id asc LIMIT ? 
2020-05-08 13:49:29.738 [http-nio-8080-exec-7] DEBUG c.zt.ztgeoservice.equipment.dao.EquiDao.queryEqui - ==> Parameters: 5(Integer)
2020-05-08 13:49:29.739 [http-nio-8080-exec-7] DEBUG c.zt.ztgeoservice.equipment.dao.EquiDao.queryEqui - <==      Total: 5
2020-05-08 13:50:24.240 [http-nio-8080-exec-8] DEBUG c.z.z.equipment.dao.EquiDao.queryEqui_COUNT - ==>  Preparing: SELECT count(0) FROM zts_camera WHERE 1 = 1 
2020-05-08 13:50:24.241 [http-nio-8080-exec-8] DEBUG c.z.z.equipment.dao.EquiDao.queryEqui_COUNT - ==> Parameters: 
2020-05-08 13:50:24.241 [http-nio-8080-exec-8] DEBUG c.z.z.equipment.dao.EquiDao.queryEqui_COUNT - <==      Total: 1
2020-05-08 13:50:24.243 [http-nio-8080-exec-8] DEBUG c.zt.ztgeoservice.equipment.dao.EquiDao.queryEqui - ==>  Preparing: SELECT id, eq_number, eq_name, "eq_creationTime", "eq_updateTime", eq_state, eq_type, eq_h_angle, eq_z_angle, eq_view_angle, geom FROM zts_camera /* LIMIT 5 OFFSET 0*/ WHERE 1=1 order by zts_camera.id asc LIMIT ? 
2020-05-08 13:50:24.243 [http-nio-8080-exec-8] DEBUG c.zt.ztgeoservice.equipment.dao.EquiDao.queryEqui - ==> Parameters: 5(Integer)
2020-05-08 13:50:24.244 [http-nio-8080-exec-8] DEBUG c.zt.ztgeoservice.equipment.dao.EquiDao.queryEqui - <==      Total: 5
2020-05-08 13:51:08.840 [http-nio-8080-exec-9] DEBUG c.z.z.equipment.dao.EquiDao.queryEqui_COUNT - ==>  Preparing: SELECT count(0) FROM zts_camera WHERE 1 = 1 
2020-05-08 13:51:08.840 [http-nio-8080-exec-9] DEBUG c.z.z.equipment.dao.EquiDao.queryEqui_COUNT - ==> Parameters: 
2020-05-08 13:51:08.841 [http-nio-8080-exec-9] DEBUG c.z.z.equipment.dao.EquiDao.queryEqui_COUNT - <==      Total: 1
2020-05-08 13:51:08.842 [http-nio-8080-exec-9] DEBUG c.zt.ztgeoservice.equipment.dao.EquiDao.queryEqui - ==>  Preparing: SELECT id, eq_number, eq_name, "eq_creationTime", "eq_updateTime", eq_state, eq_type, eq_h_angle, eq_z_angle, eq_view_angle, geom FROM zts_camera /* LIMIT 5 OFFSET 0*/ WHERE 1=1 order by zts_camera.id asc LIMIT ? 
2020-05-08 13:51:08.842 [http-nio-8080-exec-9] DEBUG c.zt.ztgeoservice.equipment.dao.EquiDao.queryEqui - ==> Parameters: 5(Integer)
2020-05-08 13:51:08.845 [http-nio-8080-exec-9] DEBUG c.zt.ztgeoservice.equipment.dao.EquiDao.queryEqui - <==      Total: 5
2020-05-08 13:51:10.968 [http-nio-8080-exec-10] DEBUG c.z.z.equipment.dao.EquiDao.queryEqui_COUNT - ==>  Preparing: SELECT count(0) FROM zts_camera WHERE 1 = 1 
2020-05-08 13:51:10.968 [http-nio-8080-exec-10] DEBUG c.z.z.equipment.dao.EquiDao.queryEqui_COUNT - ==> Parameters: 
2020-05-08 13:51:10.969 [http-nio-8080-exec-10] DEBUG c.z.z.equipment.dao.EquiDao.queryEqui_COUNT - <==      Total: 1
2020-05-08 13:51:10.969 [http-nio-8080-exec-10] DEBUG c.zt.ztgeoservice.equipment.dao.EquiDao.queryEqui - ==>  Preparing: SELECT id, eq_number, eq_name, "eq_creationTime", "eq_updateTime", eq_state, eq_type, eq_h_angle, eq_z_angle, eq_view_angle, geom FROM zts_camera /* LIMIT 5 OFFSET 0*/ WHERE 1=1 order by zts_camera.id asc LIMIT ? 
2020-05-08 13:51:10.970 [http-nio-8080-exec-10] DEBUG c.zt.ztgeoservice.equipment.dao.EquiDao.queryEqui - ==> Parameters: 5(Integer)
2020-05-08 13:51:10.971 [http-nio-8080-exec-10] DEBUG c.zt.ztgeoservice.equipment.dao.EquiDao.queryEqui - <==      Total: 5
2020-05-08 13:51:12.926 [http-nio-8080-exec-1] DEBUG c.z.z.equipment.dao.EquiDao.queryEqui_COUNT - ==>  Preparing: SELECT count(0) FROM zts_camera WHERE 1 = 1 
2020-05-08 13:51:12.927 [http-nio-8080-exec-1] DEBUG c.z.z.equipment.dao.EquiDao.queryEqui_COUNT - ==> Parameters: 
2020-05-08 13:51:12.928 [http-nio-8080-exec-1] DEBUG c.z.z.equipment.dao.EquiDao.queryEqui_COUNT - <==      Total: 1
2020-05-08 13:51:12.928 [http-nio-8080-exec-1] DEBUG c.zt.ztgeoservice.equipment.dao.EquiDao.queryEqui - ==>  Preparing: SELECT id, eq_number, eq_name, "eq_creationTime", "eq_updateTime", eq_state, eq_type, eq_h_angle, eq_z_angle, eq_view_angle, geom FROM zts_camera /* LIMIT 5 OFFSET 0*/ WHERE 1=1 order by zts_camera.id asc LIMIT ? 
2020-05-08 13:51:12.929 [http-nio-8080-exec-1] DEBUG c.zt.ztgeoservice.equipment.dao.EquiDao.queryEqui - ==> Parameters: 5(Integer)
2020-05-08 13:51:12.930 [http-nio-8080-exec-1] DEBUG c.zt.ztgeoservice.equipment.dao.EquiDao.queryEqui - <==      Total: 5
2020-05-08 14:06:38.066 [main] DEBUG com.zt.ztgeoservice.ZtgeoserviceApplication - Running with Spring Boot v2.2.6.RELEASE, Spring v5.2.5.RELEASE
2020-05-08 14:07:15.899 [http-nio-8080-exec-2] DEBUG c.z.z.areas.dao.AreasDao.queryAreas_COUNT - ==>  Preparing: SELECT count(0) FROM zts_areas 
2020-05-08 14:07:15.910 [http-nio-8080-exec-2] DEBUG c.z.z.areas.dao.AreasDao.queryAreas_COUNT - ==> Parameters: 
2020-05-08 14:07:15.924 [http-nio-8080-exec-2] DEBUG c.z.z.areas.dao.AreasDao.queryAreas_COUNT - <==      Total: 1
2020-05-08 14:07:15.929 [http-nio-8080-exec-2] DEBUG com.zt.ztgeoservice.areas.dao.AreasDao.queryAreas - ==>  Preparing: SELECT id ar_name, ar_state, ar_type, "ar_updateTime", "ar_creationTime", ar_position FROM zts_areas LIMIT ? 
2020-05-08 14:07:15.930 [http-nio-8080-exec-2] DEBUG com.zt.ztgeoservice.areas.dao.AreasDao.queryAreas - ==> Parameters: 5(Integer)
2020-05-08 14:07:15.931 [http-nio-8080-exec-2] DEBUG com.zt.ztgeoservice.areas.dao.AreasDao.queryAreas - <==      Total: 1
2020-05-08 14:07:32.700 [http-nio-8080-exec-3] DEBUG c.z.z.areas.dao.AreasDao.queryAreas_COUNT - ==>  Preparing: SELECT count(0) FROM zts_areas 
2020-05-08 14:07:32.701 [http-nio-8080-exec-3] DEBUG c.z.z.areas.dao.AreasDao.queryAreas_COUNT - ==> Parameters: 
2020-05-08 14:07:32.702 [http-nio-8080-exec-3] DEBUG c.z.z.areas.dao.AreasDao.queryAreas_COUNT - <==      Total: 1
2020-05-08 14:07:32.703 [http-nio-8080-exec-3] DEBUG com.zt.ztgeoservice.areas.dao.AreasDao.queryAreas - ==>  Preparing: SELECT id ar_name, ar_state, ar_type, "ar_updateTime", "ar_creationTime", ar_position FROM zts_areas LIMIT ? 
2020-05-08 14:07:32.703 [http-nio-8080-exec-3] DEBUG com.zt.ztgeoservice.areas.dao.AreasDao.queryAreas - ==> Parameters: 5(Integer)
2020-05-08 14:07:32.704 [http-nio-8080-exec-3] DEBUG com.zt.ztgeoservice.areas.dao.AreasDao.queryAreas - <==      Total: 1
2020-05-08 14:07:47.731 [http-nio-8080-exec-5] DEBUG c.z.z.equipment.dao.EquiDao.queryEqui_COUNT - ==>  Preparing: SELECT count(0) FROM zts_camera WHERE 1 = 1 
2020-05-08 14:07:47.733 [http-nio-8080-exec-5] DEBUG c.z.z.equipment.dao.EquiDao.queryEqui_COUNT - ==> Parameters: 
2020-05-08 14:07:47.736 [http-nio-8080-exec-5] DEBUG c.z.z.equipment.dao.EquiDao.queryEqui_COUNT - <==      Total: 1
2020-05-08 14:07:47.741 [http-nio-8080-exec-5] DEBUG c.zt.ztgeoservice.equipment.dao.EquiDao.queryEqui - ==>  Preparing: SELECT id, eq_number, eq_name, "eq_creationTime", "eq_updateTime", eq_state, eq_type, eq_h_angle, eq_z_angle, eq_view_angle, geom FROM zts_camera /* LIMIT 5 OFFSET 0*/ WHERE 1=1 order by zts_camera.id asc LIMIT ? 
2020-05-08 14:07:47.744 [http-nio-8080-exec-5] DEBUG c.zt.ztgeoservice.equipment.dao.EquiDao.queryEqui - ==> Parameters: 5(Integer)
2020-05-08 14:07:47.772 [http-nio-8080-exec-5] DEBUG c.zt.ztgeoservice.equipment.dao.EquiDao.queryEqui - <==      Total: 5
2020-05-08 14:35:37.078 [http-nio-8080-exec-7] DEBUG c.z.z.areas.dao.AreasDao.queryAreas_COUNT - ==>  Preparing: SELECT count(0) FROM zts_areas 
2020-05-08 14:35:37.079 [http-nio-8080-exec-7] DEBUG c.z.z.areas.dao.AreasDao.queryAreas_COUNT - ==> Parameters: 
2020-05-08 14:35:37.080 [http-nio-8080-exec-7] DEBUG c.z.z.areas.dao.AreasDao.queryAreas_COUNT - <==      Total: 1
2020-05-08 14:35:37.081 [http-nio-8080-exec-7] DEBUG com.zt.ztgeoservice.areas.dao.AreasDao.queryAreas - ==>  Preparing: SELECT id ar_name, ar_state, ar_type, "ar_updateTime", "ar_creationTime", ar_position FROM zts_areas LIMIT ? 
2020-05-08 14:35:37.082 [http-nio-8080-exec-7] DEBUG com.zt.ztgeoservice.areas.dao.AreasDao.queryAreas - ==> Parameters: 5(Integer)
2020-05-08 14:35:37.082 [http-nio-8080-exec-7] DEBUG com.zt.ztgeoservice.areas.dao.AreasDao.queryAreas - <==      Total: 1
2020-05-08 14:35:39.297 [http-nio-8080-exec-8] DEBUG c.z.z.areas.dao.AreasDao.queryAreas_COUNT - ==>  Preparing: SELECT count(0) FROM zts_areas 
2020-05-08 14:35:39.298 [http-nio-8080-exec-8] DEBUG c.z.z.areas.dao.AreasDao.queryAreas_COUNT - ==> Parameters: 
2020-05-08 14:35:39.299 [http-nio-8080-exec-8] DEBUG c.z.z.areas.dao.AreasDao.queryAreas_COUNT - <==      Total: 1
2020-05-08 14:35:39.300 [http-nio-8080-exec-8] DEBUG com.zt.ztgeoservice.areas.dao.AreasDao.queryAreas - ==>  Preparing: SELECT id ar_name, ar_state, ar_type, "ar_updateTime", "ar_creationTime", ar_position FROM zts_areas LIMIT ? 
2020-05-08 14:35:39.300 [http-nio-8080-exec-8] DEBUG com.zt.ztgeoservice.areas.dao.AreasDao.queryAreas - ==> Parameters: 5(Integer)
2020-05-08 14:35:39.300 [http-nio-8080-exec-8] DEBUG com.zt.ztgeoservice.areas.dao.AreasDao.queryAreas - <==      Total: 1
2020-05-08 14:35:39.878 [http-nio-8080-exec-9] DEBUG c.z.z.areas.dao.AreasDao.queryAreas_COUNT - ==>  Preparing: SELECT count(0) FROM zts_areas 
2020-05-08 14:35:39.879 [http-nio-8080-exec-9] DEBUG c.z.z.areas.dao.AreasDao.queryAreas_COUNT - ==> Parameters: 
2020-05-08 14:35:39.880 [http-nio-8080-exec-9] DEBUG c.z.z.areas.dao.AreasDao.queryAreas_COUNT - <==      Total: 1
2020-05-08 14:35:39.881 [http-nio-8080-exec-9] DEBUG com.zt.ztgeoservice.areas.dao.AreasDao.queryAreas - ==>  Preparing: SELECT id ar_name, ar_state, ar_type, "ar_updateTime", "ar_creationTime", ar_position FROM zts_areas LIMIT ? 
2020-05-08 14:35:39.881 [http-nio-8080-exec-9] DEBUG com.zt.ztgeoservice.areas.dao.AreasDao.queryAreas - ==> Parameters: 5(Integer)
2020-05-08 14:35:39.883 [http-nio-8080-exec-9] DEBUG com.zt.ztgeoservice.areas.dao.AreasDao.queryAreas - <==      Total: 1
2020-05-08 14:35:40.069 [http-nio-8080-exec-10] DEBUG c.z.z.areas.dao.AreasDao.queryAreas_COUNT - ==>  Preparing: SELECT count(0) FROM zts_areas 
2020-05-08 14:35:40.069 [http-nio-8080-exec-10] DEBUG c.z.z.areas.dao.AreasDao.queryAreas_COUNT - ==> Parameters: 
2020-05-08 14:35:40.070 [http-nio-8080-exec-10] DEBUG c.z.z.areas.dao.AreasDao.queryAreas_COUNT - <==      Total: 1
2020-05-08 14:35:40.070 [http-nio-8080-exec-10] DEBUG com.zt.ztgeoservice.areas.dao.AreasDao.queryAreas - ==>  Preparing: SELECT id ar_name, ar_state, ar_type, "ar_updateTime", "ar_creationTime", ar_position FROM zts_areas LIMIT ? 
2020-05-08 14:35:40.071 [http-nio-8080-exec-10] DEBUG com.zt.ztgeoservice.areas.dao.AreasDao.queryAreas - ==> Parameters: 5(Integer)
2020-05-08 14:35:40.072 [http-nio-8080-exec-10] DEBUG com.zt.ztgeoservice.areas.dao.AreasDao.queryAreas - <==      Total: 1
2020-05-08 14:35:40.246 [http-nio-8080-exec-2] DEBUG c.z.z.areas.dao.AreasDao.queryAreas_COUNT - ==>  Preparing: SELECT count(0) FROM zts_areas 
2020-05-08 14:35:40.247 [http-nio-8080-exec-2] DEBUG c.z.z.areas.dao.AreasDao.queryAreas_COUNT - ==> Parameters: 
2020-05-08 14:35:40.248 [http-nio-8080-exec-2] DEBUG c.z.z.areas.dao.AreasDao.queryAreas_COUNT - <==      Total: 1
2020-05-08 14:35:40.249 [http-nio-8080-exec-2] DEBUG com.zt.ztgeoservice.areas.dao.AreasDao.queryAreas - ==>  Preparing: SELECT id ar_name, ar_state, ar_type, "ar_updateTime", "ar_creationTime", ar_position FROM zts_areas LIMIT ? 
2020-05-08 14:35:40.250 [http-nio-8080-exec-2] DEBUG com.zt.ztgeoservice.areas.dao.AreasDao.queryAreas - ==> Parameters: 5(Integer)
2020-05-08 14:35:40.252 [http-nio-8080-exec-2] DEBUG com.zt.ztgeoservice.areas.dao.AreasDao.queryAreas - <==      Total: 1
2020-05-08 14:35:40.478 [http-nio-8080-exec-1] DEBUG c.z.z.areas.dao.AreasDao.queryAreas_COUNT - ==>  Preparing: SELECT count(0) FROM zts_areas 
2020-05-08 14:35:40.478 [http-nio-8080-exec-1] DEBUG c.z.z.areas.dao.AreasDao.queryAreas_COUNT - ==> Parameters: 
2020-05-08 14:35:40.479 [http-nio-8080-exec-1] DEBUG c.z.z.areas.dao.AreasDao.queryAreas_COUNT - <==      Total: 1
2020-05-08 14:35:40.480 [http-nio-8080-exec-1] DEBUG com.zt.ztgeoservice.areas.dao.AreasDao.queryAreas - ==>  Preparing: SELECT id ar_name, ar_state, ar_type, "ar_updateTime", "ar_creationTime", ar_position FROM zts_areas LIMIT ? 
2020-05-08 14:35:40.480 [http-nio-8080-exec-1] DEBUG com.zt.ztgeoservice.areas.dao.AreasDao.queryAreas - ==> Parameters: 5(Integer)
2020-05-08 14:35:40.482 [http-nio-8080-exec-1] DEBUG com.zt.ztgeoservice.areas.dao.AreasDao.queryAreas - <==      Total: 1
2020-05-08 14:35:40.878 [http-nio-8080-exec-3] DEBUG c.z.z.areas.dao.AreasDao.queryAreas_COUNT - ==>  Preparing: SELECT count(0) FROM zts_areas 
2020-05-08 14:35:40.879 [http-nio-8080-exec-3] DEBUG c.z.z.areas.dao.AreasDao.queryAreas_COUNT - ==> Parameters: 
2020-05-08 14:35:40.880 [http-nio-8080-exec-3] DEBUG c.z.z.areas.dao.AreasDao.queryAreas_COUNT - <==      Total: 1
2020-05-08 14:35:40.881 [http-nio-8080-exec-3] DEBUG com.zt.ztgeoservice.areas.dao.AreasDao.queryAreas - ==>  Preparing: SELECT id ar_name, ar_state, ar_type, "ar_updateTime", "ar_creationTime", ar_position FROM zts_areas LIMIT ? 
2020-05-08 14:35:40.882 [http-nio-8080-exec-3] DEBUG com.zt.ztgeoservice.areas.dao.AreasDao.queryAreas - ==> Parameters: 5(Integer)
2020-05-08 14:35:40.883 [http-nio-8080-exec-3] DEBUG com.zt.ztgeoservice.areas.dao.AreasDao.queryAreas - <==      Total: 1
2020-05-08 14:35:41.101 [http-nio-8080-exec-4] DEBUG c.z.z.areas.dao.AreasDao.queryAreas_COUNT - ==>  Preparing: SELECT count(0) FROM zts_areas 
2020-05-08 14:35:41.101 [http-nio-8080-exec-4] DEBUG c.z.z.areas.dao.AreasDao.queryAreas_COUNT - ==> Parameters: 
2020-05-08 14:35:41.102 [http-nio-8080-exec-4] DEBUG c.z.z.areas.dao.AreasDao.queryAreas_COUNT - <==      Total: 1
2020-05-08 14:35:41.102 [http-nio-8080-exec-4] DEBUG com.zt.ztgeoservice.areas.dao.AreasDao.queryAreas - ==>  Preparing: SELECT id ar_name, ar_state, ar_type, "ar_updateTime", "ar_creationTime", ar_position FROM zts_areas LIMIT ? 
2020-05-08 14:35:41.102 [http-nio-8080-exec-4] DEBUG com.zt.ztgeoservice.areas.dao.AreasDao.queryAreas - ==> Parameters: 5(Integer)
2020-05-08 14:35:41.103 [http-nio-8080-exec-4] DEBUG com.zt.ztgeoservice.areas.dao.AreasDao.queryAreas - <==      Total: 1
2020-05-08 14:35:54.368 [http-nio-8080-exec-6] DEBUG c.z.z.areas.dao.AreasDao.queryAreas_COUNT - ==>  Preparing: SELECT count(0) FROM zts_areas 
2020-05-08 14:35:54.368 [http-nio-8080-exec-6] DEBUG c.z.z.areas.dao.AreasDao.queryAreas_COUNT - ==> Parameters: 
2020-05-08 14:35:54.369 [http-nio-8080-exec-6] DEBUG c.z.z.areas.dao.AreasDao.queryAreas_COUNT - <==      Total: 1
2020-05-08 14:35:54.370 [http-nio-8080-exec-6] DEBUG com.zt.ztgeoservice.areas.dao.AreasDao.queryAreas - ==>  Preparing: SELECT id ar_name, ar_state, ar_type, "ar_updateTime", "ar_creationTime", ar_position FROM zts_areas LIMIT ? 
2020-05-08 14:35:54.370 [http-nio-8080-exec-6] DEBUG com.zt.ztgeoservice.areas.dao.AreasDao.queryAreas - ==> Parameters: 5(Integer)
2020-05-08 14:35:54.371 [http-nio-8080-exec-6] DEBUG com.zt.ztgeoservice.areas.dao.AreasDao.queryAreas - <==      Total: 1
2020-05-08 14:36:12.641 [main] DEBUG com.zt.ztgeoservice.ZtgeoserviceApplication - Running with Spring Boot v2.2.6.RELEASE, Spring v5.2.5.RELEASE
2020-05-08 14:36:23.972 [http-nio-8080-exec-2] DEBUG c.z.z.areas.dao.AreasDao.queryAreas_COUNT - ==>  Preparing: SELECT count(0) FROM zts_areas 
2020-05-08 14:36:23.983 [http-nio-8080-exec-2] DEBUG c.z.z.areas.dao.AreasDao.queryAreas_COUNT - ==> Parameters: 
2020-05-08 14:36:23.996 [http-nio-8080-exec-2] DEBUG c.z.z.areas.dao.AreasDao.queryAreas_COUNT - <==      Total: 1
2020-05-08 14:36:24.000 [http-nio-8080-exec-2] DEBUG com.zt.ztgeoservice.areas.dao.AreasDao.queryAreas - ==>  Preparing: SELECT id ar_name, ar_state, ar_type, "ar_updateTime", "ar_creationTime", ar_position FROM zts_areas LIMIT ? 
2020-05-08 14:36:24.001 [http-nio-8080-exec-2] DEBUG com.zt.ztgeoservice.areas.dao.AreasDao.queryAreas - ==> Parameters: 5(Integer)
2020-05-08 14:36:24.003 [http-nio-8080-exec-2] DEBUG com.zt.ztgeoservice.areas.dao.AreasDao.queryAreas - <==      Total: 1
2020-05-08 14:43:19.857 [http-nio-8080-exec-4] DEBUG c.z.z.areas.dao.AreasDao.queryAreas_COUNT - ==>  Preparing: SELECT count(0) FROM zts_areas 
2020-05-08 14:43:19.857 [http-nio-8080-exec-4] DEBUG c.z.z.areas.dao.AreasDao.queryAreas_COUNT - ==> Parameters: 
2020-05-08 14:43:19.860 [http-nio-8080-exec-4] DEBUG c.z.z.areas.dao.AreasDao.queryAreas_COUNT - <==      Total: 1
2020-05-08 14:43:19.861 [http-nio-8080-exec-4] DEBUG com.zt.ztgeoservice.areas.dao.AreasDao.queryAreas - ==>  Preparing: SELECT id ar_name, ar_state, ar_type, "ar_updateTime", "ar_creationTime", ar_position FROM zts_areas LIMIT ? 
2020-05-08 14:43:19.861 [http-nio-8080-exec-4] DEBUG com.zt.ztgeoservice.areas.dao.AreasDao.queryAreas - ==> Parameters: 5(Integer)
2020-05-08 14:43:19.864 [http-nio-8080-exec-4] DEBUG com.zt.ztgeoservice.areas.dao.AreasDao.queryAreas - <==      Total: 5
2020-05-08 14:56:53.295 [http-nio-8080-exec-6] DEBUG c.z.z.areas.dao.AreasDao.queryAreas_COUNT - ==>  Preparing: SELECT count(0) FROM zts_areas 
2020-05-08 14:56:53.296 [http-nio-8080-exec-6] DEBUG c.z.z.areas.dao.AreasDao.queryAreas_COUNT - ==> Parameters: 
2020-05-08 14:56:53.298 [http-nio-8080-exec-6] DEBUG c.z.z.areas.dao.AreasDao.queryAreas_COUNT - <==      Total: 1
2020-05-08 14:56:53.299 [http-nio-8080-exec-6] DEBUG com.zt.ztgeoservice.areas.dao.AreasDao.queryAreas - ==>  Preparing: SELECT id ar_name, ar_state, ar_type, "ar_updateTime", "ar_creationTime", ar_position FROM zts_areas LIMIT ? 
2020-05-08 14:56:53.300 [http-nio-8080-exec-6] DEBUG com.zt.ztgeoservice.areas.dao.AreasDao.queryAreas - ==> Parameters: 5(Integer)
2020-05-08 14:56:53.302 [http-nio-8080-exec-6] DEBUG com.zt.ztgeoservice.areas.dao.AreasDao.queryAreas - <==      Total: 5
2020-05-08 15:04:08.754 [http-nio-8080-exec-10] DEBUG c.z.z.areas.dao.AreasDao.queryAreas_COUNT - ==>  Preparing: SELECT count(0) FROM zts_areas 
2020-05-08 15:04:08.755 [http-nio-8080-exec-10] DEBUG c.z.z.areas.dao.AreasDao.queryAreas_COUNT - ==> Parameters: 
2020-05-08 15:04:08.755 [http-nio-8080-exec-10] DEBUG c.z.z.areas.dao.AreasDao.queryAreas_COUNT - <==      Total: 1
2020-05-08 15:04:08.756 [http-nio-8080-exec-10] DEBUG com.zt.ztgeoservice.areas.dao.AreasDao.queryAreas - ==>  Preparing: SELECT id ar_name, ar_state, ar_type, "ar_updateTime", "ar_creationTime", ar_position FROM zts_areas LIMIT ? 
2020-05-08 15:04:08.756 [http-nio-8080-exec-10] DEBUG com.zt.ztgeoservice.areas.dao.AreasDao.queryAreas - ==> Parameters: 5(Integer)
2020-05-08 15:04:08.759 [http-nio-8080-exec-10] DEBUG com.zt.ztgeoservice.areas.dao.AreasDao.queryAreas - <==      Total: 5
2020-05-08 15:45:12.145 [main] DEBUG com.zt.ztgeoservice.ZtgeoserviceApplication - Running with Spring Boot v2.2.6.RELEASE, Spring v5.2.5.RELEASE
2020-05-08 15:45:19.193 [http-nio-8080-exec-1] DEBUG c.z.z.alarm.dao.AlarmDao.queryAlarm_COUNT - ==>  Preparing: SELECT count(0) FROM zts_alarm 
2020-05-08 15:45:19.204 [http-nio-8080-exec-1] DEBUG c.z.z.alarm.dao.AlarmDao.queryAlarm_COUNT - ==> Parameters: 
2020-05-08 15:45:19.218 [http-nio-8080-exec-1] DEBUG c.z.z.alarm.dao.AlarmDao.queryAlarm_COUNT - <==      Total: 1
2020-05-08 15:45:19.221 [http-nio-8080-exec-1] DEBUG com.zt.ztgeoservice.alarm.dao.AlarmDao.queryAlarm - ==>  Preparing: SELECT id, "al_time", al_place, al_content, al_type, al_status, al_dealresult FROM zts_alarm order by id asc LIMIT ? 
2020-05-08 15:45:19.223 [http-nio-8080-exec-1] DEBUG com.zt.ztgeoservice.alarm.dao.AlarmDao.queryAlarm - ==> Parameters: 5(Integer)
2020-05-08 15:46:20.921 [main] DEBUG com.zt.ztgeoservice.ZtgeoserviceApplication - Running with Spring Boot v2.2.6.RELEASE, Spring v5.2.5.RELEASE
2020-05-08 15:46:26.951 [http-nio-8080-exec-2] DEBUG c.z.z.alarm.dao.AlarmDao.queryAlarm_COUNT - ==>  Preparing: SELECT count(0) FROM zts_alarm 
2020-05-08 15:46:26.960 [http-nio-8080-exec-2] DEBUG c.z.z.alarm.dao.AlarmDao.queryAlarm_COUNT - ==> Parameters: 
2020-05-08 15:46:26.974 [http-nio-8080-exec-2] DEBUG c.z.z.alarm.dao.AlarmDao.queryAlarm_COUNT - <==      Total: 1
2020-05-08 15:46:26.977 [http-nio-8080-exec-2] DEBUG com.zt.ztgeoservice.alarm.dao.AlarmDao.queryAlarm - ==>  Preparing: SELECT id, "al_time", al_place, al_content, al_type, al_status, al_dealresult FROM zts_alarm order by id asc LIMIT ? 
2020-05-08 15:46:26.978 [http-nio-8080-exec-2] DEBUG com.zt.ztgeoservice.alarm.dao.AlarmDao.queryAlarm - ==> Parameters: 5(Integer)
2020-05-08 15:46:28.921 [http-nio-8080-exec-1] DEBUG c.z.z.alarm.dao.AlarmDao.queryAlarm_COUNT - ==>  Preparing: SELECT count(0) FROM zts_alarm 
2020-05-08 15:46:28.921 [http-nio-8080-exec-1] DEBUG c.z.z.alarm.dao.AlarmDao.queryAlarm_COUNT - ==> Parameters: 
2020-05-08 15:46:28.923 [http-nio-8080-exec-1] DEBUG c.z.z.alarm.dao.AlarmDao.queryAlarm_COUNT - <==      Total: 1
2020-05-08 15:46:28.924 [http-nio-8080-exec-1] DEBUG com.zt.ztgeoservice.alarm.dao.AlarmDao.queryAlarm - ==>  Preparing: SELECT id, "al_time", al_place, al_content, al_type, al_status, al_dealresult FROM zts_alarm order by id asc LIMIT ? 
2020-05-08 15:46:28.924 [http-nio-8080-exec-1] DEBUG com.zt.ztgeoservice.alarm.dao.AlarmDao.queryAlarm - ==> Parameters: 5(Integer)
2020-05-08 15:46:29.477 [http-nio-8080-exec-3] DEBUG c.z.z.alarm.dao.AlarmDao.queryAlarm_COUNT - ==>  Preparing: SELECT count(0) FROM zts_alarm 
2020-05-08 15:46:29.478 [http-nio-8080-exec-3] DEBUG c.z.z.alarm.dao.AlarmDao.queryAlarm_COUNT - ==> Parameters: 
2020-05-08 15:46:29.479 [http-nio-8080-exec-3] DEBUG c.z.z.alarm.dao.AlarmDao.queryAlarm_COUNT - <==      Total: 1
2020-05-08 15:46:29.480 [http-nio-8080-exec-3] DEBUG com.zt.ztgeoservice.alarm.dao.AlarmDao.queryAlarm - ==>  Preparing: SELECT id, "al_time", al_place, al_content, al_type, al_status, al_dealresult FROM zts_alarm order by id asc LIMIT ? 
2020-05-08 15:46:29.481 [http-nio-8080-exec-3] DEBUG com.zt.ztgeoservice.alarm.dao.AlarmDao.queryAlarm - ==> Parameters: 5(Integer)
2020-05-08 15:46:29.855 [http-nio-8080-exec-5] DEBUG c.z.z.alarm.dao.AlarmDao.queryAlarm_COUNT - ==>  Preparing: SELECT count(0) FROM zts_alarm 
2020-05-08 15:46:29.856 [http-nio-8080-exec-5] DEBUG c.z.z.alarm.dao.AlarmDao.queryAlarm_COUNT - ==> Parameters: 
2020-05-08 15:46:29.856 [http-nio-8080-exec-5] DEBUG c.z.z.alarm.dao.AlarmDao.queryAlarm_COUNT - <==      Total: 1
2020-05-08 15:46:29.857 [http-nio-8080-exec-5] DEBUG com.zt.ztgeoservice.alarm.dao.AlarmDao.queryAlarm - ==>  Preparing: SELECT id, "al_time", al_place, al_content, al_type, al_status, al_dealresult FROM zts_alarm order by id asc LIMIT ? 
2020-05-08 15:46:29.857 [http-nio-8080-exec-5] DEBUG com.zt.ztgeoservice.alarm.dao.AlarmDao.queryAlarm - ==> Parameters: 5(Integer)
2020-05-08 15:48:38.264 [main] DEBUG com.zt.ztgeoservice.ZtgeoserviceApplication - Running with Spring Boot v2.2.6.RELEASE, Spring v5.2.5.RELEASE
2020-05-08 15:49:04.488 [http-nio-8080-exec-2] DEBUG c.z.z.alarm.dao.AlarmDao.queryAlarm_COUNT - ==>  Preparing: SELECT count(0) FROM zts_alarm 
2020-05-08 15:49:04.499 [http-nio-8080-exec-2] DEBUG c.z.z.alarm.dao.AlarmDao.queryAlarm_COUNT - ==> Parameters: 
2020-05-08 15:49:04.513 [http-nio-8080-exec-2] DEBUG c.z.z.alarm.dao.AlarmDao.queryAlarm_COUNT - <==      Total: 1
2020-05-08 15:49:04.518 [http-nio-8080-exec-2] DEBUG com.zt.ztgeoservice.alarm.dao.AlarmDao.queryAlarm - ==>  Preparing: SELECT id, "al_time", al_place, al_content, al_type, al_status, al_dealresult FROM zts_alarm order by id asc LIMIT ? 
2020-05-08 15:49:04.520 [http-nio-8080-exec-2] DEBUG com.zt.ztgeoservice.alarm.dao.AlarmDao.queryAlarm - ==> Parameters: 5(Integer)
2020-05-08 15:49:05.158 [http-nio-8080-exec-1] DEBUG c.z.z.alarm.dao.AlarmDao.queryAlarm_COUNT - ==>  Preparing: SELECT count(0) FROM zts_alarm 
2020-05-08 15:49:05.158 [http-nio-8080-exec-1] DEBUG c.z.z.alarm.dao.AlarmDao.queryAlarm_COUNT - ==> Parameters: 
2020-05-08 15:49:05.160 [http-nio-8080-exec-1] DEBUG c.z.z.alarm.dao.AlarmDao.queryAlarm_COUNT - <==      Total: 1
2020-05-08 15:49:05.160 [http-nio-8080-exec-1] DEBUG com.zt.ztgeoservice.alarm.dao.AlarmDao.queryAlarm - ==>  Preparing: SELECT id, "al_time", al_place, al_content, al_type, al_status, al_dealresult FROM zts_alarm order by id asc LIMIT ? 
2020-05-08 15:49:05.160 [http-nio-8080-exec-1] DEBUG com.zt.ztgeoservice.alarm.dao.AlarmDao.queryAlarm - ==> Parameters: 5(Integer)
2020-05-08 15:49:05.757 [http-nio-8080-exec-3] DEBUG c.z.z.alarm.dao.AlarmDao.queryAlarm_COUNT - ==>  Preparing: SELECT count(0) FROM zts_alarm 
2020-05-08 15:49:05.758 [http-nio-8080-exec-3] DEBUG c.z.z.alarm.dao.AlarmDao.queryAlarm_COUNT - ==> Parameters: 
2020-05-08 15:49:05.759 [http-nio-8080-exec-3] DEBUG c.z.z.alarm.dao.AlarmDao.queryAlarm_COUNT - <==      Total: 1
2020-05-08 15:49:05.760 [http-nio-8080-exec-3] DEBUG com.zt.ztgeoservice.alarm.dao.AlarmDao.queryAlarm - ==>  Preparing: SELECT id, "al_time", al_place, al_content, al_type, al_status, al_dealresult FROM zts_alarm order by id asc LIMIT ? 
2020-05-08 15:49:05.760 [http-nio-8080-exec-3] DEBUG com.zt.ztgeoservice.alarm.dao.AlarmDao.queryAlarm - ==> Parameters: 5(Integer)
2020-05-08 15:49:05.949 [http-nio-8080-exec-4] DEBUG c.z.z.alarm.dao.AlarmDao.queryAlarm_COUNT - ==>  Preparing: SELECT count(0) FROM zts_alarm 
2020-05-08 15:49:05.950 [http-nio-8080-exec-4] DEBUG c.z.z.alarm.dao.AlarmDao.queryAlarm_COUNT - ==> Parameters: 
2020-05-08 15:49:05.951 [http-nio-8080-exec-4] DEBUG c.z.z.alarm.dao.AlarmDao.queryAlarm_COUNT - <==      Total: 1
2020-05-08 15:49:05.952 [http-nio-8080-exec-4] DEBUG com.zt.ztgeoservice.alarm.dao.AlarmDao.queryAlarm - ==>  Preparing: SELECT id, "al_time", al_place, al_content, al_type, al_status, al_dealresult FROM zts_alarm order by id asc LIMIT ? 
2020-05-08 15:49:05.952 [http-nio-8080-exec-4] DEBUG com.zt.ztgeoservice.alarm.dao.AlarmDao.queryAlarm - ==> Parameters: 5(Integer)
2020-05-08 15:49:06.109 [http-nio-8080-exec-5] DEBUG c.z.z.alarm.dao.AlarmDao.queryAlarm_COUNT - ==>  Preparing: SELECT count(0) FROM zts_alarm 
2020-05-08 15:49:06.110 [http-nio-8080-exec-5] DEBUG c.z.z.alarm.dao.AlarmDao.queryAlarm_COUNT - ==> Parameters: 
2020-05-08 15:49:06.111 [http-nio-8080-exec-5] DEBUG c.z.z.alarm.dao.AlarmDao.queryAlarm_COUNT - <==      Total: 1
2020-05-08 15:49:06.111 [http-nio-8080-exec-5] DEBUG com.zt.ztgeoservice.alarm.dao.AlarmDao.queryAlarm - ==>  Preparing: SELECT id, "al_time", al_place, al_content, al_type, al_status, al_dealresult FROM zts_alarm order by id asc LIMIT ? 
2020-05-08 15:49:06.111 [http-nio-8080-exec-5] DEBUG com.zt.ztgeoservice.alarm.dao.AlarmDao.queryAlarm - ==> Parameters: 5(Integer)
2020-05-08 15:49:06.272 [http-nio-8080-exec-6] DEBUG c.z.z.alarm.dao.AlarmDao.queryAlarm_COUNT - ==>  Preparing: SELECT count(0) FROM zts_alarm 
2020-05-08 15:49:06.272 [http-nio-8080-exec-6] DEBUG c.z.z.alarm.dao.AlarmDao.queryAlarm_COUNT - ==> Parameters: 
2020-05-08 15:49:06.273 [http-nio-8080-exec-6] DEBUG c.z.z.alarm.dao.AlarmDao.queryAlarm_COUNT - <==      Total: 1
2020-05-08 15:49:06.273 [http-nio-8080-exec-6] DEBUG com.zt.ztgeoservice.alarm.dao.AlarmDao.queryAlarm - ==>  Preparing: SELECT id, "al_time", al_place, al_content, al_type, al_status, al_dealresult FROM zts_alarm order by id asc LIMIT ? 
2020-05-08 15:49:06.273 [http-nio-8080-exec-6] DEBUG com.zt.ztgeoservice.alarm.dao.AlarmDao.queryAlarm - ==> Parameters: 5(Integer)
2020-05-08 15:49:06.423 [http-nio-8080-exec-7] DEBUG c.z.z.alarm.dao.AlarmDao.queryAlarm_COUNT - ==>  Preparing: SELECT count(0) FROM zts_alarm 
2020-05-08 15:49:06.424 [http-nio-8080-exec-7] DEBUG c.z.z.alarm.dao.AlarmDao.queryAlarm_COUNT - ==> Parameters: 
2020-05-08 15:49:06.424 [http-nio-8080-exec-7] DEBUG c.z.z.alarm.dao.AlarmDao.queryAlarm_COUNT - <==      Total: 1
2020-05-08 15:49:06.425 [http-nio-8080-exec-7] DEBUG com.zt.ztgeoservice.alarm.dao.AlarmDao.queryAlarm - ==>  Preparing: SELECT id, "al_time", al_place, al_content, al_type, al_status, al_dealresult FROM zts_alarm order by id asc LIMIT ? 
2020-05-08 15:49:06.425 [http-nio-8080-exec-7] DEBUG com.zt.ztgeoservice.alarm.dao.AlarmDao.queryAlarm - ==> Parameters: 5(Integer)
2020-05-08 15:49:06.566 [http-nio-8080-exec-8] DEBUG c.z.z.alarm.dao.AlarmDao.queryAlarm_COUNT - ==>  Preparing: SELECT count(0) FROM zts_alarm 
2020-05-08 15:49:06.566 [http-nio-8080-exec-8] DEBUG c.z.z.alarm.dao.AlarmDao.queryAlarm_COUNT - ==> Parameters: 
2020-05-08 15:49:06.568 [http-nio-8080-exec-8] DEBUG c.z.z.alarm.dao.AlarmDao.queryAlarm_COUNT - <==      Total: 1
2020-05-08 15:49:06.569 [http-nio-8080-exec-8] DEBUG com.zt.ztgeoservice.alarm.dao.AlarmDao.queryAlarm - ==>  Preparing: SELECT id, "al_time", al_place, al_content, al_type, al_status, al_dealresult FROM zts_alarm order by id asc LIMIT ? 
2020-05-08 15:49:06.570 [http-nio-8080-exec-8] DEBUG com.zt.ztgeoservice.alarm.dao.AlarmDao.queryAlarm - ==> Parameters: 5(Integer)
2020-05-08 15:49:06.703 [http-nio-8080-exec-9] DEBUG c.z.z.alarm.dao.AlarmDao.queryAlarm_COUNT - ==>  Preparing: SELECT count(0) FROM zts_alarm 
2020-05-08 15:49:06.704 [http-nio-8080-exec-9] DEBUG c.z.z.alarm.dao.AlarmDao.queryAlarm_COUNT - ==> Parameters: 
2020-05-08 15:49:06.704 [http-nio-8080-exec-9] DEBUG c.z.z.alarm.dao.AlarmDao.queryAlarm_COUNT - <==      Total: 1
2020-05-08 15:49:06.705 [http-nio-8080-exec-9] DEBUG com.zt.ztgeoservice.alarm.dao.AlarmDao.queryAlarm - ==>  Preparing: SELECT id, "al_time", al_place, al_content, al_type, al_status, al_dealresult FROM zts_alarm order by id asc LIMIT ? 
2020-05-08 15:49:06.705 [http-nio-8080-exec-9] DEBUG com.zt.ztgeoservice.alarm.dao.AlarmDao.queryAlarm - ==> Parameters: 5(Integer)
2020-05-08 15:49:06.854 [http-nio-8080-exec-10] DEBUG c.z.z.alarm.dao.AlarmDao.queryAlarm_COUNT - ==>  Preparing: SELECT count(0) FROM zts_alarm 
2020-05-08 15:49:06.855 [http-nio-8080-exec-10] DEBUG c.z.z.alarm.dao.AlarmDao.queryAlarm_COUNT - ==> Parameters: 
2020-05-08 15:49:06.855 [http-nio-8080-exec-10] DEBUG c.z.z.alarm.dao.AlarmDao.queryAlarm_COUNT - <==      Total: 1
2020-05-08 15:49:06.856 [http-nio-8080-exec-10] DEBUG com.zt.ztgeoservice.alarm.dao.AlarmDao.queryAlarm - ==>  Preparing: SELECT id, "al_time", al_place, al_content, al_type, al_status, al_dealresult FROM zts_alarm order by id asc LIMIT ? 
2020-05-08 15:49:06.856 [http-nio-8080-exec-10] DEBUG com.zt.ztgeoservice.alarm.dao.AlarmDao.queryAlarm - ==> Parameters: 5(Integer)
2020-05-08 15:49:07.029 [http-nio-8080-exec-2] DEBUG c.z.z.alarm.dao.AlarmDao.queryAlarm_COUNT - ==>  Preparing: SELECT count(0) FROM zts_alarm 
2020-05-08 15:49:07.029 [http-nio-8080-exec-2] DEBUG c.z.z.alarm.dao.AlarmDao.queryAlarm_COUNT - ==> Parameters: 
2020-05-08 15:49:07.029 [http-nio-8080-exec-2] DEBUG c.z.z.alarm.dao.AlarmDao.queryAlarm_COUNT - <==      Total: 1
2020-05-08 15:49:07.030 [http-nio-8080-exec-2] DEBUG com.zt.ztgeoservice.alarm.dao.AlarmDao.queryAlarm - ==>  Preparing: SELECT id, "al_time", al_place, al_content, al_type, al_status, al_dealresult FROM zts_alarm order by id asc LIMIT ? 
2020-05-08 15:49:07.030 [http-nio-8080-exec-2] DEBUG com.zt.ztgeoservice.alarm.dao.AlarmDao.queryAlarm - ==> Parameters: 5(Integer)
2020-05-08 15:49:07.212 [http-nio-8080-exec-1] DEBUG c.z.z.alarm.dao.AlarmDao.queryAlarm_COUNT - ==>  Preparing: SELECT count(0) FROM zts_alarm 
2020-05-08 15:49:07.212 [http-nio-8080-exec-1] DEBUG c.z.z.alarm.dao.AlarmDao.queryAlarm_COUNT - ==> Parameters: 
2020-05-08 15:49:07.213 [http-nio-8080-exec-1] DEBUG c.z.z.alarm.dao.AlarmDao.queryAlarm_COUNT - <==      Total: 1
2020-05-08 15:49:07.214 [http-nio-8080-exec-1] DEBUG com.zt.ztgeoservice.alarm.dao.AlarmDao.queryAlarm - ==>  Preparing: SELECT id, "al_time", al_place, al_content, al_type, al_status, al_dealresult FROM zts_alarm order by id asc LIMIT ? 
2020-05-08 15:49:07.215 [http-nio-8080-exec-1] DEBUG com.zt.ztgeoservice.alarm.dao.AlarmDao.queryAlarm - ==> Parameters: 5(Integer)
2020-05-08 15:49:07.372 [http-nio-8080-exec-3] DEBUG c.z.z.alarm.dao.AlarmDao.queryAlarm_COUNT - ==>  Preparing: SELECT count(0) FROM zts_alarm 
2020-05-08 15:49:07.372 [http-nio-8080-exec-3] DEBUG c.z.z.alarm.dao.AlarmDao.queryAlarm_COUNT - ==> Parameters: 
2020-05-08 15:49:07.372 [http-nio-8080-exec-3] DEBUG c.z.z.alarm.dao.AlarmDao.queryAlarm_COUNT - <==      Total: 1
2020-05-08 15:49:07.374 [http-nio-8080-exec-3] DEBUG com.zt.ztgeoservice.alarm.dao.AlarmDao.queryAlarm - ==>  Preparing: SELECT id, "al_time", al_place, al_content, al_type, al_status, al_dealresult FROM zts_alarm order by id asc LIMIT ? 
2020-05-08 15:49:07.374 [http-nio-8080-exec-3] DEBUG com.zt.ztgeoservice.alarm.dao.AlarmDao.queryAlarm - ==> Parameters: 5(Integer)
2020-05-08 15:49:07.541 [http-nio-8080-exec-4] DEBUG c.z.z.alarm.dao.AlarmDao.queryAlarm_COUNT - ==>  Preparing: SELECT count(0) FROM zts_alarm 
2020-05-08 15:49:07.541 [http-nio-8080-exec-4] DEBUG c.z.z.alarm.dao.AlarmDao.queryAlarm_COUNT - ==> Parameters: 
2020-05-08 15:49:07.542 [http-nio-8080-exec-4] DEBUG c.z.z.alarm.dao.AlarmDao.queryAlarm_COUNT - <==      Total: 1
2020-05-08 15:49:07.542 [http-nio-8080-exec-4] DEBUG com.zt.ztgeoservice.alarm.dao.AlarmDao.queryAlarm - ==>  Preparing: SELECT id, "al_time", al_place, al_content, al_type, al_status, al_dealresult FROM zts_alarm order by id asc LIMIT ? 
2020-05-08 15:49:07.543 [http-nio-8080-exec-4] DEBUG com.zt.ztgeoservice.alarm.dao.AlarmDao.queryAlarm - ==> Parameters: 5(Integer)
2020-05-08 15:49:07.702 [http-nio-8080-exec-5] DEBUG c.z.z.alarm.dao.AlarmDao.queryAlarm_COUNT - ==>  Preparing: SELECT count(0) FROM zts_alarm 
2020-05-08 15:49:07.703 [http-nio-8080-exec-5] DEBUG c.z.z.alarm.dao.AlarmDao.queryAlarm_COUNT - ==> Parameters: 
2020-05-08 15:49:07.704 [http-nio-8080-exec-5] DEBUG c.z.z.alarm.dao.AlarmDao.queryAlarm_COUNT - <==      Total: 1
2020-05-08 15:49:07.705 [http-nio-8080-exec-5] DEBUG com.zt.ztgeoservice.alarm.dao.AlarmDao.queryAlarm - ==>  Preparing: SELECT id, "al_time", al_place, al_content, al_type, al_status, al_dealresult FROM zts_alarm order by id asc LIMIT ? 
2020-05-08 15:49:07.705 [http-nio-8080-exec-5] DEBUG com.zt.ztgeoservice.alarm.dao.AlarmDao.queryAlarm - ==> Parameters: 5(Integer)
2020-05-08 15:49:07.862 [http-nio-8080-exec-6] DEBUG c.z.z.alarm.dao.AlarmDao.queryAlarm_COUNT - ==>  Preparing: SELECT count(0) FROM zts_alarm 
2020-05-08 15:49:07.862 [http-nio-8080-exec-6] DEBUG c.z.z.alarm.dao.AlarmDao.queryAlarm_COUNT - ==> Parameters: 
2020-05-08 15:49:07.863 [http-nio-8080-exec-6] DEBUG c.z.z.alarm.dao.AlarmDao.queryAlarm_COUNT - <==      Total: 1
2020-05-08 15:49:07.865 [http-nio-8080-exec-6] DEBUG com.zt.ztgeoservice.alarm.dao.AlarmDao.queryAlarm - ==>  Preparing: SELECT id, "al_time", al_place, al_content, al_type, al_status, al_dealresult FROM zts_alarm order by id asc LIMIT ? 
2020-05-08 15:49:07.866 [http-nio-8080-exec-6] DEBUG com.zt.ztgeoservice.alarm.dao.AlarmDao.queryAlarm - ==> Parameters: 5(Integer)
2020-05-08 15:49:08.021 [http-nio-8080-exec-7] DEBUG c.z.z.alarm.dao.AlarmDao.queryAlarm_COUNT - ==>  Preparing: SELECT count(0) FROM zts_alarm 
2020-05-08 15:49:08.021 [http-nio-8080-exec-7] DEBUG c.z.z.alarm.dao.AlarmDao.queryAlarm_COUNT - ==> Parameters: 
2020-05-08 15:49:08.022 [http-nio-8080-exec-7] DEBUG c.z.z.alarm.dao.AlarmDao.queryAlarm_COUNT - <==      Total: 1
2020-05-08 15:49:08.023 [http-nio-8080-exec-7] DEBUG com.zt.ztgeoservice.alarm.dao.AlarmDao.queryAlarm - ==>  Preparing: SELECT id, "al_time", al_place, al_content, al_type, al_status, al_dealresult FROM zts_alarm order by id asc LIMIT ? 
2020-05-08 15:49:08.023 [http-nio-8080-exec-7] DEBUG com.zt.ztgeoservice.alarm.dao.AlarmDao.queryAlarm - ==> Parameters: 5(Integer)
2020-05-08 15:49:08.172 [http-nio-8080-exec-8] DEBUG c.z.z.alarm.dao.AlarmDao.queryAlarm_COUNT - ==>  Preparing: SELECT count(0) FROM zts_alarm 
2020-05-08 15:49:08.172 [http-nio-8080-exec-8] DEBUG c.z.z.alarm.dao.AlarmDao.queryAlarm_COUNT - ==> Parameters: 
2020-05-08 15:49:08.173 [http-nio-8080-exec-8] DEBUG c.z.z.alarm.dao.AlarmDao.queryAlarm_COUNT - <==      Total: 1
2020-05-08 15:49:08.173 [http-nio-8080-exec-8] DEBUG com.zt.ztgeoservice.alarm.dao.AlarmDao.queryAlarm - ==>  Preparing: SELECT id, "al_time", al_place, al_content, al_type, al_status, al_dealresult FROM zts_alarm order by id asc LIMIT ? 
2020-05-08 15:49:08.174 [http-nio-8080-exec-8] DEBUG com.zt.ztgeoservice.alarm.dao.AlarmDao.queryAlarm - ==> Parameters: 5(Integer)
2020-05-08 15:49:08.372 [http-nio-8080-exec-9] DEBUG c.z.z.alarm.dao.AlarmDao.queryAlarm_COUNT - ==>  Preparing: SELECT count(0) FROM zts_alarm 
2020-05-08 15:49:08.373 [http-nio-8080-exec-9] DEBUG c.z.z.alarm.dao.AlarmDao.queryAlarm_COUNT - ==> Parameters: 
2020-05-08 15:49:08.373 [http-nio-8080-exec-9] DEBUG c.z.z.alarm.dao.AlarmDao.queryAlarm_COUNT - <==      Total: 1
2020-05-08 15:49:08.374 [http-nio-8080-exec-9] DEBUG com.zt.ztgeoservice.alarm.dao.AlarmDao.queryAlarm - ==>  Preparing: SELECT id, "al_time", al_place, al_content, al_type, al_status, al_dealresult FROM zts_alarm order by id asc LIMIT ? 
2020-05-08 15:49:08.374 [http-nio-8080-exec-9] DEBUG com.zt.ztgeoservice.alarm.dao.AlarmDao.queryAlarm - ==> Parameters: 5(Integer)
2020-05-08 15:49:08.572 [http-nio-8080-exec-10] DEBUG c.z.z.alarm.dao.AlarmDao.queryAlarm_COUNT - ==>  Preparing: SELECT count(0) FROM zts_alarm 
2020-05-08 15:49:08.572 [http-nio-8080-exec-10] DEBUG c.z.z.alarm.dao.AlarmDao.queryAlarm_COUNT - ==> Parameters: 
2020-05-08 15:49:08.573 [http-nio-8080-exec-10] DEBUG c.z.z.alarm.dao.AlarmDao.queryAlarm_COUNT - <==      Total: 1
2020-05-08 15:49:08.573 [http-nio-8080-exec-10] DEBUG com.zt.ztgeoservice.alarm.dao.AlarmDao.queryAlarm - ==>  Preparing: SELECT id, "al_time", al_place, al_content, al_type, al_status, al_dealresult FROM zts_alarm order by id asc LIMIT ? 
2020-05-08 15:49:08.574 [http-nio-8080-exec-10] DEBUG com.zt.ztgeoservice.alarm.dao.AlarmDao.queryAlarm - ==> Parameters: 5(Integer)
2020-05-08 15:49:09.415 [http-nio-8080-exec-2] DEBUG c.z.z.alarm.dao.AlarmDao.queryAlarm_COUNT - ==>  Preparing: SELECT count(0) FROM zts_alarm 
2020-05-08 15:49:09.416 [http-nio-8080-exec-2] DEBUG c.z.z.alarm.dao.AlarmDao.queryAlarm_COUNT - ==> Parameters: 
2020-05-08 15:49:09.417 [http-nio-8080-exec-2] DEBUG c.z.z.alarm.dao.AlarmDao.queryAlarm_COUNT - <==      Total: 1
2020-05-08 15:49:09.418 [http-nio-8080-exec-2] DEBUG com.zt.ztgeoservice.alarm.dao.AlarmDao.queryAlarm - ==>  Preparing: SELECT id, "al_time", al_place, al_content, al_type, al_status, al_dealresult FROM zts_alarm order by id asc LIMIT ? 
2020-05-08 15:49:09.418 [http-nio-8080-exec-2] DEBUG com.zt.ztgeoservice.alarm.dao.AlarmDao.queryAlarm - ==> Parameters: 5(Integer)
2020-05-08 15:49:57.992 [main] DEBUG com.zt.ztgeoservice.ZtgeoserviceApplication - Running with Spring Boot v2.2.6.RELEASE, Spring v5.2.5.RELEASE
2020-05-08 15:50:05.820 [http-nio-8080-exec-2] DEBUG c.z.z.alarm.dao.AlarmDao.queryAlarm_COUNT - ==>  Preparing: select count(0) from (SELECT id, al_place, al_content, al_type, al_status, al_dealresult zts_alarm.al_time FROM zts_alarm order by id asc) tmp_count 
2020-05-08 15:50:05.829 [http-nio-8080-exec-2] DEBUG c.z.z.alarm.dao.AlarmDao.queryAlarm_COUNT - ==> Parameters: 
2020-05-08 15:50:06.847 [http-nio-8080-exec-1] DEBUG c.z.z.alarm.dao.AlarmDao.queryAlarm_COUNT - ==>  Preparing: select count(0) from (SELECT id, al_place, al_content, al_type, al_status, al_dealresult zts_alarm.al_time FROM zts_alarm order by id asc) tmp_count 
2020-05-08 15:50:06.848 [http-nio-8080-exec-1] DEBUG c.z.z.alarm.dao.AlarmDao.queryAlarm_COUNT - ==> Parameters: 
2020-05-08 15:50:07.934 [http-nio-8080-exec-4] DEBUG c.z.z.alarm.dao.AlarmDao.queryAlarm_COUNT - ==>  Preparing: select count(0) from (SELECT id, al_place, al_content, al_type, al_status, al_dealresult zts_alarm.al_time FROM zts_alarm order by id asc) tmp_count 
2020-05-08 15:50:07.935 [http-nio-8080-exec-4] DEBUG c.z.z.alarm.dao.AlarmDao.queryAlarm_COUNT - ==> Parameters: 
2020-05-08 15:50:41.126 [main] DEBUG com.zt.ztgeoservice.ZtgeoserviceApplication - Running with Spring Boot v2.2.6.RELEASE, Spring v5.2.5.RELEASE
2020-05-08 15:50:49.759 [http-nio-8080-exec-1] DEBUG c.z.z.alarm.dao.AlarmDao.queryAlarm_COUNT - ==>  Preparing: SELECT count(0) FROM zts_alarm 
2020-05-08 15:50:49.769 [http-nio-8080-exec-1] DEBUG c.z.z.alarm.dao.AlarmDao.queryAlarm_COUNT - ==> Parameters: 
2020-05-08 15:50:49.783 [http-nio-8080-exec-1] DEBUG c.z.z.alarm.dao.AlarmDao.queryAlarm_COUNT - <==      Total: 1
2020-05-08 15:50:49.787 [http-nio-8080-exec-1] DEBUG com.zt.ztgeoservice.alarm.dao.AlarmDao.queryAlarm - ==>  Preparing: SELECT id, "al_time", al_place, al_content, al_type, al_status, al_dealresult FROM zts_alarm order by id asc LIMIT ? 
2020-05-08 15:50:49.788 [http-nio-8080-exec-1] DEBUG com.zt.ztgeoservice.alarm.dao.AlarmDao.queryAlarm - ==> Parameters: 5(Integer)
2020-05-08 15:51:13.191 [main] DEBUG com.zt.ztgeoservice.ZtgeoserviceApplication - Running with Spring Boot v2.2.6.RELEASE, Spring v5.2.5.RELEASE
2020-05-08 15:51:18.027 [http-nio-8080-exec-2] DEBUG c.z.z.alarm.dao.AlarmDao.queryAlarm_COUNT - ==>  Preparing: SELECT count(0) FROM zts_alarm 
2020-05-08 15:51:18.037 [http-nio-8080-exec-2] DEBUG c.z.z.alarm.dao.AlarmDao.queryAlarm_COUNT - ==> Parameters: 
2020-05-08 15:51:18.051 [http-nio-8080-exec-2] DEBUG c.z.z.alarm.dao.AlarmDao.queryAlarm_COUNT - <==      Total: 1
2020-05-08 15:51:18.054 [http-nio-8080-exec-2] DEBUG com.zt.ztgeoservice.alarm.dao.AlarmDao.queryAlarm - ==>  Preparing: SELECT id, 'al_time', al_place, al_content, al_type, al_status, al_dealresult FROM zts_alarm order by id asc LIMIT ? 
2020-05-08 15:51:18.055 [http-nio-8080-exec-2] DEBUG com.zt.ztgeoservice.alarm.dao.AlarmDao.queryAlarm - ==> Parameters: 5(Integer)
2020-05-08 15:51:50.986 [main] DEBUG com.zt.ztgeoservice.ZtgeoserviceApplication - Running with Spring Boot v2.2.6.RELEASE, Spring v5.2.5.RELEASE
2020-05-08 15:51:58.569 [http-nio-8080-exec-2] DEBUG c.z.z.alarm.dao.AlarmDao.queryAlarm_COUNT - ==>  Preparing: SELECT count(0) FROM zts_alarm 
2020-05-08 15:51:58.579 [http-nio-8080-exec-2] DEBUG c.z.z.alarm.dao.AlarmDao.queryAlarm_COUNT - ==> Parameters: 
2020-05-08 15:51:58.593 [http-nio-8080-exec-2] DEBUG c.z.z.alarm.dao.AlarmDao.queryAlarm_COUNT - <==      Total: 1
2020-05-08 15:51:58.596 [http-nio-8080-exec-2] DEBUG com.zt.ztgeoservice.alarm.dao.AlarmDao.queryAlarm - ==>  Preparing: SELECT id, /* 'al_time',*/ al_place, al_content, al_type, al_status, al_dealresult FROM zts_alarm order by id asc LIMIT ? 
2020-05-08 15:51:58.598 [http-nio-8080-exec-2] DEBUG com.zt.ztgeoservice.alarm.dao.AlarmDao.queryAlarm - ==> Parameters: 5(Integer)
2020-05-08 15:53:19.019 [main] DEBUG com.zt.ztgeoservice.ZtgeoserviceApplication - Running with Spring Boot v2.2.6.RELEASE, Spring v5.2.5.RELEASE
2020-05-08 15:53:24.647 [http-nio-8080-exec-1] DEBUG c.z.z.alarm.dao.AlarmDao.queryAlarm_COUNT - ==>  Preparing: SELECT count(0) FROM zts_alarm 
2020-05-08 15:53:24.658 [http-nio-8080-exec-1] DEBUG c.z.z.alarm.dao.AlarmDao.queryAlarm_COUNT - ==> Parameters: 
2020-05-08 15:53:24.672 [http-nio-8080-exec-1] DEBUG c.z.z.alarm.dao.AlarmDao.queryAlarm_COUNT - <==      Total: 1
2020-05-08 15:53:26.191 [http-nio-8080-exec-2] DEBUG c.z.z.alarm.dao.AlarmDao.queryAlarm_COUNT - ==>  Preparing: SELECT count(0) FROM zts_alarm 
2020-05-08 15:53:26.191 [http-nio-8080-exec-2] DEBUG c.z.z.alarm.dao.AlarmDao.queryAlarm_COUNT - ==> Parameters: 
2020-05-08 15:53:26.193 [http-nio-8080-exec-2] DEBUG c.z.z.alarm.dao.AlarmDao.queryAlarm_COUNT - <==      Total: 1
2020-05-08 15:53:26.989 [http-nio-8080-exec-5] DEBUG c.z.z.alarm.dao.AlarmDao.queryAlarm_COUNT - ==>  Preparing: SELECT count(0) FROM zts_alarm 
2020-05-08 15:53:26.990 [http-nio-8080-exec-5] DEBUG c.z.z.alarm.dao.AlarmDao.queryAlarm_COUNT - ==> Parameters: 
2020-05-08 15:53:26.991 [http-nio-8080-exec-5] DEBUG c.z.z.alarm.dao.AlarmDao.queryAlarm_COUNT - <==      Total: 1
2020-05-08 15:53:27.411 [http-nio-8080-exec-3] DEBUG c.z.z.alarm.dao.AlarmDao.queryAlarm_COUNT - ==>  Preparing: SELECT count(0) FROM zts_alarm 
2020-05-08 15:53:27.412 [http-nio-8080-exec-3] DEBUG c.z.z.alarm.dao.AlarmDao.queryAlarm_COUNT - ==> Parameters: 
2020-05-08 15:53:27.413 [http-nio-8080-exec-3] DEBUG c.z.z.alarm.dao.AlarmDao.queryAlarm_COUNT - <==      Total: 1
2020-05-08 15:53:27.840 [http-nio-8080-exec-4] DEBUG c.z.z.alarm.dao.AlarmDao.queryAlarm_COUNT - ==>  Preparing: SELECT count(0) FROM zts_alarm 
2020-05-08 15:53:27.840 [http-nio-8080-exec-4] DEBUG c.z.z.alarm.dao.AlarmDao.queryAlarm_COUNT - ==> Parameters: 
2020-05-08 15:53:27.842 [http-nio-8080-exec-4] DEBUG c.z.z.alarm.dao.AlarmDao.queryAlarm_COUNT - <==      Total: 1
2020-05-08 15:53:28.071 [http-nio-8080-exec-6] DEBUG c.z.z.alarm.dao.AlarmDao.queryAlarm_COUNT - ==>  Preparing: SELECT count(0) FROM zts_alarm 
2020-05-08 15:53:28.071 [http-nio-8080-exec-6] DEBUG c.z.z.alarm.dao.AlarmDao.queryAlarm_COUNT - ==> Parameters: 
2020-05-08 15:53:28.073 [http-nio-8080-exec-6] DEBUG c.z.z.alarm.dao.AlarmDao.queryAlarm_COUNT - <==      Total: 1
2020-05-08 15:53:28.323 [http-nio-8080-exec-7] DEBUG c.z.z.alarm.dao.AlarmDao.queryAlarm_COUNT - ==>  Preparing: SELECT count(0) FROM zts_alarm 
2020-05-08 15:53:28.324 [http-nio-8080-exec-7] DEBUG c.z.z.alarm.dao.AlarmDao.queryAlarm_COUNT - ==> Parameters: 
2020-05-08 15:53:28.324 [http-nio-8080-exec-7] DEBUG c.z.z.alarm.dao.AlarmDao.queryAlarm_COUNT - <==      Total: 1
2020-05-08 15:53:28.541 [http-nio-8080-exec-8] DEBUG c.z.z.alarm.dao.AlarmDao.queryAlarm_COUNT - ==>  Preparing: SELECT count(0) FROM zts_alarm 
2020-05-08 15:53:28.541 [http-nio-8080-exec-8] DEBUG c.z.z.alarm.dao.AlarmDao.queryAlarm_COUNT - ==> Parameters: 
2020-05-08 15:53:28.542 [http-nio-8080-exec-8] DEBUG c.z.z.alarm.dao.AlarmDao.queryAlarm_COUNT - <==      Total: 1
2020-05-08 15:53:28.734 [http-nio-8080-exec-9] DEBUG c.z.z.alarm.dao.AlarmDao.queryAlarm_COUNT - ==>  Preparing: SELECT count(0) FROM zts_alarm 
2020-05-08 15:53:28.734 [http-nio-8080-exec-9] DEBUG c.z.z.alarm.dao.AlarmDao.queryAlarm_COUNT - ==> Parameters: 
2020-05-08 15:53:28.735 [http-nio-8080-exec-9] DEBUG c.z.z.alarm.dao.AlarmDao.queryAlarm_COUNT - <==      Total: 1
2020-05-08 15:53:28.918 [http-nio-8080-exec-10] DEBUG c.z.z.alarm.dao.AlarmDao.queryAlarm_COUNT - ==>  Preparing: SELECT count(0) FROM zts_alarm 
2020-05-08 15:53:28.918 [http-nio-8080-exec-10] DEBUG c.z.z.alarm.dao.AlarmDao.queryAlarm_COUNT - ==> Parameters: 
2020-05-08 15:53:28.919 [http-nio-8080-exec-10] DEBUG c.z.z.alarm.dao.AlarmDao.queryAlarm_COUNT - <==      Total: 1
2020-05-08 15:53:29.092 [http-nio-8080-exec-1] DEBUG c.z.z.alarm.dao.AlarmDao.queryAlarm_COUNT - ==>  Preparing: SELECT count(0) FROM zts_alarm 
2020-05-08 15:53:29.092 [http-nio-8080-exec-1] DEBUG c.z.z.alarm.dao.AlarmDao.queryAlarm_COUNT - ==> Parameters: 
2020-05-08 15:53:29.093 [http-nio-8080-exec-1] DEBUG c.z.z.alarm.dao.AlarmDao.queryAlarm_COUNT - <==      Total: 1
2020-05-08 15:53:29.271 [http-nio-8080-exec-2] DEBUG c.z.z.alarm.dao.AlarmDao.queryAlarm_COUNT - ==>  Preparing: SELECT count(0) FROM zts_alarm 
2020-05-08 15:53:29.271 [http-nio-8080-exec-2] DEBUG c.z.z.alarm.dao.AlarmDao.queryAlarm_COUNT - ==> Parameters: 
2020-05-08 15:53:29.272 [http-nio-8080-exec-2] DEBUG c.z.z.alarm.dao.AlarmDao.queryAlarm_COUNT - <==      Total: 1
2020-05-08 15:53:29.438 [http-nio-8080-exec-5] DEBUG c.z.z.alarm.dao.AlarmDao.queryAlarm_COUNT - ==>  Preparing: SELECT count(0) FROM zts_alarm 
2020-05-08 15:53:29.438 [http-nio-8080-exec-5] DEBUG c.z.z.alarm.dao.AlarmDao.queryAlarm_COUNT - ==> Parameters: 
2020-05-08 15:53:29.439 [http-nio-8080-exec-5] DEBUG c.z.z.alarm.dao.AlarmDao.queryAlarm_COUNT - <==      Total: 1
2020-05-08 15:53:29.621 [http-nio-8080-exec-3] DEBUG c.z.z.alarm.dao.AlarmDao.queryAlarm_COUNT - ==>  Preparing: SELECT count(0) FROM zts_alarm 
2020-05-08 15:53:29.621 [http-nio-8080-exec-3] DEBUG c.z.z.alarm.dao.AlarmDao.queryAlarm_COUNT - ==> Parameters: 
2020-05-08 15:53:29.622 [http-nio-8080-exec-3] DEBUG c.z.z.alarm.dao.AlarmDao.queryAlarm_COUNT - <==      Total: 1
2020-05-08 15:57:28.710 [main] DEBUG com.zt.ztgeoservice.ZtgeoserviceApplication - Running with Spring Boot v2.2.6.RELEASE, Spring v5.2.5.RELEASE
2020-05-08 16:03:37.340 [main] DEBUG com.zt.ztgeoservice.ZtgeoserviceApplication - Running with Spring Boot v2.2.6.RELEASE, Spring v5.2.5.RELEASE
2020-05-08 16:03:51.061 [http-nio-8080-exec-2] DEBUG c.z.z.alarm.dao.AlarmDao.queryAlarm_COUNT - ==>  Preparing: SELECT count(0) FROM zts_alarm 
2020-05-08 16:03:51.072 [http-nio-8080-exec-2] DEBUG c.z.z.alarm.dao.AlarmDao.queryAlarm_COUNT - ==> Parameters: 
2020-05-08 16:03:51.087 [http-nio-8080-exec-2] DEBUG c.z.z.alarm.dao.AlarmDao.queryAlarm_COUNT - <==      Total: 1
2020-05-08 17:47:10.322 [main] DEBUG com.zt.ztgeoservice.ZtgeoserviceApplication - Running with Spring Boot v2.2.6.RELEASE, Spring v5.2.5.RELEASE
2020-05-08 17:47:24.969 [http-nio-8080-exec-1] DEBUG com.zt.ztgeoservice.count.dao.CountDao.countPeople - ==>  Preparing: SELECT COUNT (0) FROM zts_people 
2020-05-08 17:47:24.979 [http-nio-8080-exec-1] DEBUG com.zt.ztgeoservice.count.dao.CountDao.countPeople - ==> Parameters: 
2020-05-08 17:50:41.521 [main] DEBUG com.zt.ztgeoservice.ZtgeoserviceApplication - Running with Spring Boot v2.2.6.RELEASE, Spring v5.2.5.RELEASE
2020-05-08 17:50:50.342 [http-nio-8080-exec-1] DEBUG com.zt.ztgeoservice.count.dao.CountDao.countPeople - ==>  Preparing: SELECT COUNT (0) FROM zts_people 
2020-05-08 17:50:50.351 [http-nio-8080-exec-1] DEBUG com.zt.ztgeoservice.count.dao.CountDao.countPeople - ==> Parameters: 
2020-05-08 17:51:46.326 [main] DEBUG com.zt.ztgeoservice.ZtgeoserviceApplication - Running with Spring Boot v2.2.6.RELEASE, Spring v5.2.5.RELEASE
2020-05-08 17:51:53.352 [http-nio-8080-exec-2] DEBUG com.zt.ztgeoservice.count.dao.CountDao.countPeople - ==>  Preparing: SELECT COUNT (0) FROM zts_people 
2020-05-08 17:51:53.363 [http-nio-8080-exec-2] DEBUG com.zt.ztgeoservice.count.dao.CountDao.countPeople - ==> Parameters: 
2020-05-08 17:51:53.377 [http-nio-8080-exec-2] DEBUG com.zt.ztgeoservice.count.dao.CountDao.countPeople - <==      Total: 1
2020-05-08 17:54:07.699 [main] DEBUG com.zt.ztgeoservice.ZtgeoserviceApplication - Running with Spring Boot v2.2.6.RELEASE, Spring v5.2.5.RELEASE
2020-05-08 17:54:18.759 [http-nio-8080-exec-2] DEBUG com.zt.ztgeoservice.count.dao.CountDao.countPeople - ==>  Preparing: SELECT COUNT (0) FROM zts_people 
2020-05-08 17:54:18.768 [http-nio-8080-exec-2] DEBUG com.zt.ztgeoservice.count.dao.CountDao.countPeople - ==> Parameters: 
2020-05-08 17:54:18.781 [http-nio-8080-exec-2] DEBUG com.zt.ztgeoservice.count.dao.CountDao.countPeople - <==      Total: 1
2020-05-08 17:55:02.665 [main] DEBUG com.zt.ztgeoservice.ZtgeoserviceApplication - Running with Spring Boot v2.2.6.RELEASE, Spring v5.2.5.RELEASE
2020-05-08 17:55:08.320 [http-nio-8080-exec-2] DEBUG com.zt.ztgeoservice.count.dao.CountDao.countPeople - ==>  Preparing: SELECT COUNT (0) FROM zts_people 
2020-05-08 17:55:08.331 [http-nio-8080-exec-2] DEBUG com.zt.ztgeoservice.count.dao.CountDao.countPeople - ==> Parameters: 
2020-05-08 17:55:08.345 [http-nio-8080-exec-2] DEBUG com.zt.ztgeoservice.count.dao.CountDao.countPeople - <==      Total: 1
2020-05-08 17:57:35.919 [http-nio-8080-exec-3] DEBUG com.zt.ztgeoservice.count.dao.CountDao.countPeople - ==>  Preparing: SELECT COUNT (0) FROM zts_people 
2020-05-08 17:57:35.920 [http-nio-8080-exec-3] DEBUG com.zt.ztgeoservice.count.dao.CountDao.countPeople - ==> Parameters: 
2020-05-08 17:57:35.923 [http-nio-8080-exec-3] DEBUG com.zt.ztgeoservice.count.dao.CountDao.countPeople - <==      Total: 1
2020-05-08 17:57:59.543 [main] DEBUG com.zt.ztgeoservice.ZtgeoserviceApplication - Running with Spring Boot v2.2.6.RELEASE, Spring v5.2.5.RELEASE
2020-05-08 17:58:08.532 [http-nio-8080-exec-2] DEBUG com.zt.ztgeoservice.count.dao.CountDao.countPeople - ==>  Preparing: SELECT COUNT (0) FROM zts_people 
2020-05-08 17:58:08.772 [http-nio-8080-exec-2] DEBUG com.zt.ztgeoservice.count.dao.CountDao.countPeople - ==> Parameters: 
2020-05-08 17:58:08.951 [http-nio-8080-exec-2] DEBUG com.zt.ztgeoservice.count.dao.CountDao.countPeople - <==      Total: 1
2020-05-08 17:58:10.555 [http-nio-8080-exec-2] DEBUG com.zt.ztgeoservice.count.dao.CountDao.countHouses - ==>  Preparing: SELECT COUNT (0) FROM zts_houses 
2020-05-08 17:58:10.557 [http-nio-8080-exec-2] DEBUG com.zt.ztgeoservice.count.dao.CountDao.countHouses - ==> Parameters: 
2020-05-08 17:58:10.559 [http-nio-8080-exec-2] DEBUG com.zt.ztgeoservice.count.dao.CountDao.countHouses - <==      Total: 1
2020-05-08 17:58:11.172 [http-nio-8080-exec-2] DEBUG c.zt.ztgeoservice.count.dao.CountDao.countParking - ==>  Preparing: SELECT COUNT (0) FROM zts_parking 
2020-05-08 17:58:11.174 [http-nio-8080-exec-2] DEBUG c.zt.ztgeoservice.count.dao.CountDao.countParking - ==> Parameters: 
2020-05-08 17:58:11.178 [http-nio-8080-exec-2] DEBUG c.zt.ztgeoservice.count.dao.CountDao.countParking - <==      Total: 1
2020-05-08 17:58:12.284 [http-nio-8080-exec-2] DEBUG c.z.z.count.dao.CountDao.countParkingrecord - ==>  Preparing: SELECT COUNT (0) FROM zts_parkingrecord 
2020-05-08 17:58:12.286 [http-nio-8080-exec-2] DEBUG c.z.z.count.dao.CountDao.countParkingrecord - ==> Parameters: 
2020-05-08 17:58:12.289 [http-nio-8080-exec-2] DEBUG c.z.z.count.dao.CountDao.countParkingrecord - <==      Total: 1
2020-05-08 18:01:38.390 [main] DEBUG com.zt.ztgeoservice.ZtgeoserviceApplication - Running with Spring Boot v2.2.6.RELEASE, Spring v5.2.5.RELEASE
2020-05-08 18:02:04.748 [http-nio-8080-exec-2] DEBUG com.zt.ztgeoservice.count.dao.CountDao.countPeople - ==>  Preparing: SELECT COUNT (0) FROM zts_people 
2020-05-08 18:02:04.991 [http-nio-8080-exec-2] DEBUG com.zt.ztgeoservice.count.dao.CountDao.countPeople - ==> Parameters: 
2020-05-08 18:02:05.172 [http-nio-8080-exec-2] DEBUG com.zt.ztgeoservice.count.dao.CountDao.countPeople - <==      Total: 1
2020-05-08 18:02:06.108 [http-nio-8080-exec-2] DEBUG com.zt.ztgeoservice.count.dao.CountDao.countHouses - ==>  Preparing: SELECT COUNT (0) FROM zts_houses 
2020-05-08 18:02:06.109 [http-nio-8080-exec-2] DEBUG com.zt.ztgeoservice.count.dao.CountDao.countHouses - ==> Parameters: 
2020-05-08 18:02:06.111 [http-nio-8080-exec-2] DEBUG com.zt.ztgeoservice.count.dao.CountDao.countHouses - <==      Total: 1
2020-05-08 18:02:06.675 [http-nio-8080-exec-2] DEBUG c.zt.ztgeoservice.count.dao.CountDao.countParking - ==>  Preparing: SELECT COUNT (0) FROM zts_parking 
2020-05-08 18:02:06.677 [http-nio-8080-exec-2] DEBUG c.zt.ztgeoservice.count.dao.CountDao.countParking - ==> Parameters: 
2020-05-08 18:02:06.679 [http-nio-8080-exec-2] DEBUG c.zt.ztgeoservice.count.dao.CountDao.countParking - <==      Total: 1
2020-05-08 18:02:07.179 [http-nio-8080-exec-2] DEBUG c.z.z.count.dao.CountDao.countParkingrecord - ==>  Preparing: SELECT COUNT (0) FROM zts_parkingrecord 
2020-05-08 18:02:07.180 [http-nio-8080-exec-2] DEBUG c.z.z.count.dao.CountDao.countParkingrecord - ==> Parameters: 
2020-05-08 18:02:07.183 [http-nio-8080-exec-2] DEBUG c.z.z.count.dao.CountDao.countParkingrecord - <==      Total: 1
2020-05-08 18:02:44.593 [main] DEBUG com.zt.ztgeoservice.ZtgeoserviceApplication - Running with Spring Boot v2.2.6.RELEASE, Spring v5.2.5.RELEASE
2020-05-08 18:02:54.358 [http-nio-8080-exec-1] DEBUG com.zt.ztgeoservice.count.dao.CountDao.countPeople - ==>  Preparing: SELECT COUNT (0) FROM zts_people 
2020-05-08 18:02:54.367 [http-nio-8080-exec-1] DEBUG com.zt.ztgeoservice.count.dao.CountDao.countPeople - ==> Parameters: 
2020-05-08 18:02:54.382 [http-nio-8080-exec-1] DEBUG com.zt.ztgeoservice.count.dao.CountDao.countPeople - <==      Total: 1
2020-05-08 18:02:54.389 [http-nio-8080-exec-1] DEBUG com.zt.ztgeoservice.count.dao.CountDao.countHouses - ==>  Preparing: SELECT COUNT (0) FROM zts_houses 
2020-05-08 18:02:54.389 [http-nio-8080-exec-1] DEBUG com.zt.ztgeoservice.count.dao.CountDao.countHouses - ==> Parameters: 
2020-05-08 18:02:54.390 [http-nio-8080-exec-1] DEBUG com.zt.ztgeoservice.count.dao.CountDao.countHouses - <==      Total: 1
2020-05-08 18:02:54.391 [http-nio-8080-exec-1] DEBUG c.zt.ztgeoservice.count.dao.CountDao.countParking - ==>  Preparing: SELECT COUNT (0) FROM zts_parking 
2020-05-08 18:02:54.391 [http-nio-8080-exec-1] DEBUG c.zt.ztgeoservice.count.dao.CountDao.countParking - ==> Parameters: 
2020-05-08 18:02:54.392 [http-nio-8080-exec-1] DEBUG c.zt.ztgeoservice.count.dao.CountDao.countParking - <==      Total: 1
2020-05-08 18:02:54.393 [http-nio-8080-exec-1] DEBUG c.z.z.count.dao.CountDao.countParkingrecord - ==>  Preparing: SELECT COUNT (0) FROM zts_parkingrecord 
2020-05-08 18:02:54.393 [http-nio-8080-exec-1] DEBUG c.z.z.count.dao.CountDao.countParkingrecord - ==> Parameters: 
2020-05-08 18:02:54.394 [http-nio-8080-exec-1] DEBUG c.z.z.count.dao.CountDao.countParkingrecord - <==      Total: 1
2020-05-08 18:10:06.965 [main] DEBUG com.zt.ztgeoservice.ZtgeoserviceApplication - Running with Spring Boot v2.2.6.RELEASE, Spring v5.2.5.RELEASE
2020-05-08 18:10:15.620 [http-nio-8080-exec-1] DEBUG com.zt.ztgeoservice.count.dao.CountDao.countPeople - ==>  Preparing: SELECT COUNT (0) FROM zts_people 
2020-05-08 18:10:15.630 [http-nio-8080-exec-1] DEBUG com.zt.ztgeoservice.count.dao.CountDao.countPeople - ==> Parameters: 
2020-05-08 18:10:15.644 [http-nio-8080-exec-1] DEBUG com.zt.ztgeoservice.count.dao.CountDao.countPeople - <==      Total: 1
2020-05-08 18:10:15.650 [http-nio-8080-exec-1] DEBUG com.zt.ztgeoservice.count.dao.CountDao.countHouses - ==>  Preparing: SELECT COUNT (0) FROM zts_houses 
2020-05-08 18:10:15.650 [http-nio-8080-exec-1] DEBUG com.zt.ztgeoservice.count.dao.CountDao.countHouses - ==> Parameters: 
2020-05-08 18:10:15.652 [http-nio-8080-exec-1] DEBUG com.zt.ztgeoservice.count.dao.CountDao.countHouses - <==      Total: 1
2020-05-08 18:10:15.652 [http-nio-8080-exec-1] DEBUG c.zt.ztgeoservice.count.dao.CountDao.countParking - ==>  Preparing: SELECT COUNT (0) FROM zts_parking 
2020-05-08 18:10:15.652 [http-nio-8080-exec-1] DEBUG c.zt.ztgeoservice.count.dao.CountDao.countParking - ==> Parameters: 
2020-05-08 18:10:15.653 [http-nio-8080-exec-1] DEBUG c.zt.ztgeoservice.count.dao.CountDao.countParking - <==      Total: 1
2020-05-08 18:10:15.653 [http-nio-8080-exec-1] DEBUG c.z.z.count.dao.CountDao.countParkingrecord - ==>  Preparing: SELECT COUNT (0) FROM zts_parkingrecord 
2020-05-08 18:10:15.653 [http-nio-8080-exec-1] DEBUG c.z.z.count.dao.CountDao.countParkingrecord - ==> Parameters: 
2020-05-08 18:10:15.654 [http-nio-8080-exec-1] DEBUG c.z.z.count.dao.CountDao.countParkingrecord - <==      Total: 1
2020-05-08 18:20:49.432 [http-nio-8080-exec-4] DEBUG com.zt.ztgeoservice.count.dao.CountDao.countPeople - ==>  Preparing: SELECT COUNT (0) FROM zts_people 
2020-05-08 18:20:49.433 [http-nio-8080-exec-4] DEBUG com.zt.ztgeoservice.count.dao.CountDao.countPeople - ==> Parameters: 
2020-05-08 18:20:49.435 [http-nio-8080-exec-4] DEBUG com.zt.ztgeoservice.count.dao.CountDao.countPeople - <==      Total: 1
2020-05-08 18:20:49.435 [http-nio-8080-exec-4] DEBUG com.zt.ztgeoservice.count.dao.CountDao.countHouses - ==>  Preparing: SELECT COUNT (0) FROM zts_houses 
2020-05-08 18:20:49.435 [http-nio-8080-exec-4] DEBUG com.zt.ztgeoservice.count.dao.CountDao.countHouses - ==> Parameters: 
2020-05-08 18:20:49.436 [http-nio-8080-exec-4] DEBUG com.zt.ztgeoservice.count.dao.CountDao.countHouses - <==      Total: 1
2020-05-08 18:20:49.436 [http-nio-8080-exec-4] DEBUG c.zt.ztgeoservice.count.dao.CountDao.countParking - ==>  Preparing: SELECT COUNT (0) FROM zts_parking 
2020-05-08 18:20:49.437 [http-nio-8080-exec-4] DEBUG c.zt.ztgeoservice.count.dao.CountDao.countParking - ==> Parameters: 
2020-05-08 18:20:49.437 [http-nio-8080-exec-4] DEBUG c.zt.ztgeoservice.count.dao.CountDao.countParking - <==      Total: 1
2020-05-08 18:20:49.438 [http-nio-8080-exec-4] DEBUG c.z.z.count.dao.CountDao.countParkingrecord - ==>  Preparing: SELECT COUNT (0) FROM zts_parkingrecord 
2020-05-08 18:20:49.438 [http-nio-8080-exec-4] DEBUG c.z.z.count.dao.CountDao.countParkingrecord - ==> Parameters: 
2020-05-08 18:20:49.439 [http-nio-8080-exec-4] DEBUG c.z.z.count.dao.CountDao.countParkingrecord - <==      Total: 1
2020-05-08 18:20:49.949 [http-nio-8080-exec-5] DEBUG com.zt.ztgeoservice.count.dao.CountDao.countPeople - ==>  Preparing: SELECT COUNT (0) FROM zts_people 
2020-05-08 18:20:49.949 [http-nio-8080-exec-5] DEBUG com.zt.ztgeoservice.count.dao.CountDao.countPeople - ==> Parameters: 
2020-05-08 18:20:49.950 [http-nio-8080-exec-5] DEBUG com.zt.ztgeoservice.count.dao.CountDao.countPeople - <==      Total: 1
2020-05-08 18:20:49.950 [http-nio-8080-exec-5] DEBUG com.zt.ztgeoservice.count.dao.CountDao.countHouses - ==>  Preparing: SELECT COUNT (0) FROM zts_houses 
2020-05-08 18:20:49.950 [http-nio-8080-exec-5] DEBUG com.zt.ztgeoservice.count.dao.CountDao.countHouses - ==> Parameters: 
2020-05-08 18:20:49.951 [http-nio-8080-exec-5] DEBUG com.zt.ztgeoservice.count.dao.CountDao.countHouses - <==      Total: 1
2020-05-08 18:20:49.952 [http-nio-8080-exec-5] DEBUG c.zt.ztgeoservice.count.dao.CountDao.countParking - ==>  Preparing: SELECT COUNT (0) FROM zts_parking 
2020-05-08 18:20:49.952 [http-nio-8080-exec-5] DEBUG c.zt.ztgeoservice.count.dao.CountDao.countParking - ==> Parameters: 
2020-05-08 18:20:49.952 [http-nio-8080-exec-5] DEBUG c.zt.ztgeoservice.count.dao.CountDao.countParking - <==      Total: 1
2020-05-08 18:20:49.953 [http-nio-8080-exec-5] DEBUG c.z.z.count.dao.CountDao.countParkingrecord - ==>  Preparing: SELECT COUNT (0) FROM zts_parkingrecord 
2020-05-08 18:20:49.953 [http-nio-8080-exec-5] DEBUG c.z.z.count.dao.CountDao.countParkingrecord - ==> Parameters: 
2020-05-08 18:20:49.954 [http-nio-8080-exec-5] DEBUG c.z.z.count.dao.CountDao.countParkingrecord - <==      Total: 1
2020-05-08 18:20:50.443 [http-nio-8080-exec-6] DEBUG com.zt.ztgeoservice.count.dao.CountDao.countPeople - ==>  Preparing: SELECT COUNT (0) FROM zts_people 
2020-05-08 18:20:50.444 [http-nio-8080-exec-6] DEBUG com.zt.ztgeoservice.count.dao.CountDao.countPeople - ==> Parameters: 
2020-05-08 18:20:50.445 [http-nio-8080-exec-6] DEBUG com.zt.ztgeoservice.count.dao.CountDao.countPeople - <==      Total: 1
2020-05-08 18:20:50.446 [http-nio-8080-exec-6] DEBUG com.zt.ztgeoservice.count.dao.CountDao.countHouses - ==>  Preparing: SELECT COUNT (0) FROM zts_houses 
2020-05-08 18:20:50.446 [http-nio-8080-exec-6] DEBUG com.zt.ztgeoservice.count.dao.CountDao.countHouses - ==> Parameters: 
2020-05-08 18:20:50.447 [http-nio-8080-exec-6] DEBUG com.zt.ztgeoservice.count.dao.CountDao.countHouses - <==      Total: 1
2020-05-08 18:20:50.447 [http-nio-8080-exec-6] DEBUG c.zt.ztgeoservice.count.dao.CountDao.countParking - ==>  Preparing: SELECT COUNT (0) FROM zts_parking 
2020-05-08 18:20:50.448 [http-nio-8080-exec-6] DEBUG c.zt.ztgeoservice.count.dao.CountDao.countParking - ==> Parameters: 
2020-05-08 18:20:50.449 [http-nio-8080-exec-6] DEBUG c.zt.ztgeoservice.count.dao.CountDao.countParking - <==      Total: 1
2020-05-08 18:20:50.449 [http-nio-8080-exec-6] DEBUG c.z.z.count.dao.CountDao.countParkingrecord - ==>  Preparing: SELECT COUNT (0) FROM zts_parkingrecord 
2020-05-08 18:20:50.450 [http-nio-8080-exec-6] DEBUG c.z.z.count.dao.CountDao.countParkingrecord - ==> Parameters: 
2020-05-08 18:20:50.452 [http-nio-8080-exec-6] DEBUG c.z.z.count.dao.CountDao.countParkingrecord - <==      Total: 1
